//-------------------------- 12/10/2011 -- 07:46:39 -----
Processor Init:
   Intel Pentium II, ~2.67 Ghz
     (timed at roughly 2.67 Ghz)
   FPU detected
   MMX detected
   SSE detected
 
Math Init:
   Installing Standard C extensions
   Installing Assembly extensions
   Installing FPU extensions
   Installing MMX extensions
   Installing SSE extensions
 
Input Init:
   DirectInput enabled.

Initializing chunk mappings...
Could not load this GL function: glGenTextures
Could not load this GL function: glBindTexture
Could not load this GL function: glTexImage2D
Could not load this GL function: glTexParameteri
Could not load this GL function: glTexParameteri
Could not load this GL function: glTexParameteri
Could not load this GL function: glTexParameteri
Could not load this GL function: glGenTextures
Could not load this GL function: glBindTexture
Could not load this GL function: glTexImage2D
Could not load this GL function: glTexParameteri
Could not load this GL function: glTexParameteri
Could not load this GL function: glTexParameteri
Could not load this GL function: glTexParameteri
   o 'TEXT' maps to TextChunk
   o 'SCHK' maps to UnknownChunk
   o 'SCHK' maps to SimChunk
Loading compiled script C:/Users/123/Dropbox/Stevens/Fall 2011_Shared/Team Soybean - Yang, Xinlei, Tuo, Renyuan/Project Source Code/BattleDrum - Original Edition/common/main.cs.
Loading compiled script C:/Users/123/Dropbox/Stevens/Fall 2011_Shared/Team Soybean - Yang, Xinlei, Tuo, Renyuan/Project Source Code/BattleDrum - Original Edition/game/main.cs.
 % - Initializing Common
Loading compiled script C:/Users/123/Dropbox/Stevens/Fall 2011_Shared/Team Soybean - Yang, Xinlei, Tuo, Renyuan/Project Source Code/BattleDrum - Original Edition/common/preferences/defaultPrefs.cs.
Reading Display Device information...
   Primary Display Device Found:
      Vendor Id: VEN_0000
      Device Id: DEV_0000

Using OpenGL rendering. Fullscreen: 0

Loading compiled script C:/Users/123/Dropbox/Stevens/Fall 2011_Shared/Team Soybean - Yang, Xinlei, Tuo, Renyuan/Project Source Code/BattleDrum - Original Edition/common/gameScripts/xml.cs.
Loading compiled script C:/Users/123/Dropbox/Stevens/Fall 2011_Shared/Team Soybean - Yang, Xinlei, Tuo, Renyuan/Project Source Code/BattleDrum - Original Edition/common/gameScripts/properties.cs.
Loading compiled script C:/Users/123/Dropbox/Stevens/Fall 2011_Shared/Team Soybean - Yang, Xinlei, Tuo, Renyuan/Project Source Code/BattleDrum - Original Edition/common/gameScripts/common.cs.
Loading compiled script C:/Users/123/Dropbox/Stevens/Fall 2011_Shared/Team Soybean - Yang, Xinlei, Tuo, Renyuan/Project Source Code/BattleDrum - Original Edition/common/gameScripts/audio.cs.
Loading compiled script C:/Users/123/Dropbox/Stevens/Fall 2011_Shared/Team Soybean - Yang, Xinlei, Tuo, Renyuan/Project Source Code/BattleDrum - Original Edition/common/gameScripts/canvas.cs.
Loading compiled script C:/Users/123/Dropbox/Stevens/Fall 2011_Shared/Team Soybean - Yang, Xinlei, Tuo, Renyuan/Project Source Code/BattleDrum - Original Edition/common/gameScripts/cursor.cs.
Video Init:
   Accelerated OpenGL display device detected.
   Accelerated D3D device detected.
   Voodoo 2 display device not detected.

Activating the OpenGL display device...
Activating the OpenGL display device...
Setting screen mode to 800x600x32 (w)...
Creating a new window...
Acquiring a new device context...
Pixel format set:
  32 color bits, 24 depth bits, 8 stencil bits
Creating a new rendering context...
Making the new rendering context current...
OpenGL driver information:
  Vendor: ATI Technologies Inc.
  Renderer: ATI Mobility Radeon HD 5650
  Version: 2.1.9117
OpenGL Init: Enabled Extensions
  ARB_multitexture (Max Texture Units: 8)
  EXT_blend_color
  EXT_blend_minmax
  EXT_compiled_vertex_array
  EXT_texture_env_combine
  EXT_packed_pixels
  EXT_fog_coord
  ARB_texture_compression
  EXT_texture_compression_s3tc
  (ARB|EXT)_texture_env_add
  EXT_texture_filter_anisotropic (Max anisotropy: 16)
  WGL_EXT_swap_control
OpenGL Init: Disabled Extensions
  EXT_paletted_texture
  NV_vertex_array_range
  3DFX_texture_compression_FXT1

Max Texture Size reported as: 16384
OpenAL Driver Init:
   Vendor: Creative Labs Inc.
   Version: OpenAL 1.0
   Renderer: Software
   Extensions: EAX 2.0, EAX 3.0, EAX Unified, and EAX-AC3

Loading compiled script C:/Users/123/Dropbox/Stevens/Fall 2011_Shared/Team Soybean - Yang, Xinlei, Tuo, Renyuan/Project Source Code/BattleDrum - Original Edition/common/gui/profiles.cs.
Loading compiled script C:/Users/123/Dropbox/Stevens/Fall 2011_Shared/Team Soybean - Yang, Xinlei, Tuo, Renyuan/Project Source Code/BattleDrum - Original Edition/common/gui/cursors.cs.
Loading compiled script C:/Users/123/Dropbox/Stevens/Fall 2011_Shared/Team Soybean - Yang, Xinlei, Tuo, Renyuan/Project Source Code/BattleDrum - Original Edition/common/gui/messageBoxOk.gui.
Loading compiled script C:/Users/123/Dropbox/Stevens/Fall 2011_Shared/Team Soybean - Yang, Xinlei, Tuo, Renyuan/Project Source Code/BattleDrum - Original Edition/common/gui/messageBoxYesNo.gui.
Loading compiled script C:/Users/123/Dropbox/Stevens/Fall 2011_Shared/Team Soybean - Yang, Xinlei, Tuo, Renyuan/Project Source Code/BattleDrum - Original Edition/common/gui/messageBoxYesNoCancel.gui.
Loading compiled script C:/Users/123/Dropbox/Stevens/Fall 2011_Shared/Team Soybean - Yang, Xinlei, Tuo, Renyuan/Project Source Code/BattleDrum - Original Edition/common/gui/messageBoxOKCancel.gui.
Loading compiled script C:/Users/123/Dropbox/Stevens/Fall 2011_Shared/Team Soybean - Yang, Xinlei, Tuo, Renyuan/Project Source Code/BattleDrum - Original Edition/common/gui/messageBoxOKCancelDetailsDlg.gui.
Loading compiled script C:/Users/123/Dropbox/Stevens/Fall 2011_Shared/Team Soybean - Yang, Xinlei, Tuo, Renyuan/Project Source Code/BattleDrum - Original Edition/common/gui/messagePopup.gui.
Loading compiled script C:/Users/123/Dropbox/Stevens/Fall 2011_Shared/Team Soybean - Yang, Xinlei, Tuo, Renyuan/Project Source Code/BattleDrum - Original Edition/common/gui/options.gui.
Loading compiled script C:/Users/123/Dropbox/Stevens/Fall 2011_Shared/Team Soybean - Yang, Xinlei, Tuo, Renyuan/Project Source Code/BattleDrum - Original Edition/common/gui/remap.gui.
Loading compiled script C:/Users/123/Dropbox/Stevens/Fall 2011_Shared/Team Soybean - Yang, Xinlei, Tuo, Renyuan/Project Source Code/BattleDrum - Original Edition/common/gui/console.gui.
Loading compiled script C:/Users/123/Dropbox/Stevens/Fall 2011_Shared/Team Soybean - Yang, Xinlei, Tuo, Renyuan/Project Source Code/BattleDrum - Original Edition/common/gui/NetworkMenu.gui.
Loading compiled script C:/Users/123/Dropbox/Stevens/Fall 2011_Shared/Team Soybean - Yang, Xinlei, Tuo, Renyuan/Project Source Code/BattleDrum - Original Edition/common/gui/startServer.gui.
Loading compiled script C:/Users/123/Dropbox/Stevens/Fall 2011_Shared/Team Soybean - Yang, Xinlei, Tuo, Renyuan/Project Source Code/BattleDrum - Original Edition/common/gui/joinServer.gui.
Loading compiled script C:/Users/123/Dropbox/Stevens/Fall 2011_Shared/Team Soybean - Yang, Xinlei, Tuo, Renyuan/Project Source Code/BattleDrum - Original Edition/common/gui/waitingForServer.gui.
Loading compiled script C:/Users/123/Dropbox/Stevens/Fall 2011_Shared/Team Soybean - Yang, Xinlei, Tuo, Renyuan/Project Source Code/BattleDrum - Original Edition/common/gui/helpDlg.gui.
Loading compiled script C:/Users/123/Dropbox/Stevens/Fall 2011_Shared/Team Soybean - Yang, Xinlei, Tuo, Renyuan/Project Source Code/BattleDrum - Original Edition/common/gui/messageBox.cs.
Loading compiled script C:/Users/123/Dropbox/Stevens/Fall 2011_Shared/Team Soybean - Yang, Xinlei, Tuo, Renyuan/Project Source Code/BattleDrum - Original Edition/common/gui/help.cs.
Loading compiled script C:/Users/123/Dropbox/Stevens/Fall 2011_Shared/Team Soybean - Yang, Xinlei, Tuo, Renyuan/Project Source Code/BattleDrum - Original Edition/common/gui/chatGui.gui.
Loading compiled script C:/Users/123/Dropbox/Stevens/Fall 2011_Shared/Team Soybean - Yang, Xinlei, Tuo, Renyuan/Project Source Code/BattleDrum - Original Edition/common/gameScripts/screenshot.cs.
Loading compiled script C:/Users/123/Dropbox/Stevens/Fall 2011_Shared/Team Soybean - Yang, Xinlei, Tuo, Renyuan/Project Source Code/BattleDrum - Original Edition/common/gameScripts/metrics.cs.
Loading compiled script C:/Users/123/Dropbox/Stevens/Fall 2011_Shared/Team Soybean - Yang, Xinlei, Tuo, Renyuan/Project Source Code/BattleDrum - Original Edition/common/Gui/FrameOverlayGui.gui.
Loading compiled script C:/Users/123/Dropbox/Stevens/Fall 2011_Shared/Team Soybean - Yang, Xinlei, Tuo, Renyuan/Project Source Code/BattleDrum - Original Edition/common/gameScripts/scriptDoc.cs.
Loading compiled script C:/Users/123/Dropbox/Stevens/Fall 2011_Shared/Team Soybean - Yang, Xinlei, Tuo, Renyuan/Project Source Code/BattleDrum - Original Edition/common/gameScripts/keybindings.cs.
Loading compiled script C:/Users/123/Dropbox/Stevens/Fall 2011_Shared/Team Soybean - Yang, Xinlei, Tuo, Renyuan/Project Source Code/BattleDrum - Original Edition/common/gameScripts/options.cs.
Loading compiled script C:/Users/123/Dropbox/Stevens/Fall 2011_Shared/Team Soybean - Yang, Xinlei, Tuo, Renyuan/Project Source Code/BattleDrum - Original Edition/common/gameScripts/levelManagement.cs.
Loading compiled script C:/Users/123/Dropbox/Stevens/Fall 2011_Shared/Team Soybean - Yang, Xinlei, Tuo, Renyuan/Project Source Code/BattleDrum - Original Edition/common/gameScripts/projectManagement.cs.
Loading compiled script C:/Users/123/Dropbox/Stevens/Fall 2011_Shared/Team Soybean - Yang, Xinlei, Tuo, Renyuan/Project Source Code/BattleDrum - Original Edition/common/gameScripts/projectResources.cs.
Loading compiled script C:/Users/123/Dropbox/Stevens/Fall 2011_Shared/Team Soybean - Yang, Xinlei, Tuo, Renyuan/Project Source Code/BattleDrum - Original Edition/common/gameScripts/align.cs.

Torque Game Builder (v1.7.4) initialized...
Loading compiled script C:/Users/123/Dropbox/Stevens/Fall 2011_Shared/Team Soybean - Yang, Xinlei, Tuo, Renyuan/Project Source Code/BattleDrum - Original Edition/game/managed/datablocks.cs.
Loading compiled script C:/Users/123/Dropbox/Stevens/Fall 2011_Shared/Team Soybean - Yang, Xinlei, Tuo, Renyuan/Project Source Code/BattleDrum - Original Edition/game/managed/persistent.cs.
Loading compiled script C:/Users/123/Dropbox/Stevens/Fall 2011_Shared/Team Soybean - Yang, Xinlei, Tuo, Renyuan/Project Source Code/BattleDrum - Original Edition/game/managed/brushes.cs.
Loading compiled script C:/Users/123/Dropbox/Stevens/Fall 2011_Shared/Team Soybean - Yang, Xinlei, Tuo, Renyuan/Project Source Code/BattleDrum - Original Edition/game/gameScripts/datablocks.cs.
Compiling C:/Users/123/Dropbox/Stevens/Fall 2011_Shared/Team Soybean - Yang, Xinlei, Tuo, Renyuan/Project Source Code/BattleDrum - Original Edition/game/behaviors/physics/rigidBody.cs...
Compiling C:/Users/123/Dropbox/Stevens/Fall 2011_Shared/Team Soybean - Yang, Xinlei, Tuo, Renyuan/Project Source Code/BattleDrum - Original Edition/game/behaviors/input/thrusterControls.cs...
Compiling C:/Users/123/Dropbox/Stevens/Fall 2011_Shared/Team Soybean - Yang, Xinlei, Tuo, Renyuan/Project Source Code/BattleDrum - Original Edition/game/behaviors/input/tankControls.cs...
Compiling C:/Users/123/Dropbox/Stevens/Fall 2011_Shared/Team Soybean - Yang, Xinlei, Tuo, Renyuan/Project Source Code/BattleDrum - Original Edition/game/behaviors/input/shooterControls.cs...
Compiling C:/Users/123/Dropbox/Stevens/Fall 2011_Shared/Team Soybean - Yang, Xinlei, Tuo, Renyuan/Project Source Code/BattleDrum - Original Edition/game/behaviors/input/PauseBehaviour.cs...
Compiling C:/Users/123/Dropbox/Stevens/Fall 2011_Shared/Team Soybean - Yang, Xinlei, Tuo, Renyuan/Project Source Code/BattleDrum - Original Edition/game/behaviors/input/mouseDraggable.cs...
Compiling C:/Users/123/Dropbox/Stevens/Fall 2011_Shared/Team Soybean - Yang, Xinlei, Tuo, Renyuan/Project Source Code/BattleDrum - Original Edition/game/behaviors/input/mouseDownVelocity.cs...
Compiling C:/Users/123/Dropbox/Stevens/Fall 2011_Shared/Team Soybean - Yang, Xinlei, Tuo, Renyuan/Project Source Code/BattleDrum - Original Edition/game/behaviors/input/mouseDownScale.cs...
Compiling C:/Users/123/Dropbox/Stevens/Fall 2011_Shared/Team Soybean - Yang, Xinlei, Tuo, Renyuan/Project Source Code/BattleDrum - Original Edition/game/behaviors/input/mouseDownRotate.cs...
Compiling C:/Users/123/Dropbox/Stevens/Fall 2011_Shared/Team Soybean - Yang, Xinlei, Tuo, Renyuan/Project Source Code/BattleDrum - Original Edition/game/behaviors/input/mouseDownExplode.cs...
Compiling C:/Users/123/Dropbox/Stevens/Fall 2011_Shared/Team Soybean - Yang, Xinlei, Tuo, Renyuan/Project Source Code/BattleDrum - Original Edition/game/behaviors/input/mouseDownConstantForce.cs...
Compiling C:/Users/123/Dropbox/Stevens/Fall 2011_Shared/Team Soybean - Yang, Xinlei, Tuo, Renyuan/Project Source Code/BattleDrum - Original Edition/game/behaviors/input/genericInputAction.cs...
Compiling C:/Users/123/Dropbox/Stevens/Fall 2011_Shared/Team Soybean - Yang, Xinlei, Tuo, Renyuan/Project Source Code/BattleDrum - Original Edition/game/behaviors/input/followMouseEx.cs...
Compiling C:/Users/123/Dropbox/Stevens/Fall 2011_Shared/Team Soybean - Yang, Xinlei, Tuo, Renyuan/Project Source Code/BattleDrum - Original Edition/game/behaviors/input/followMouse.cs...
Compiling C:/Users/123/Dropbox/Stevens/Fall 2011_Shared/Team Soybean - Yang, Xinlei, Tuo, Renyuan/Project Source Code/BattleDrum - Original Edition/game/behaviors/input/fleeMouse.cs...
Compiling C:/Users/123/Dropbox/Stevens/Fall 2011_Shared/Team Soybean - Yang, Xinlei, Tuo, Renyuan/Project Source Code/BattleDrum - Original Edition/game/behaviors/input/faceMouse.cs...
Compiling C:/Users/123/Dropbox/Stevens/Fall 2011_Shared/Team Soybean - Yang, Xinlei, Tuo, Renyuan/Project Source Code/BattleDrum - Original Edition/game/behaviors/input/asteroidsControls.cs...
Compiling C:/Users/123/Dropbox/Stevens/Fall 2011_Shared/Team Soybean - Yang, Xinlei, Tuo, Renyuan/Project Source Code/BattleDrum - Original Edition/game/behaviors/input/alignToJoystick.cs...
Compiling C:/Users/123/Dropbox/Stevens/Fall 2011_Shared/Team Soybean - Yang, Xinlei, Tuo, Renyuan/Project Source Code/BattleDrum - Original Edition/game/behaviors/gui/objectOverlay.cs...
Compiling C:/Users/123/Dropbox/Stevens/Fall 2011_Shared/Team Soybean - Yang, Xinlei, Tuo, Renyuan/Project Source Code/BattleDrum - Original Edition/game/behaviors/gui/mouseOverGrow.cs...
Compiling C:/Users/123/Dropbox/Stevens/Fall 2011_Shared/Team Soybean - Yang, Xinlei, Tuo, Renyuan/Project Source Code/BattleDrum - Original Edition/game/behaviors/gui/genericButton.cs...
Compiling C:/Users/123/Dropbox/Stevens/Fall 2011_Shared/Team Soybean - Yang, Xinlei, Tuo, Renyuan/Project Source Code/BattleDrum - Original Edition/game/behaviors/game/worldLimitWrap.cs...
Compiling C:/Users/123/Dropbox/Stevens/Fall 2011_Shared/Team Soybean - Yang, Xinlei, Tuo, Renyuan/Project Source Code/BattleDrum - Original Edition/game/behaviors/game/template.cs...
Compiling C:/Users/123/Dropbox/Stevens/Fall 2011_Shared/Team Soybean - Yang, Xinlei, Tuo, Renyuan/Project Source Code/BattleDrum - Original Edition/game/behaviors/game/takesDamageAdv.cs...
Compiling C:/Users/123/Dropbox/Stevens/Fall 2011_Shared/Team Soybean - Yang, Xinlei, Tuo, Renyuan/Project Source Code/BattleDrum - Original Edition/game/behaviors/game/takesDamage.cs...
Compiling C:/Users/123/Dropbox/Stevens/Fall 2011_Shared/Team Soybean - Yang, Xinlei, Tuo, Renyuan/Project Source Code/BattleDrum - Original Edition/game/behaviors/game/shootsAdv.cs...
Compiling C:/Users/123/Dropbox/Stevens/Fall 2011_Shared/Team Soybean - Yang, Xinlei, Tuo, Renyuan/Project Source Code/BattleDrum - Original Edition/game/behaviors/game/shoots.cs...
Compiling C:/Users/123/Dropbox/Stevens/Fall 2011_Shared/Team Soybean - Yang, Xinlei, Tuo, Renyuan/Project Source Code/BattleDrum - Original Edition/game/behaviors/game/scoreShowHighest.cs...
Compiling C:/Users/123/Dropbox/Stevens/Fall 2011_Shared/Team Soybean - Yang, Xinlei, Tuo, Renyuan/Project Source Code/BattleDrum - Original Edition/game/behaviors/game/scoreOnEvent.cs...
Compiling C:/Users/123/Dropbox/Stevens/Fall 2011_Shared/Team Soybean - Yang, Xinlei, Tuo, Renyuan/Project Source Code/BattleDrum - Original Edition/game/behaviors/game/scoreBoard.cs...
Compiling C:/Users/123/Dropbox/Stevens/Fall 2011_Shared/Team Soybean - Yang, Xinlei, Tuo, Renyuan/Project Source Code/BattleDrum - Original Edition/game/behaviors/game/mouseDownDamage.cs...
Compiling C:/Users/123/Dropbox/Stevens/Fall 2011_Shared/Team Soybean - Yang, Xinlei, Tuo, Renyuan/Project Source Code/BattleDrum - Original Edition/game/behaviors/game/dealsDamageAdv.cs...
Compiling C:/Users/123/Dropbox/Stevens/Fall 2011_Shared/Team Soybean - Yang, Xinlei, Tuo, Renyuan/Project Source Code/BattleDrum - Original Edition/game/behaviors/game/dealsDamage.cs...
Compiling C:/Users/123/Dropbox/Stevens/Fall 2011_Shared/Team Soybean - Yang, Xinlei, Tuo, Renyuan/Project Source Code/BattleDrum - Original Edition/game/behaviors/game/basementTakedamage.cs...
Compiling C:/Users/123/Dropbox/Stevens/Fall 2011_Shared/Team Soybean - Yang, Xinlei, Tuo, Renyuan/Project Source Code/BattleDrum - Original Edition/game/behaviors/effects/worldLimitParticles.cs...
Compiling C:/Users/123/Dropbox/Stevens/Fall 2011_Shared/Team Soybean - Yang, Xinlei, Tuo, Renyuan/Project Source Code/BattleDrum - Original Edition/game/behaviors/effects/swapImageOnCollision.cs...
Compiling C:/Users/123/Dropbox/Stevens/Fall 2011_Shared/Team Soybean - Yang, Xinlei, Tuo, Renyuan/Project Source Code/BattleDrum - Original Edition/game/behaviors/effects/selfDestruct.cs...
Compiling C:/Users/123/Dropbox/Stevens/Fall 2011_Shared/Team Soybean - Yang, Xinlei, Tuo, Renyuan/Project Source Code/BattleDrum - Original Edition/game/behaviors/effects/fadeMask.cs...
Compiling C:/Users/123/Dropbox/Stevens/Fall 2011_Shared/Team Soybean - Yang, Xinlei, Tuo, Renyuan/Project Source Code/BattleDrum - Original Edition/game/behaviors/effects/contrail.cs...
Compiling C:/Users/123/Dropbox/Stevens/Fall 2011_Shared/Team Soybean - Yang, Xinlei, Tuo, Renyuan/Project Source Code/BattleDrum - Original Edition/game/behaviors/effects/collisionParticles.cs...
Compiling C:/Users/123/Dropbox/Stevens/Fall 2011_Shared/Team Soybean - Yang, Xinlei, Tuo, Renyuan/Project Source Code/BattleDrum - Original Edition/game/behaviors/effects/cameraMove.cs...
Compiling C:/Users/123/Dropbox/Stevens/Fall 2011_Shared/Team Soybean - Yang, Xinlei, Tuo, Renyuan/Project Source Code/BattleDrum - Original Edition/game/behaviors/ai/timerShootsAdv.cs...
Compiling C:/Users/123/Dropbox/Stevens/Fall 2011_Shared/Team Soybean - Yang, Xinlei, Tuo, Renyuan/Project Source Code/BattleDrum - Original Edition/game/behaviors/ai/timerShoots.cs...
Compiling C:/Users/123/Dropbox/Stevens/Fall 2011_Shared/Team Soybean - Yang, Xinlei, Tuo, Renyuan/Project Source Code/BattleDrum - Original Edition/game/behaviors/ai/spawnOnRemove.cs...
Compiling C:/Users/123/Dropbox/Stevens/Fall 2011_Shared/Team Soybean - Yang, Xinlei, Tuo, Renyuan/Project Source Code/BattleDrum - Original Edition/game/behaviors/ai/spawnGroup.cs...
Compiling C:/Users/123/Dropbox/Stevens/Fall 2011_Shared/Team Soybean - Yang, Xinlei, Tuo, Renyuan/Project Source Code/BattleDrum - Original Edition/game/behaviors/ai/spawnArea.cs...
Compiling C:/Users/123/Dropbox/Stevens/Fall 2011_Shared/Team Soybean - Yang, Xinlei, Tuo, Renyuan/Project Source Code/BattleDrum - Original Edition/game/behaviors/ai/randomVelocity.cs...
Compiling C:/Users/123/Dropbox/Stevens/Fall 2011_Shared/Team Soybean - Yang, Xinlei, Tuo, Renyuan/Project Source Code/BattleDrum - Original Edition/game/behaviors/ai/moveWave.cs...
Compiling C:/Users/123/Dropbox/Stevens/Fall 2011_Shared/Team Soybean - Yang, Xinlei, Tuo, Renyuan/Project Source Code/BattleDrum - Original Edition/game/behaviors/ai/moveToward.cs...
Compiling C:/Users/123/Dropbox/Stevens/Fall 2011_Shared/Team Soybean - Yang, Xinlei, Tuo, Renyuan/Project Source Code/BattleDrum - Original Edition/game/behaviors/ai/moveForward.cs...
Compiling C:/Users/123/Dropbox/Stevens/Fall 2011_Shared/Team Soybean - Yang, Xinlei, Tuo, Renyuan/Project Source Code/BattleDrum - Original Edition/game/behaviors/ai/mountToOnAdd.cs...
Compiling C:/Users/123/Dropbox/Stevens/Fall 2011_Shared/Team Soybean - Yang, Xinlei, Tuo, Renyuan/Project Source Code/BattleDrum - Original Edition/game/behaviors/ai/faceObject.cs...
Loading compiled script C:/Users/123/Dropbox/Stevens/Fall 2011_Shared/Team Soybean - Yang, Xinlei, Tuo, Renyuan/Project Source Code/BattleDrum - Original Edition/game/behaviors/physics/rigidBody.cs.
Loading compiled script C:/Users/123/Dropbox/Stevens/Fall 2011_Shared/Team Soybean - Yang, Xinlei, Tuo, Renyuan/Project Source Code/BattleDrum - Original Edition/game/behaviors/input/thrusterControls.cs.
Loading compiled script C:/Users/123/Dropbox/Stevens/Fall 2011_Shared/Team Soybean - Yang, Xinlei, Tuo, Renyuan/Project Source Code/BattleDrum - Original Edition/game/behaviors/input/tankControls.cs.
Loading compiled script C:/Users/123/Dropbox/Stevens/Fall 2011_Shared/Team Soybean - Yang, Xinlei, Tuo, Renyuan/Project Source Code/BattleDrum - Original Edition/game/behaviors/input/shooterControls.cs.
Loading compiled script C:/Users/123/Dropbox/Stevens/Fall 2011_Shared/Team Soybean - Yang, Xinlei, Tuo, Renyuan/Project Source Code/BattleDrum - Original Edition/game/behaviors/input/PauseBehaviour.cs.
Loading compiled script C:/Users/123/Dropbox/Stevens/Fall 2011_Shared/Team Soybean - Yang, Xinlei, Tuo, Renyuan/Project Source Code/BattleDrum - Original Edition/game/behaviors/input/mouseDraggable.cs.
Loading compiled script C:/Users/123/Dropbox/Stevens/Fall 2011_Shared/Team Soybean - Yang, Xinlei, Tuo, Renyuan/Project Source Code/BattleDrum - Original Edition/game/behaviors/input/mouseDownVelocity.cs.
Loading compiled script C:/Users/123/Dropbox/Stevens/Fall 2011_Shared/Team Soybean - Yang, Xinlei, Tuo, Renyuan/Project Source Code/BattleDrum - Original Edition/game/behaviors/input/mouseDownScale.cs.
Loading compiled script C:/Users/123/Dropbox/Stevens/Fall 2011_Shared/Team Soybean - Yang, Xinlei, Tuo, Renyuan/Project Source Code/BattleDrum - Original Edition/game/behaviors/input/mouseDownRotate.cs.
Loading compiled script C:/Users/123/Dropbox/Stevens/Fall 2011_Shared/Team Soybean - Yang, Xinlei, Tuo, Renyuan/Project Source Code/BattleDrum - Original Edition/game/behaviors/input/mouseDownExplode.cs.
Loading compiled script C:/Users/123/Dropbox/Stevens/Fall 2011_Shared/Team Soybean - Yang, Xinlei, Tuo, Renyuan/Project Source Code/BattleDrum - Original Edition/game/behaviors/input/mouseDownConstantForce.cs.
Loading compiled script C:/Users/123/Dropbox/Stevens/Fall 2011_Shared/Team Soybean - Yang, Xinlei, Tuo, Renyuan/Project Source Code/BattleDrum - Original Edition/game/behaviors/input/genericInputAction.cs.
Loading compiled script C:/Users/123/Dropbox/Stevens/Fall 2011_Shared/Team Soybean - Yang, Xinlei, Tuo, Renyuan/Project Source Code/BattleDrum - Original Edition/game/behaviors/input/followMouseEx.cs.
Loading compiled script C:/Users/123/Dropbox/Stevens/Fall 2011_Shared/Team Soybean - Yang, Xinlei, Tuo, Renyuan/Project Source Code/BattleDrum - Original Edition/game/behaviors/input/followMouse.cs.
Loading compiled script C:/Users/123/Dropbox/Stevens/Fall 2011_Shared/Team Soybean - Yang, Xinlei, Tuo, Renyuan/Project Source Code/BattleDrum - Original Edition/game/behaviors/input/fleeMouse.cs.
Loading compiled script C:/Users/123/Dropbox/Stevens/Fall 2011_Shared/Team Soybean - Yang, Xinlei, Tuo, Renyuan/Project Source Code/BattleDrum - Original Edition/game/behaviors/input/faceMouse.cs.
Loading compiled script C:/Users/123/Dropbox/Stevens/Fall 2011_Shared/Team Soybean - Yang, Xinlei, Tuo, Renyuan/Project Source Code/BattleDrum - Original Edition/game/behaviors/input/asteroidsControls.cs.
Loading compiled script C:/Users/123/Dropbox/Stevens/Fall 2011_Shared/Team Soybean - Yang, Xinlei, Tuo, Renyuan/Project Source Code/BattleDrum - Original Edition/game/behaviors/input/alignToJoystick.cs.
Loading compiled script C:/Users/123/Dropbox/Stevens/Fall 2011_Shared/Team Soybean - Yang, Xinlei, Tuo, Renyuan/Project Source Code/BattleDrum - Original Edition/game/behaviors/gui/objectOverlay.cs.
Loading compiled script C:/Users/123/Dropbox/Stevens/Fall 2011_Shared/Team Soybean - Yang, Xinlei, Tuo, Renyuan/Project Source Code/BattleDrum - Original Edition/game/behaviors/gui/mouseOverGrow.cs.
Loading compiled script C:/Users/123/Dropbox/Stevens/Fall 2011_Shared/Team Soybean - Yang, Xinlei, Tuo, Renyuan/Project Source Code/BattleDrum - Original Edition/game/behaviors/gui/genericButton.cs.
Loading compiled script C:/Users/123/Dropbox/Stevens/Fall 2011_Shared/Team Soybean - Yang, Xinlei, Tuo, Renyuan/Project Source Code/BattleDrum - Original Edition/game/behaviors/game/worldLimitWrap.cs.
Loading compiled script C:/Users/123/Dropbox/Stevens/Fall 2011_Shared/Team Soybean - Yang, Xinlei, Tuo, Renyuan/Project Source Code/BattleDrum - Original Edition/game/behaviors/game/template.cs.
Loading compiled script C:/Users/123/Dropbox/Stevens/Fall 2011_Shared/Team Soybean - Yang, Xinlei, Tuo, Renyuan/Project Source Code/BattleDrum - Original Edition/game/behaviors/game/takesDamageAdv.cs.
Loading compiled script C:/Users/123/Dropbox/Stevens/Fall 2011_Shared/Team Soybean - Yang, Xinlei, Tuo, Renyuan/Project Source Code/BattleDrum - Original Edition/game/behaviors/game/takesDamage.cs.
Loading compiled script C:/Users/123/Dropbox/Stevens/Fall 2011_Shared/Team Soybean - Yang, Xinlei, Tuo, Renyuan/Project Source Code/BattleDrum - Original Edition/game/behaviors/game/shootsAdv.cs.
Loading compiled script C:/Users/123/Dropbox/Stevens/Fall 2011_Shared/Team Soybean - Yang, Xinlei, Tuo, Renyuan/Project Source Code/BattleDrum - Original Edition/game/behaviors/game/shoots.cs.
Loading compiled script C:/Users/123/Dropbox/Stevens/Fall 2011_Shared/Team Soybean - Yang, Xinlei, Tuo, Renyuan/Project Source Code/BattleDrum - Original Edition/game/behaviors/game/scoreShowHighest.cs.
Loading compiled script C:/Users/123/Dropbox/Stevens/Fall 2011_Shared/Team Soybean - Yang, Xinlei, Tuo, Renyuan/Project Source Code/BattleDrum - Original Edition/game/behaviors/game/scoreOnEvent.cs.
Loading compiled script C:/Users/123/Dropbox/Stevens/Fall 2011_Shared/Team Soybean - Yang, Xinlei, Tuo, Renyuan/Project Source Code/BattleDrum - Original Edition/game/behaviors/game/scoreBoard.cs.
Loading compiled script C:/Users/123/Dropbox/Stevens/Fall 2011_Shared/Team Soybean - Yang, Xinlei, Tuo, Renyuan/Project Source Code/BattleDrum - Original Edition/game/behaviors/game/mouseDownDamage.cs.
Loading compiled script C:/Users/123/Dropbox/Stevens/Fall 2011_Shared/Team Soybean - Yang, Xinlei, Tuo, Renyuan/Project Source Code/BattleDrum - Original Edition/game/behaviors/game/dealsDamageAdv.cs.
Loading compiled script C:/Users/123/Dropbox/Stevens/Fall 2011_Shared/Team Soybean - Yang, Xinlei, Tuo, Renyuan/Project Source Code/BattleDrum - Original Edition/game/behaviors/game/dealsDamage.cs.
Loading compiled script C:/Users/123/Dropbox/Stevens/Fall 2011_Shared/Team Soybean - Yang, Xinlei, Tuo, Renyuan/Project Source Code/BattleDrum - Original Edition/game/behaviors/game/basementTakedamage.cs.
Loading compiled script C:/Users/123/Dropbox/Stevens/Fall 2011_Shared/Team Soybean - Yang, Xinlei, Tuo, Renyuan/Project Source Code/BattleDrum - Original Edition/game/behaviors/effects/worldLimitParticles.cs.
Loading compiled script C:/Users/123/Dropbox/Stevens/Fall 2011_Shared/Team Soybean - Yang, Xinlei, Tuo, Renyuan/Project Source Code/BattleDrum - Original Edition/game/behaviors/effects/swapImageOnCollision.cs.
Loading compiled script C:/Users/123/Dropbox/Stevens/Fall 2011_Shared/Team Soybean - Yang, Xinlei, Tuo, Renyuan/Project Source Code/BattleDrum - Original Edition/game/behaviors/effects/selfDestruct.cs.
Loading compiled script C:/Users/123/Dropbox/Stevens/Fall 2011_Shared/Team Soybean - Yang, Xinlei, Tuo, Renyuan/Project Source Code/BattleDrum - Original Edition/game/behaviors/effects/fadeMask.cs.
Loading compiled script C:/Users/123/Dropbox/Stevens/Fall 2011_Shared/Team Soybean - Yang, Xinlei, Tuo, Renyuan/Project Source Code/BattleDrum - Original Edition/game/behaviors/effects/contrail.cs.
Loading compiled script C:/Users/123/Dropbox/Stevens/Fall 2011_Shared/Team Soybean - Yang, Xinlei, Tuo, Renyuan/Project Source Code/BattleDrum - Original Edition/game/behaviors/effects/collisionParticles.cs.
Loading compiled script C:/Users/123/Dropbox/Stevens/Fall 2011_Shared/Team Soybean - Yang, Xinlei, Tuo, Renyuan/Project Source Code/BattleDrum - Original Edition/game/behaviors/effects/cameraMove.cs.
Loading compiled script C:/Users/123/Dropbox/Stevens/Fall 2011_Shared/Team Soybean - Yang, Xinlei, Tuo, Renyuan/Project Source Code/BattleDrum - Original Edition/game/behaviors/ai/timerShootsAdv.cs.
Loading compiled script C:/Users/123/Dropbox/Stevens/Fall 2011_Shared/Team Soybean - Yang, Xinlei, Tuo, Renyuan/Project Source Code/BattleDrum - Original Edition/game/behaviors/ai/timerShoots.cs.
Loading compiled script C:/Users/123/Dropbox/Stevens/Fall 2011_Shared/Team Soybean - Yang, Xinlei, Tuo, Renyuan/Project Source Code/BattleDrum - Original Edition/game/behaviors/ai/spawnOnRemove.cs.
Loading compiled script C:/Users/123/Dropbox/Stevens/Fall 2011_Shared/Team Soybean - Yang, Xinlei, Tuo, Renyuan/Project Source Code/BattleDrum - Original Edition/game/behaviors/ai/spawnGroup.cs.
Loading compiled script C:/Users/123/Dropbox/Stevens/Fall 2011_Shared/Team Soybean - Yang, Xinlei, Tuo, Renyuan/Project Source Code/BattleDrum - Original Edition/game/behaviors/ai/spawnArea.cs.
Loading compiled script C:/Users/123/Dropbox/Stevens/Fall 2011_Shared/Team Soybean - Yang, Xinlei, Tuo, Renyuan/Project Source Code/BattleDrum - Original Edition/game/behaviors/ai/randomVelocity.cs.
Loading compiled script C:/Users/123/Dropbox/Stevens/Fall 2011_Shared/Team Soybean - Yang, Xinlei, Tuo, Renyuan/Project Source Code/BattleDrum - Original Edition/game/behaviors/ai/moveWave.cs.
Loading compiled script C:/Users/123/Dropbox/Stevens/Fall 2011_Shared/Team Soybean - Yang, Xinlei, Tuo, Renyuan/Project Source Code/BattleDrum - Original Edition/game/behaviors/ai/moveToward.cs.
Loading compiled script C:/Users/123/Dropbox/Stevens/Fall 2011_Shared/Team Soybean - Yang, Xinlei, Tuo, Renyuan/Project Source Code/BattleDrum - Original Edition/game/behaviors/ai/moveForward.cs.
Loading compiled script C:/Users/123/Dropbox/Stevens/Fall 2011_Shared/Team Soybean - Yang, Xinlei, Tuo, Renyuan/Project Source Code/BattleDrum - Original Edition/game/behaviors/ai/mountToOnAdd.cs.
Loading compiled script C:/Users/123/Dropbox/Stevens/Fall 2011_Shared/Team Soybean - Yang, Xinlei, Tuo, Renyuan/Project Source Code/BattleDrum - Original Edition/game/behaviors/ai/faceObject.cs.
Loading compiled script C:/Users/123/Dropbox/Stevens/Fall 2011_Shared/Team Soybean - Yang, Xinlei, Tuo, Renyuan/Project Source Code/BattleDrum - Original Edition/game/gameScripts/guiProfiles.cs.
Loading compiled script C:/Users/123/Dropbox/Stevens/Fall 2011_Shared/Team Soybean - Yang, Xinlei, Tuo, Renyuan/Project Source Code/BattleDrum - Original Edition/game/gui/mainScreen.gui.
Loading compiled script C:/Users/123/Dropbox/Stevens/Fall 2011_Shared/Team Soybean - Yang, Xinlei, Tuo, Renyuan/Project Source Code/BattleDrum - Original Edition/game/gameScripts/game.cs.
Loading compiled script C:/Users/123/Dropbox/Stevens/Fall 2011_Shared/Team Soybean - Yang, Xinlei, Tuo, Renyuan/Project Source Code/BattleDrum - Original Edition/game/gameScripts/clouds.cs.
Loading compiled script C:/Users/123/Dropbox/Stevens/Fall 2011_Shared/Team Soybean - Yang, Xinlei, Tuo, Renyuan/Project Source Code/BattleDrum - Original Edition/game/gameScripts/archer.cs.
Loading compiled script C:/Users/123/Dropbox/Stevens/Fall 2011_Shared/Team Soybean - Yang, Xinlei, Tuo, Renyuan/Project Source Code/BattleDrum - Original Edition/game/gameScripts/archer1.cs.
Loading compiled script C:/Users/123/Dropbox/Stevens/Fall 2011_Shared/Team Soybean - Yang, Xinlei, Tuo, Renyuan/Project Source Code/BattleDrum - Original Edition/game/gameScripts/archer2.cs.
Loading compiled script C:/Users/123/Dropbox/Stevens/Fall 2011_Shared/Team Soybean - Yang, Xinlei, Tuo, Renyuan/Project Source Code/BattleDrum - Original Edition/game/gameScripts/knights.cs.
Loading compiled script C:/Users/123/Dropbox/Stevens/Fall 2011_Shared/Team Soybean - Yang, Xinlei, Tuo, Renyuan/Project Source Code/BattleDrum - Original Edition/game/gameScripts/knights1.cs.
Loading compiled script C:/Users/123/Dropbox/Stevens/Fall 2011_Shared/Team Soybean - Yang, Xinlei, Tuo, Renyuan/Project Source Code/BattleDrum - Original Edition/game/gameScripts/shield.cs.
Loading compiled script C:/Users/123/Dropbox/Stevens/Fall 2011_Shared/Team Soybean - Yang, Xinlei, Tuo, Renyuan/Project Source Code/BattleDrum - Original Edition/game/gameScripts/Infantry.cs.
Loading compiled script C:/Users/123/Dropbox/Stevens/Fall 2011_Shared/Team Soybean - Yang, Xinlei, Tuo, Renyuan/Project Source Code/BattleDrum - Original Edition/game/gameScripts/Infantry1.cs.
Loading compiled script C:/Users/123/Dropbox/Stevens/Fall 2011_Shared/Team Soybean - Yang, Xinlei, Tuo, Renyuan/Project Source Code/BattleDrum - Original Edition/game/gameScripts/health.cs.
Loading compiled script C:/Users/123/Dropbox/Stevens/Fall 2011_Shared/Team Soybean - Yang, Xinlei, Tuo, Renyuan/Project Source Code/BattleDrum - Original Edition/game/gameScripts/shieldDefense.cs.
Loading compiled script C:/Users/123/Dropbox/Stevens/Fall 2011_Shared/Team Soybean - Yang, Xinlei, Tuo, Renyuan/Project Source Code/BattleDrum - Original Edition/game/gameScripts/sun.cs.
Loading compiled script C:/Users/123/Dropbox/Stevens/Fall 2011_Shared/Team Soybean - Yang, Xinlei, Tuo, Renyuan/Project Source Code/BattleDrum - Original Edition/game/gameScripts/pon.cs.
Loading compiled script C:/Users/123/Dropbox/Stevens/Fall 2011_Shared/Team Soybean - Yang, Xinlei, Tuo, Renyuan/Project Source Code/BattleDrum - Original Edition/game/gameScripts/ta.cs.
Loading compiled script C:/Users/123/Dropbox/Stevens/Fall 2011_Shared/Team Soybean - Yang, Xinlei, Tuo, Renyuan/Project Source Code/BattleDrum - Original Edition/game/gameScripts/pa.cs.
Loading compiled script C:/Users/123/Dropbox/Stevens/Fall 2011_Shared/Team Soybean - Yang, Xinlei, Tuo, Renyuan/Project Source Code/BattleDrum - Original Edition/game/gameScripts/don.cs.
Loading compiled script C:/Users/123/Dropbox/Stevens/Fall 2011_Shared/Team Soybean - Yang, Xinlei, Tuo, Renyuan/Project Source Code/BattleDrum - Original Edition/game/gameScripts/control.cs.
Loading compiled script C:/Users/123/Dropbox/Stevens/Fall 2011_Shared/Team Soybean - Yang, Xinlei, Tuo, Renyuan/Project Source Code/BattleDrum - Original Edition/game/gameScripts/audioDatablocks.cs.
Loading compiled script C:/Users/123/Dropbox/Stevens/Fall 2011_Shared/Team Soybean - Yang, Xinlei, Tuo, Renyuan/Project Source Code/BattleDrum - Original Edition/game/gameScripts/arrow.cs.
Loading compiled script C:/Users/123/Dropbox/Stevens/Fall 2011_Shared/Team Soybean - Yang, Xinlei, Tuo, Renyuan/Project Source Code/BattleDrum - Original Edition/game/gameScripts/arrow1.cs.
Loading compiled script C:/Users/123/Dropbox/Stevens/Fall 2011_Shared/Team Soybean - Yang, Xinlei, Tuo, Renyuan/Project Source Code/BattleDrum - Original Edition/game/gameScripts/bladeK.cs.
Loading compiled script C:/Users/123/Dropbox/Stevens/Fall 2011_Shared/Team Soybean - Yang, Xinlei, Tuo, Renyuan/Project Source Code/BattleDrum - Original Edition/game/gameScripts/pause.cs.
Loading compiled script C:/Users/123/Dropbox/Stevens/Fall 2011_Shared/Team Soybean - Yang, Xinlei, Tuo, Renyuan/Project Source Code/BattleDrum - Original Edition/game/gameScripts/resume.cs.
Loading compiled script C:/Users/123/Dropbox/Stevens/Fall 2011_Shared/Team Soybean - Yang, Xinlei, Tuo, Renyuan/Project Source Code/BattleDrum - Original Edition/game/gameScripts/direction.cs.
Loading compiled script C:/Users/123/Dropbox/Stevens/Fall 2011_Shared/Team Soybean - Yang, Xinlei, Tuo, Renyuan/Project Source Code/BattleDrum - Original Edition/game/gameScripts/directionButton.cs.
Loading compiled script C:/Users/123/Dropbox/Stevens/Fall 2011_Shared/Team Soybean - Yang, Xinlei, Tuo, Renyuan/Project Source Code/BattleDrum - Original Edition/game/gameScripts/pauseImage.cs.
Loading compiled script C:/Users/123/Dropbox/Stevens/Fall 2011_Shared/Team Soybean - Yang, Xinlei, Tuo, Renyuan/Project Source Code/BattleDrum - Original Edition/game/gameScripts/startImage.cs.
Loading compiled script C:/Users/123/Dropbox/Stevens/Fall 2011_Shared/Team Soybean - Yang, Xinlei, Tuo, Renyuan/Project Source Code/BattleDrum - Original Edition/game/gameScripts/playButton.cs.
Loading compiled script C:/Users/123/Dropbox/Stevens/Fall 2011_Shared/Team Soybean - Yang, Xinlei, Tuo, Renyuan/Project Source Code/BattleDrum - Original Edition/game/gameScripts/directionButtonStart.cs.
Loading compiled script C:/Users/123/Dropbox/Stevens/Fall 2011_Shared/Team Soybean - Yang, Xinlei, Tuo, Renyuan/Project Source Code/BattleDrum - Original Edition/game/gameScripts/EnemyKnight1.cs.
Loading compiled script C:/Users/123/Dropbox/Stevens/Fall 2011_Shared/Team Soybean - Yang, Xinlei, Tuo, Renyuan/Project Source Code/BattleDrum - Original Edition/game/gameScripts/directionS.cs.
Loading compiled script C:/Users/123/Dropbox/Stevens/Fall 2011_Shared/Team Soybean - Yang, Xinlei, Tuo, Renyuan/Project Source Code/BattleDrum - Original Edition/game/gameScripts/bladeI.cs.
Loading compiled script C:/Users/123/Dropbox/Stevens/Fall 2011_Shared/Team Soybean - Yang, Xinlei, Tuo, Renyuan/Project Source Code/BattleDrum - Original Edition/game/gameScripts/gameover.cs.
Loading compiled script C:/Users/123/Dropbox/Stevens/Fall 2011_Shared/Team Soybean - Yang, Xinlei, Tuo, Renyuan/Project Source Code/BattleDrum - Original Edition/game/gameScripts/restart.cs.
Loading compiled script C:/Users/123/Dropbox/Stevens/Fall 2011_Shared/Team Soybean - Yang, Xinlei, Tuo, Renyuan/Project Source Code/BattleDrum - Original Edition/game/gameScripts/directionBo.cs.
Activating DirectInput...
DirectInput joystick failed to enable!
Loading compiled script C:/Users/123/Dropbox/Stevens/Fall 2011_Shared/Team Soybean - Yang, Xinlei, Tuo, Renyuan/Project Source Code/BattleDrum - Original Edition/game/data/levels/battlefield.t2d.
Error: cannot change namespace parent linkage of Knight from t2dAnimatedSprite to Knight.
game/behaviors/game/takesDamage.cs (26): Unknown command getFrame.
  Object Knight(1448) Knight -> t2dAnimatedSprite -> t2dSceneObject -> BehaviorComponent -> DynamicConsoleMethodComponent -> SimComponent -> SimObject
game/behaviors/game/takesDamage.cs (77): Unknown command setFrame.
  Object Knight(1448) Knight -> t2dAnimatedSprite -> t2dSceneObject -> BehaviorComponent -> DynamicConsoleMethodComponent -> SimComponent -> SimObject
game/behaviors/game/takesDamage.cs (26): Unknown command getFrame.
  Object Archer1(1450) Archer1 -> Archer -> t2dAnimatedSprite -> t2dSceneObject -> BehaviorComponent -> DynamicConsoleMethodComponent -> SimComponent -> SimObject
game/behaviors/game/takesDamage.cs (77): Unknown command setFrame.
  Object Archer1(1450) Archer1 -> Archer -> t2dAnimatedSprite -> t2dSceneObject -> BehaviorComponent -> DynamicConsoleMethodComponent -> SimComponent -> SimObject
Error: cannot change namespace parent linkage of arrow from t2dStaticSprite to arrow.
Error: cannot change namespace parent linkage of Shield from t2dAnimatedSprite to Shield.
game/behaviors/game/takesDamage.cs (26): Unknown command getFrame.
  Object Shield(1454) Shield -> t2dAnimatedSprite -> t2dSceneObject -> BehaviorComponent -> DynamicConsoleMethodComponent -> SimComponent -> SimObject
game/behaviors/game/takesDamage.cs (77): Unknown command setFrame.
  Object Shield(1454) Shield -> t2dAnimatedSprite -> t2dSceneObject -> BehaviorComponent -> DynamicConsoleMethodComponent -> SimComponent -> SimObject
Namespace::unlinkClass - cannot unlink namespace parent linkage for Archer for t2dAnimatedSprite.
Error: cannot change namespace parent linkage of Archer from t2dAnimatedSprite to Archer.
game/behaviors/game/takesDamage.cs (26): Unknown command getFrame.
  Object Archer(1456) Archer -> t2dAnimatedSprite -> t2dSceneObject -> BehaviorComponent -> DynamicConsoleMethodComponent -> SimComponent -> SimObject
game/behaviors/game/takesDamage.cs (77): Unknown command setFrame.
  Object Archer(1456) Archer -> t2dAnimatedSprite -> t2dSceneObject -> BehaviorComponent -> DynamicConsoleMethodComponent -> SimComponent -> SimObject
game/behaviors/game/takesDamage.cs (26): Unknown command getFrame.
  Object Knight1(1458) Knight1 -> Knight -> t2dAnimatedSprite -> t2dSceneObject -> BehaviorComponent -> DynamicConsoleMethodComponent -> SimComponent -> SimObject
game/behaviors/game/takesDamage.cs (77): Unknown command setFrame.
  Object Knight1(1458) Knight1 -> Knight -> t2dAnimatedSprite -> t2dSceneObject -> BehaviorComponent -> DynamicConsoleMethodComponent -> SimComponent -> SimObject
game/behaviors/game/takesDamage.cs (26): Unknown command getFrame.
  Object Infantry1(1460) Infantry1 -> Infantry -> t2dAnimatedSprite -> t2dSceneObject -> BehaviorComponent -> DynamicConsoleMethodComponent -> SimComponent -> SimObject
game/behaviors/game/takesDamage.cs (77): Unknown command setFrame.
  Object Infantry1(1460) Infantry1 -> Infantry -> t2dAnimatedSprite -> t2dSceneObject -> BehaviorComponent -> DynamicConsoleMethodComponent -> SimComponent -> SimObject
Error: cannot change namespace parent linkage of Pa from t2dStaticSprite to Pa.
Error: cannot change namespace parent linkage of Pon from t2dStaticSprite to Pon.
Error: cannot change namespace parent linkage of Ta from t2dStaticSprite to Ta.
Namespace::unlinkClass - cannot unlink namespace parent linkage for Infantry for t2dAnimatedSprite.
Error: cannot change namespace parent linkage of Infantry from t2dAnimatedSprite to Infantry.
game/behaviors/game/takesDamage.cs (26): Unknown command getFrame.
  Object Infantry(1466) Infantry -> t2dAnimatedSprite -> t2dSceneObject -> BehaviorComponent -> DynamicConsoleMethodComponent -> SimComponent -> SimObject
game/behaviors/game/takesDamage.cs (77): Unknown command setFrame.
  Object Infantry(1466) Infantry -> t2dAnimatedSprite -> t2dSceneObject -> BehaviorComponent -> DynamicConsoleMethodComponent -> SimComponent -> SimObject
Error: cannot change namespace parent linkage of arrow1 from t2dStaticSprite to arrow1.
Error: cannot change namespace parent linkage of BladeK from t2dStaticSprite to BladeK.
Error: cannot change namespace parent linkage of Resume from t2dStaticSprite to Resume.
Error: cannot change namespace parent linkage of DirectionButton from t2dStaticSprite to DirectionButton.
Error: cannot change namespace parent linkage of PauseImage from t2dStaticSprite to PauseImage.
Error: cannot change namespace parent linkage of BladeI from t2dStaticSprite to BladeI.
game/behaviors/game/takesDamage.cs (26): Unknown command getFrame.
  Object Archer2(1492) Archer2 -> Archer -> t2dAnimatedSprite -> t2dSceneObject -> BehaviorComponent -> DynamicConsoleMethodComponent -> SimComponent -> SimObject
game/behaviors/game/takesDamage.cs (77): Unknown command setFrame.
  Object Archer2(1492) Archer2 -> Archer -> t2dAnimatedSprite -> t2dSceneObject -> BehaviorComponent -> DynamicConsoleMethodComponent -> SimComponent -> SimObject
game/behaviors/game/takesDamage.cs (26): Unknown command getFrame.
  Object EnemyKnight(1494) EnemyKnight -> t2dAnimatedSprite -> t2dSceneObject -> BehaviorComponent -> DynamicConsoleMethodComponent -> SimComponent -> SimObject
game/behaviors/game/takesDamage.cs (77): Unknown command setFrame.
  Object EnemyKnight(1494) EnemyKnight -> t2dAnimatedSprite -> t2dSceneObject -> BehaviorComponent -> DynamicConsoleMethodComponent -> SimComponent -> SimObject
game/behaviors/game/takesDamage.cs (26): Unknown command getFrame.
  Object enemyinfantry(1501) enemyinfantry -> t2dAnimatedSprite -> t2dSceneObject -> BehaviorComponent -> DynamicConsoleMethodComponent -> SimComponent -> SimObject
game/behaviors/game/takesDamage.cs (77): Unknown command setFrame.
  Object enemyinfantry(1501) enemyinfantry -> t2dAnimatedSprite -> t2dSceneObject -> BehaviorComponent -> DynamicConsoleMethodComponent -> SimComponent -> SimObject
game/behaviors/game/takesDamage.cs (26): Unknown command getFrame.
  Object enemyinfantry2(1521) enemyinfantry2 -> t2dAnimatedSprite -> t2dSceneObject -> BehaviorComponent -> DynamicConsoleMethodComponent -> SimComponent -> SimObject
game/behaviors/game/takesDamage.cs (77): Unknown command setFrame.
  Object enemyinfantry2(1521) enemyinfantry2 -> t2dAnimatedSprite -> t2dSceneObject -> BehaviorComponent -> DynamicConsoleMethodComponent -> SimComponent -> SimObject
t2dSceneGraph::addToScene() - Object '1527' is already in a SceneGraph!.
game/behaviors/game/takesDamage.cs (26): Unknown command getFrame.
  Object enemyArcher(1530) enemyArcher -> t2dAnimatedSprite -> t2dSceneObject -> BehaviorComponent -> DynamicConsoleMethodComponent -> SimComponent -> SimObject
game/behaviors/game/takesDamage.cs (77): Unknown command setFrame.
  Object enemyArcher(1530) enemyArcher -> t2dAnimatedSprite -> t2dSceneObject -> BehaviorComponent -> DynamicConsoleMethodComponent -> SimComponent -> SimObject
game/behaviors/game/takesDamage.cs (26): Unknown command getFrame.
  Object enemyArcherB(1541) enemyArcherB -> t2dAnimatedSprite -> t2dSceneObject -> BehaviorComponent -> DynamicConsoleMethodComponent -> SimComponent -> SimObject
game/behaviors/game/takesDamage.cs (77): Unknown command setFrame.
  Object enemyArcherB(1541) enemyArcherB -> t2dAnimatedSprite -> t2dSceneObject -> BehaviorComponent -> DynamicConsoleMethodComponent -> SimComponent -> SimObject
t2dSceneGraph::addToScene() - Object '1548' is already in a SceneGraph!.
game/behaviors/game/takesDamage.cs (26): Unknown command getFrame.
  Object EnemyKnightB(1550) EnemyKnightB -> t2dAnimatedSprite -> t2dSceneObject -> BehaviorComponent -> DynamicConsoleMethodComponent -> SimComponent -> SimObject
game/behaviors/game/takesDamage.cs (77): Unknown command setFrame.
  Object EnemyKnightB(1550) EnemyKnightB -> t2dAnimatedSprite -> t2dSceneObject -> BehaviorComponent -> DynamicConsoleMethodComponent -> SimComponent -> SimObject
t2dSceneGraph::addToScene() - Object '1556' is already in a SceneGraph!.
game/behaviors/game/takesDamage.cs (26): Unknown command getFrame.
  Object enemyinfantry3(1558) enemyinfantry3 -> t2dAnimatedSprite -> t2dSceneObject -> BehaviorComponent -> DynamicConsoleMethodComponent -> SimComponent -> SimObject
game/behaviors/game/takesDamage.cs (77): Unknown command setFrame.
  Object enemyinfantry3(1558) enemyinfantry3 -> t2dAnimatedSprite -> t2dSceneObject -> BehaviorComponent -> DynamicConsoleMethodComponent -> SimComponent -> SimObject
t2dSceneGraph::addToScene() - Object '1564' is already in a SceneGraph!.
game/behaviors/game/takesDamage.cs (26): Unknown command getFrame.
  Object enemyArcherC(1566) enemyArcherC -> t2dAnimatedSprite -> t2dSceneObject -> BehaviorComponent -> DynamicConsoleMethodComponent -> SimComponent -> SimObject
game/behaviors/game/takesDamage.cs (77): Unknown command setFrame.
  Object enemyArcherC(1566) enemyArcherC -> t2dAnimatedSprite -> t2dSceneObject -> BehaviorComponent -> DynamicConsoleMethodComponent -> SimComponent -> SimObject
t2dSceneGraph::addToScene() - Object '1573' is already in a SceneGraph!.
Error: cannot change namespace parent linkage of ShieldDefense from t2dStaticSprite to ShieldDefense.
Error: cannot change namespace parent linkage of DirectionBo from t2dStaticSprite to DirectionBo.
DirectInput deactivated.
Activating DirectInput...
DirectInput deactivated.
Activating DirectInput...
DirectInput deactivated.
Activating DirectInput...
t2dSceneGraph::addToScene() - Object '1581' is already in a SceneGraph!.
game/behaviors/game/takesDamage.cs (26): Unknown command getFrame.
  Object (1581) t2dAnimatedSprite -> t2dSceneObject -> BehaviorComponent -> DynamicConsoleMethodComponent -> SimComponent -> SimObject
game/behaviors/game/takesDamage.cs (77): Unknown command setFrame.
  Object (1581) t2dAnimatedSprite -> t2dSceneObject -> BehaviorComponent -> DynamicConsoleMethodComponent -> SimComponent -> SimObject
t2dSceneGraph::addToScene() - Object '1587' is already in a SceneGraph!.
Count:  1
Time:  1175.44
Count:  2
Time:  1175.9
Count:  3
Time:  1176.37
Count:  4
Time:  1176.82
Count:  1
Time:  1178.34
Count:  2
Time:  1178.88
Count:  3
Time:  1179.41
Count:  4
Time:  1179.87
Count:  1
Time:  1181.66
Count:  2
Time:  1182.18
Count:  3
Time:  1182.67
Count:  4
Time:  1183.17
t2dSceneGraph::addToScene() - Object '1589' is already in a SceneGraph!.
game/behaviors/game/takesDamage.cs (26): Unknown command getFrame.
  Object (1589) t2dAnimatedSprite -> t2dSceneObject -> BehaviorComponent -> DynamicConsoleMethodComponent -> SimComponent -> SimObject
game/behaviors/game/takesDamage.cs (77): Unknown command setFrame.
  Object (1589) t2dAnimatedSprite -> t2dSceneObject -> BehaviorComponent -> DynamicConsoleMethodComponent -> SimComponent -> SimObject
t2dSceneGraph::addToScene() - Object '1595' is already in a SceneGraph!.
Count:  1
Time:  1184.23
Count:  2
Time:  1184.73
Count:  3
Time:  1185.2
Count:  4
Time:  1185.64
Count:  1
Time:  1188.07
Count:  2
Time:  1188.51
Count:  3
Time:  1190.72
Count:  1
Time:  1191.21
Count:  2
Time:  1191.71
Count:  3
Time:  1192.24
Count:  4
Time:  1194.25
Count:  1
Time:  1194.73
t2dSceneGraph::addToScene() - Object '1597' is already in a SceneGraph!.
game/behaviors/game/takesDamage.cs (26): Unknown command getFrame.
  Object (1597) t2dAnimatedSprite -> t2dSceneObject -> BehaviorComponent -> DynamicConsoleMethodComponent -> SimComponent -> SimObject
game/behaviors/game/takesDamage.cs (77): Unknown command setFrame.
  Object (1597) t2dAnimatedSprite -> t2dSceneObject -> BehaviorComponent -> DynamicConsoleMethodComponent -> SimComponent -> SimObject
t2dSceneGraph::addToScene() - Object '1603' is already in a SceneGraph!.
Count:  2
Time:  1195.26
Count:  3
Time:  1195.79
Count:  4
Time:  1199.69
Count:  1
Time:  1200.18
Count:  2
Time:  1200.71
Count:  3
Time:  1201.16
Count:  4
Time:  1202.7
Count:  1
Time:  1203.25
Count:  2
Time:  1203.81
Count:  3
Time:  1204.37
t2dSceneGraph::addToScene() - Object '1605' is already in a SceneGraph!.
game/behaviors/game/takesDamage.cs (26): Unknown command getFrame.
  Object (1605) t2dAnimatedSprite -> t2dSceneObject -> BehaviorComponent -> DynamicConsoleMethodComponent -> SimComponent -> SimObject
game/behaviors/game/takesDamage.cs (77): Unknown command setFrame.
  Object (1605) t2dAnimatedSprite -> t2dSceneObject -> BehaviorComponent -> DynamicConsoleMethodComponent -> SimComponent -> SimObject
t2dSceneGraph::addToScene() - Object '1611' is already in a SceneGraph!.
Count:  4
Time:  1207.87
Count:  1
Time:  1208.37
Count:  2
Time:  1208.94
Count:  3
Time:  1209.49
Count:  4
Time:  1211.41
Count:  1
Time:  1211.99
Count:  2
Time:  1212.53
Count:  3
Time:  1213.09
t2dSceneGraph::addToScene() - Object '1613' is already in a SceneGraph!.
game/behaviors/game/takesDamage.cs (26): Unknown command getFrame.
  Object (1613) t2dAnimatedSprite -> t2dSceneObject -> BehaviorComponent -> DynamicConsoleMethodComponent -> SimComponent -> SimObject
game/behaviors/game/takesDamage.cs (77): Unknown command setFrame.
  Object (1613) t2dAnimatedSprite -> t2dSceneObject -> BehaviorComponent -> DynamicConsoleMethodComponent -> SimComponent -> SimObject
t2dSceneGraph::addToScene() - Object '1619' is already in a SceneGraph!.
Count:  4
Time:  1215.47
Count:  1
Time:  1215.92
Count:  2
Time:  1216.37
Count:  3
Time:  1216.95
Count:  4
Time:  1217.96
Count:  1
Time:  1218.51
Count:  2
Time:  1218.98
t2dSceneGraph::addToScene() - Object '1621' is already in a SceneGraph!.
game/behaviors/game/takesDamage.cs (26): Unknown command getFrame.
  Object (1621) t2dAnimatedSprite -> t2dSceneObject -> BehaviorComponent -> DynamicConsoleMethodComponent -> SimComponent -> SimObject
game/behaviors/game/takesDamage.cs (77): Unknown command setFrame.
  Object (1621) t2dAnimatedSprite -> t2dSceneObject -> BehaviorComponent -> DynamicConsoleMethodComponent -> SimComponent -> SimObject
t2dSceneGraph::addToScene() - Object '1627' is already in a SceneGraph!.
Count:  3
Time:  1219.57
Count:  4
Time:  1222.06
Count:  1
Time:  1222.67
Count:  2
Time:  1223.23
Count:  3
Time:  1223.73
t2dSceneGraph::addToScene() - Object '1629' is already in a SceneGraph!.
game/behaviors/game/takesDamage.cs (26): Unknown command getFrame.
  Object (1629) t2dAnimatedSprite -> t2dSceneObject -> BehaviorComponent -> DynamicConsoleMethodComponent -> SimComponent -> SimObject
game/behaviors/game/takesDamage.cs (77): Unknown command setFrame.
  Object (1629) t2dAnimatedSprite -> t2dSceneObject -> BehaviorComponent -> DynamicConsoleMethodComponent -> SimComponent -> SimObject
t2dSceneGraph::addToScene() - Object '1635' is already in a SceneGraph!.
Count:  4
Time:  1226.01
Count:  1
Time:  1226.51
Count:  2
Time:  1226.99
Count:  3
Time:  1227.56
Count:  4
Time:  1231.18
Count:  1
Time:  1231.85
Count:  2
Time:  1232.34
Count:  3
Time:  1232.94
t2dSceneGraph::addToScene() - Object '1637' is already in a SceneGraph!.
game/behaviors/game/takesDamage.cs (26): Unknown command getFrame.
  Object (1637) t2dAnimatedSprite -> t2dSceneObject -> BehaviorComponent -> DynamicConsoleMethodComponent -> SimComponent -> SimObject
game/behaviors/game/takesDamage.cs (77): Unknown command setFrame.
  Object (1637) t2dAnimatedSprite -> t2dSceneObject -> BehaviorComponent -> DynamicConsoleMethodComponent -> SimComponent -> SimObject
t2dSceneGraph::addToScene() - Object '1643' is already in a SceneGraph!.
Count:  4
Time:  1237.37
Count:  1
Time:  1237.91
Count:  2
Time:  1238.37
Count:  3
Time:  1238.85
Count:  4
Time:  1240.4
Count:  1
Time:  1240.97
Count:  2
Time:  1241.72
Count:  3
Time:  1242.31
Count:  4
Time:  1243.39
Count:  1
Time:  1243.95
Count:  2
Time:  1244.42
Count:  3
Time:  1244.96
t2dSceneGraph::addToScene() - Object '1645' is already in a SceneGraph!.
game/behaviors/game/takesDamage.cs (26): Unknown command getFrame.
  Object (1645) t2dAnimatedSprite -> t2dSceneObject -> BehaviorComponent -> DynamicConsoleMethodComponent -> SimComponent -> SimObject
game/behaviors/game/takesDamage.cs (77): Unknown command setFrame.
  Object (1645) t2dAnimatedSprite -> t2dSceneObject -> BehaviorComponent -> DynamicConsoleMethodComponent -> SimComponent -> SimObject
t2dSceneGraph::addToScene() - Object '1651' is already in a SceneGraph!.
Count:  4
Time:  1246.81
Count:  1
Time:  1247.4
Count:  2
Time:  1247.88
Count:  3
Time:  1248.35
Count:  4
Time:  1251.99
Count:  1
Time:  1252.41
Count:  2
Time:  1252.81
Count:  3
Time:  1253.3
t2dSceneGraph::addToScene() - Object '1653' is already in a SceneGraph!.
game/behaviors/game/takesDamage.cs (26): Unknown command getFrame.
  Object (1653) t2dAnimatedSprite -> t2dSceneObject -> BehaviorComponent -> DynamicConsoleMethodComponent -> SimComponent -> SimObject
game/behaviors/game/takesDamage.cs (77): Unknown command setFrame.
  Object (1653) t2dAnimatedSprite -> t2dSceneObject -> BehaviorComponent -> DynamicConsoleMethodComponent -> SimComponent -> SimObject
t2dSceneGraph::addToScene() - Object '1659' is already in a SceneGraph!.
Count:  4
Time:  1258.65
Count:  1
Time:  1259.1
Count:  2
Time:  1259.61
Count:  3
Time:  1260.08
Count:  4
Time:  1263.69
Count:  1
Time:  1264.12
Count:  2
Time:  1264.64
Count:  3
Time:  1265.18
t2dSceneGraph::addToScene() - Object '1661' is already in a SceneGraph!.
game/behaviors/game/takesDamage.cs (26): Unknown command getFrame.
  Object (1661) t2dAnimatedSprite -> t2dSceneObject -> BehaviorComponent -> DynamicConsoleMethodComponent -> SimComponent -> SimObject
game/behaviors/game/takesDamage.cs (77): Unknown command setFrame.
  Object (1661) t2dAnimatedSprite -> t2dSceneObject -> BehaviorComponent -> DynamicConsoleMethodComponent -> SimComponent -> SimObject
t2dSceneGraph::addToScene() - Object '1667' is already in a SceneGraph!.
Count:  4
Time:  1266.77
Count:  1
Time:  1267.38
Count:  2
Time:  1268.02
Count:  3
Time:  1268.74
Count:  4
Time:  1270.94
Count:  1
Time:  1271.59
Count:  2
Time:  1272.09
Count:  3
Time:  1272.61
Count:  4
Time:  1274.42
t2dSceneGraph::addToScene() - Object '1669' is already in a SceneGraph!.
game/behaviors/game/takesDamage.cs (26): Unknown command getFrame.
  Object (1669) t2dAnimatedSprite -> t2dSceneObject -> BehaviorComponent -> DynamicConsoleMethodComponent -> SimComponent -> SimObject
game/behaviors/game/takesDamage.cs (77): Unknown command setFrame.
  Object (1669) t2dAnimatedSprite -> t2dSceneObject -> BehaviorComponent -> DynamicConsoleMethodComponent -> SimComponent -> SimObject
t2dSceneGraph::addToScene() - Object '1675' is already in a SceneGraph!.
Count:  1
Time:  1274.87
Count:  2
Time:  1275.49
Count:  3
Time:  1276.06
Count:  4
Time:  1277.88
Count:  1
Time:  1278.43
Count:  2
Time:  1278.97
Count:  3
Time:  1279.49
Count:  4
Time:  1281.77
Count:  1
Time:  1282.27
Count:  2
Time:  1282.78
Count:  3
Time:  1283.28
Count:  4
Time:  1285.51
Count:  1
Time:  1286.03
Count:  2
Time:  1286.48
t2dSceneGraph::addToScene() - Object '1677' is already in a SceneGraph!.
game/behaviors/game/takesDamage.cs (26): Unknown command getFrame.
  Object (1677) t2dAnimatedSprite -> t2dSceneObject -> BehaviorComponent -> DynamicConsoleMethodComponent -> SimComponent -> SimObject
game/behaviors/game/takesDamage.cs (77): Unknown command setFrame.
  Object (1677) t2dAnimatedSprite -> t2dSceneObject -> BehaviorComponent -> DynamicConsoleMethodComponent -> SimComponent -> SimObject
t2dSceneGraph::addToScene() - Object '1683' is already in a SceneGraph!.
Count:  3
Time:  1287.04
t2dSceneGraph::addToScene() - Object '1685' is already in a SceneGraph!.
game/behaviors/game/takesDamage.cs (26): Unknown command getFrame.
  Object (1685) t2dAnimatedSprite -> t2dSceneObject -> BehaviorComponent -> DynamicConsoleMethodComponent -> SimComponent -> SimObject
game/behaviors/game/takesDamage.cs (77): Unknown command setFrame.
  Object (1685) t2dAnimatedSprite -> t2dSceneObject -> BehaviorComponent -> DynamicConsoleMethodComponent -> SimComponent -> SimObject
t2dSceneGraph::addToScene() - Object '1692' is already in a SceneGraph!.
Count:  4
Time:  1298.55
Count:  1
Time:  1299.08
Count:  2
Time:  1299.68
Count:  3
Time:  1300.24
Count:  4
Time:  1301.88
Count:  1
Time:  1302.51
t2dSceneGraph::addToScene() - Object '1694' is already in a SceneGraph!.
game/behaviors/game/takesDamage.cs (26): Unknown command getFrame.
  Object (1694) t2dAnimatedSprite -> t2dSceneObject -> BehaviorComponent -> DynamicConsoleMethodComponent -> SimComponent -> SimObject
game/behaviors/game/takesDamage.cs (77): Unknown command setFrame.
  Object (1694) t2dAnimatedSprite -> t2dSceneObject -> BehaviorComponent -> DynamicConsoleMethodComponent -> SimComponent -> SimObject
t2dSceneGraph::addToScene() - Object '1700' is already in a SceneGraph!.
Count:  2
Time:  1303.09
Count:  3
Time:  1303.64
t2dSceneGraph::addToScene() - Object '1702' is already in a SceneGraph!.
Count:  4
Time:  1305.68
Count:  1
Time:  1306.38
Count:  2
Time:  1306.96
Count:  3
Time:  1307.49
Count:  4
Time:  1310.2
Count:  1
Time:  1310.69
Count:  2
Time:  1311.2
Count:  3
Time:  1311.63
t2dSceneGraph::addToScene() - Object '1704' is already in a SceneGraph!.
Count:  4
Time:  1314.04
Count:  1
Time:  1314.6
t2dSceneGraph::addToScene() - Object '1706' is already in a SceneGraph!.
game/behaviors/game/takesDamage.cs (26): Unknown command getFrame.
  Object (1706) t2dAnimatedSprite -> t2dSceneObject -> BehaviorComponent -> DynamicConsoleMethodComponent -> SimComponent -> SimObject
game/behaviors/game/takesDamage.cs (77): Unknown command setFrame.
  Object (1706) t2dAnimatedSprite -> t2dSceneObject -> BehaviorComponent -> DynamicConsoleMethodComponent -> SimComponent -> SimObject
t2dSceneGraph::addToScene() - Object '1712' is already in a SceneGraph!.
Count:  2
Time:  1315.1
Count:  3
Time:  1315.82
t2dSceneGraph::addToScene() - Object '1714' is already in a SceneGraph!.
game/behaviors/game/takesDamage.cs (26): Unknown command getFrame.
  Object (1714) t2dAnimatedSprite -> t2dSceneObject -> BehaviorComponent -> DynamicConsoleMethodComponent -> SimComponent -> SimObject
game/behaviors/game/takesDamage.cs (77): Unknown command setFrame.
  Object (1714) t2dAnimatedSprite -> t2dSceneObject -> BehaviorComponent -> DynamicConsoleMethodComponent -> SimComponent -> SimObject
t2dSceneGraph::addToScene() - Object '1721' is already in a SceneGraph!.
Count:  4
Time:  1320.33
Count:  1
Time:  1320.78
Count:  2
Time:  1321.34
Count:  3
Time:  1321.89
t2dSceneGraph::addToScene() - Object '1723' is already in a SceneGraph!.
game/behaviors/game/takesDamage.cs (26): Unknown command getFrame.
  Object (1723) t2dAnimatedSprite -> t2dSceneObject -> BehaviorComponent -> DynamicConsoleMethodComponent -> SimComponent -> SimObject
game/behaviors/game/takesDamage.cs (77): Unknown command setFrame.
  Object (1723) t2dAnimatedSprite -> t2dSceneObject -> BehaviorComponent -> DynamicConsoleMethodComponent -> SimComponent -> SimObject
t2dSceneGraph::addToScene() - Object '1729' is already in a SceneGraph!.
t2dSceneGraph::addToScene() - Object '1731' is already in a SceneGraph!.
Count:  4
Time:  1324.89
Count:  1
Time:  1325.38
t2dSceneGraph::addToScene() - Object '1733' is already in a SceneGraph!.
game/behaviors/game/takesDamage.cs (26): Unknown command getFrame.
  Object (1733) t2dAnimatedSprite -> t2dSceneObject -> BehaviorComponent -> DynamicConsoleMethodComponent -> SimComponent -> SimObject
game/behaviors/game/takesDamage.cs (77): Unknown command setFrame.
  Object (1733) t2dAnimatedSprite -> t2dSceneObject -> BehaviorComponent -> DynamicConsoleMethodComponent -> SimComponent -> SimObject
t2dSceneGraph::addToScene() - Object '1739' is already in a SceneGraph!.
Count:  2
Time:  1325.9
t2dSceneGraph::addToScene() - Object '1741' is already in a SceneGraph!.
game/behaviors/game/takesDamage.cs (26): Unknown command getFrame.
  Object (1741) t2dAnimatedSprite -> t2dSceneObject -> BehaviorComponent -> DynamicConsoleMethodComponent -> SimComponent -> SimObject
game/behaviors/game/takesDamage.cs (77): Unknown command setFrame.
  Object (1741) t2dAnimatedSprite -> t2dSceneObject -> BehaviorComponent -> DynamicConsoleMethodComponent -> SimComponent -> SimObject
t2dSceneGraph::addToScene() - Object '1747' is already in a SceneGraph!.
Count:  3
Time:  1326.4
Count:  4
Time:  1328.46
Count:  1
Time:  1329.03
Count:  2
Time:  1329.63
Count:  3
Time:  1330.2
t2dSceneGraph::addToScene() - Object '1749' is already in a SceneGraph!.
Count:  4
Time:  1334.15
Count:  1
Time:  1334.76
t2dSceneGraph::addToScene() - Object '1751' is already in a SceneGraph!.
game/behaviors/game/takesDamage.cs (26): Unknown command getFrame.
  Object (1751) t2dAnimatedSprite -> t2dSceneObject -> BehaviorComponent -> DynamicConsoleMethodComponent -> SimComponent -> SimObject
game/behaviors/game/takesDamage.cs (77): Unknown command setFrame.
  Object (1751) t2dAnimatedSprite -> t2dSceneObject -> BehaviorComponent -> DynamicConsoleMethodComponent -> SimComponent -> SimObject
t2dSceneGraph::addToScene() - Object '1757' is already in a SceneGraph!.
Count:  2
Time:  1335.32
t2dSceneGraph::addToScene() - Object '1759' is already in a SceneGraph!.
game/behaviors/game/takesDamage.cs (26): Unknown command getFrame.
  Object (1759) t2dAnimatedSprite -> t2dSceneObject -> BehaviorComponent -> DynamicConsoleMethodComponent -> SimComponent -> SimObject
game/behaviors/game/takesDamage.cs (77): Unknown command setFrame.
  Object (1759) t2dAnimatedSprite -> t2dSceneObject -> BehaviorComponent -> DynamicConsoleMethodComponent -> SimComponent -> SimObject
t2dSceneGraph::addToScene() - Object '1766' is already in a SceneGraph!.
Count:  3
Time:  1335.91
Count:  4
Time:  1337.96
Count:  1
Time:  1338.61
Count:  2
Time:  1339.27
Count:  3
Time:  1340.08
t2dSceneGraph::addToScene() - Object '1768' is already in a SceneGraph!.
game/behaviors/game/takesDamage.cs (26): Unknown command getFrame.
  Object (1768) t2dAnimatedSprite -> t2dSceneObject -> BehaviorComponent -> DynamicConsoleMethodComponent -> SimComponent -> SimObject
game/behaviors/game/takesDamage.cs (77): Unknown command setFrame.
  Object (1768) t2dAnimatedSprite -> t2dSceneObject -> BehaviorComponent -> DynamicConsoleMethodComponent -> SimComponent -> SimObject
t2dSceneGraph::addToScene() - Object '1774' is already in a SceneGraph!.
Count:  4
Time:  1343.29
Count:  1
Time:  1343.89
t2dSceneGraph::addToScene() - Object '1776' is already in a SceneGraph!.
Count:  2
Time:  1344.45
Count:  3
Time:  1345.15
Count:  4
Time:  1348.57
Count:  1
Time:  1349.11
Count:  2
Time:  1349.66
Count:  3
Time:  1350.31
t2dSceneGraph::addToScene() - Object '1778' is already in a SceneGraph!.
Count:  4
Time:  1353.23
Count:  1
Time:  1354.12
t2dSceneGraph::addToScene() - Object '1780' is already in a SceneGraph!.
game/behaviors/game/takesDamage.cs (26): Unknown command getFrame.
  Object (1780) t2dAnimatedSprite -> t2dSceneObject -> BehaviorComponent -> DynamicConsoleMethodComponent -> SimComponent -> SimObject
game/behaviors/game/takesDamage.cs (77): Unknown command setFrame.
  Object (1780) t2dAnimatedSprite -> t2dSceneObject -> BehaviorComponent -> DynamicConsoleMethodComponent -> SimComponent -> SimObject
t2dSceneGraph::addToScene() - Object '1786' is already in a SceneGraph!.
Count:  2
Time:  1354.73
Count:  3
Time:  1355.4
t2dSceneGraph::addToScene() - Object '1788' is already in a SceneGraph!.
game/behaviors/game/takesDamage.cs (26): Unknown command getFrame.
  Object (1788) t2dAnimatedSprite -> t2dSceneObject -> BehaviorComponent -> DynamicConsoleMethodComponent -> SimComponent -> SimObject
game/behaviors/game/takesDamage.cs (77): Unknown command setFrame.
  Object (1788) t2dAnimatedSprite -> t2dSceneObject -> BehaviorComponent -> DynamicConsoleMethodComponent -> SimComponent -> SimObject
t2dSceneGraph::addToScene() - Object '1795' is already in a SceneGraph!.
t2dSceneGraph::addToScene() - Object '1797' is already in a SceneGraph!.
game/behaviors/game/takesDamage.cs (26): Unknown command getFrame.
  Object (1797) t2dAnimatedSprite -> t2dSceneObject -> BehaviorComponent -> DynamicConsoleMethodComponent -> SimComponent -> SimObject
game/behaviors/game/takesDamage.cs (77): Unknown command setFrame.
  Object (1797) t2dAnimatedSprite -> t2dSceneObject -> BehaviorComponent -> DynamicConsoleMethodComponent -> SimComponent -> SimObject
t2dSceneGraph::addToScene() - Object '1803' is already in a SceneGraph!.
Count:  4
Time:  1361.53
Count:  1
Time:  1362
Count:  2
Time:  1362.56
t2dSceneGraph::addToScene() - Object '1805' is already in a SceneGraph!.
game/behaviors/game/takesDamage.cs (26): Unknown command getFrame.
  Object (1805) t2dAnimatedSprite -> t2dSceneObject -> BehaviorComponent -> DynamicConsoleMethodComponent -> SimComponent -> SimObject
game/behaviors/game/takesDamage.cs (77): Unknown command setFrame.
  Object (1805) t2dAnimatedSprite -> t2dSceneObject -> BehaviorComponent -> DynamicConsoleMethodComponent -> SimComponent -> SimObject
t2dSceneGraph::addToScene() - Object '1811' is already in a SceneGraph!.
Count:  3
Time:  1363.07
t2dSceneGraph::addToScene() - Object '1813' is already in a SceneGraph!.
Count:  4
Time:  1366.54
Count:  1
Time:  1367.11
Count:  2
Time:  1367.57
Count:  3
Time:  1368.11
Count:  4
Time:  1369.64
Count:  1
Time:  1370.2
Count:  2
Time:  1370.69
Count:  3
Time:  1371.23
t2dSceneGraph::addToScene() - Object '1815' is already in a SceneGraph!.
Count:  4
Time:  1372.85
Count:  1
Time:  1373.45
t2dSceneGraph::addToScene() - Object '1817' is already in a SceneGraph!.
game/behaviors/game/takesDamage.cs (26): Unknown command getFrame.
  Object (1817) t2dAnimatedSprite -> t2dSceneObject -> BehaviorComponent -> DynamicConsoleMethodComponent -> SimComponent -> SimObject
game/behaviors/game/takesDamage.cs (77): Unknown command setFrame.
  Object (1817) t2dAnimatedSprite -> t2dSceneObject -> BehaviorComponent -> DynamicConsoleMethodComponent -> SimComponent -> SimObject
t2dSceneGraph::addToScene() - Object '1823' is already in a SceneGraph!.
Count:  2
Time:  1373.95
Count:  3
Time:  1374.4
t2dSceneGraph::addToScene() - Object '1825' is already in a SceneGraph!.
game/behaviors/game/takesDamage.cs (26): Unknown command getFrame.
  Object (1825) t2dAnimatedSprite -> t2dSceneObject -> BehaviorComponent -> DynamicConsoleMethodComponent -> SimComponent -> SimObject
game/behaviors/game/takesDamage.cs (77): Unknown command setFrame.
  Object (1825) t2dAnimatedSprite -> t2dSceneObject -> BehaviorComponent -> DynamicConsoleMethodComponent -> SimComponent -> SimObject
t2dSceneGraph::addToScene() - Object '1832' is already in a SceneGraph!.
Count:  4
Time:  1376.1
t2dSceneGraph::addToScene() - Object '1834' is already in a SceneGraph!.
game/behaviors/game/takesDamage.cs (26): Unknown command getFrame.
  Object (1834) t2dAnimatedSprite -> t2dSceneObject -> BehaviorComponent -> DynamicConsoleMethodComponent -> SimComponent -> SimObject
game/behaviors/game/takesDamage.cs (77): Unknown command setFrame.
  Object (1834) t2dAnimatedSprite -> t2dSceneObject -> BehaviorComponent -> DynamicConsoleMethodComponent -> SimComponent -> SimObject
t2dSceneGraph::addToScene() - Object '1840' is already in a SceneGraph!.
t2dSceneGraph::addToScene() - Object '1842' is already in a SceneGraph!.
game/behaviors/game/takesDamage.cs (26): Unknown command getFrame.
  Object (1842) t2dAnimatedSprite -> t2dSceneObject -> BehaviorComponent -> DynamicConsoleMethodComponent -> SimComponent -> SimObject
game/behaviors/game/takesDamage.cs (77): Unknown command setFrame.
  Object (1842) t2dAnimatedSprite -> t2dSceneObject -> BehaviorComponent -> DynamicConsoleMethodComponent -> SimComponent -> SimObject
t2dSceneGraph::addToScene() - Object '1849' is already in a SceneGraph!.
Count:  1
Time:  1376.74
Count:  2
Time:  1377.15
Count:  3
Time:  1377.55
Count:  4
Time:  1378.16
DirectInput deactivated.
Activating DirectInput...
DirectInput deactivated.
Activating DirectInput...
DirectInput deactivated.
Namespace::unlinkClass - cannot unlink namespace parent linkage for DirectionBo for t2dStaticSprite.
Namespace::unlinkClass - cannot unlink namespace parent linkage for ShieldDefense for t2dStaticSprite.
Namespace::unlinkClass - cannot unlink namespace parent linkage for BladeI for t2dStaticSprite.
Namespace::unlinkClass - cannot unlink namespace parent linkage for PauseImage for t2dStaticSprite.
Namespace::unlinkClass - cannot unlink namespace parent linkage for DirectionButton for t2dStaticSprite.
Namespace::unlinkClass - cannot unlink namespace parent linkage for Resume for t2dStaticSprite.
Namespace::unlinkClass - cannot unlink namespace parent linkage for BladeK for t2dStaticSprite.
Namespace::unlinkClass - cannot unlink namespace parent linkage for arrow1 for t2dStaticSprite.
Namespace::unlinkClass - cannot unlink namespace parent linkage for Infantry for t2dAnimatedSprite.
Namespace::unlinkClass - cannot unlink namespace parent linkage for Ta for t2dStaticSprite.
Namespace::unlinkClass - cannot unlink namespace parent linkage for Pon for t2dStaticSprite.
Namespace::unlinkClass - cannot unlink namespace parent linkage for Pa for t2dStaticSprite.
Namespace::unlinkClass - cannot unlink namespace parent linkage for Archer for t2dAnimatedSprite.
Namespace::unlinkClass - cannot unlink namespace parent linkage for Shield for t2dAnimatedSprite.
Namespace::unlinkClass - cannot unlink namespace parent linkage for arrow for t2dStaticSprite.
Namespace::unlinkClass - cannot unlink namespace parent linkage for Knight for t2dAnimatedSprite.
Shutting down the OpenGL display device...
Making the GL rendering context not current...
Deleting the GL rendering context...
Releasing the device context...
