//-------------------------- 12/9/2011 -- 18:50:42 -----
Processor Init:
   Intel Pentium III, ~2.80 Ghz
     (timed at roughly 2.80 Ghz)
   FPU detected
   MMX detected
   SSE detected
 
Math Init:
   Installing Standard C extensions
   Installing Assembly extensions
   Installing FPU extensions
   Installing MMX extensions
   Installing SSE extensions
 
Input Init:
   DirectInput enabled.

Initializing chunk mappings...
Could not load this GL function: glGenTextures
Could not load this GL function: glBindTexture
Could not load this GL function: glTexImage2D
Could not load this GL function: glTexParameteri
Could not load this GL function: glTexParameteri
Could not load this GL function: glTexParameteri
Could not load this GL function: glTexParameteri
Could not load this GL function: glGenTextures
Could not load this GL function: glBindTexture
Could not load this GL function: glTexImage2D
Could not load this GL function: glTexParameteri
Could not load this GL function: glTexParameteri
Could not load this GL function: glTexParameteri
Could not load this GL function: glTexParameteri
   o 'TEXT' maps to TextChunk
   o 'SCHK' maps to UnknownChunk
   o 'SCHK' maps to SimChunk
Loading compiled script C:/Users/Kin/Dropbox/Stevens/Fall 2011_Shared/Team Soybean - Yang, Xinlei, Tuo, Renyuan/Project Source Code/BattleDrum - New Art Style/common/main.cs.
Loading compiled script C:/Users/Kin/Dropbox/Stevens/Fall 2011_Shared/Team Soybean - Yang, Xinlei, Tuo, Renyuan/Project Source Code/BattleDrum - New Art Style/game/main.cs.
 % - Initializing Common
Loading compiled script C:/Users/Kin/Dropbox/Stevens/Fall 2011_Shared/Team Soybean - Yang, Xinlei, Tuo, Renyuan/Project Source Code/BattleDrum - New Art Style/common/preferences/defaultPrefs.cs.
Reading Display Device information...
   Primary Display Device Found:
      Vendor Id: VEN_0000
      Device Id: DEV_0000

Using OpenGL rendering. Fullscreen: 0

Loading compiled script C:/Users/Kin/Dropbox/Stevens/Fall 2011_Shared/Team Soybean - Yang, Xinlei, Tuo, Renyuan/Project Source Code/BattleDrum - New Art Style/common/gameScripts/xml.cs.
Loading compiled script C:/Users/Kin/Dropbox/Stevens/Fall 2011_Shared/Team Soybean - Yang, Xinlei, Tuo, Renyuan/Project Source Code/BattleDrum - New Art Style/common/gameScripts/properties.cs.
Loading compiled script C:/Users/Kin/Dropbox/Stevens/Fall 2011_Shared/Team Soybean - Yang, Xinlei, Tuo, Renyuan/Project Source Code/BattleDrum - New Art Style/common/gameScripts/common.cs.
Loading compiled script C:/Users/Kin/Dropbox/Stevens/Fall 2011_Shared/Team Soybean - Yang, Xinlei, Tuo, Renyuan/Project Source Code/BattleDrum - New Art Style/common/gameScripts/audio.cs.
Loading compiled script C:/Users/Kin/Dropbox/Stevens/Fall 2011_Shared/Team Soybean - Yang, Xinlei, Tuo, Renyuan/Project Source Code/BattleDrum - New Art Style/common/gameScripts/canvas.cs.
Loading compiled script C:/Users/Kin/Dropbox/Stevens/Fall 2011_Shared/Team Soybean - Yang, Xinlei, Tuo, Renyuan/Project Source Code/BattleDrum - New Art Style/common/gameScripts/cursor.cs.
Video Init:
   Accelerated OpenGL display device detected.
   Accelerated D3D device detected.
   Voodoo 2 display device not detected.

Activating the OpenGL display device...
Activating the OpenGL display device...
Setting screen mode to 800x600x32 (w)...
Creating a new window...
Acquiring a new device context...
Pixel format set:
  32 color bits, 24 depth bits, 8 stencil bits
Creating a new rendering context...
Making the new rendering context current...
OpenGL driver information:
  Vendor: NVIDIA Corporation
  Renderer: GeForce 9600M GT/PCI/SSE2
  Version: 3.3.0
OpenGL Init: Enabled Extensions
  ARB_multitexture (Max Texture Units: 4)
  EXT_blend_color
  EXT_blend_minmax
  EXT_compiled_vertex_array
  NV_vertex_array_range
  EXT_texture_env_combine
  EXT_packed_pixels
  EXT_fog_coord
  ARB_texture_compression
  EXT_texture_compression_s3tc
  (ARB|EXT)_texture_env_add
  EXT_texture_filter_anisotropic (Max anisotropy: 16)
  WGL_EXT_swap_control
OpenGL Init: Disabled Extensions
  EXT_paletted_texture
  3DFX_texture_compression_FXT1

Max Texture Size reported as: 8192
Setting screen mode to 1280x768x32 (w)...
OpenAL Driver Init:
   Vendor: Creative Labs Inc.
   Version: OpenAL 1.0
   Renderer: Software
   Extensions: EAX 2.0, EAX 3.0, EAX Unified, and EAX-AC3

Loading compiled script C:/Users/Kin/Dropbox/Stevens/Fall 2011_Shared/Team Soybean - Yang, Xinlei, Tuo, Renyuan/Project Source Code/BattleDrum - New Art Style/common/gui/profiles.cs.
Loading compiled script C:/Users/Kin/Dropbox/Stevens/Fall 2011_Shared/Team Soybean - Yang, Xinlei, Tuo, Renyuan/Project Source Code/BattleDrum - New Art Style/common/gui/cursors.cs.
Loading compiled script C:/Users/Kin/Dropbox/Stevens/Fall 2011_Shared/Team Soybean - Yang, Xinlei, Tuo, Renyuan/Project Source Code/BattleDrum - New Art Style/common/gui/messageBoxOk.gui.
Loading compiled script C:/Users/Kin/Dropbox/Stevens/Fall 2011_Shared/Team Soybean - Yang, Xinlei, Tuo, Renyuan/Project Source Code/BattleDrum - New Art Style/common/gui/messageBoxYesNo.gui.
Loading compiled script C:/Users/Kin/Dropbox/Stevens/Fall 2011_Shared/Team Soybean - Yang, Xinlei, Tuo, Renyuan/Project Source Code/BattleDrum - New Art Style/common/gui/messageBoxYesNoCancel.gui.
Loading compiled script C:/Users/Kin/Dropbox/Stevens/Fall 2011_Shared/Team Soybean - Yang, Xinlei, Tuo, Renyuan/Project Source Code/BattleDrum - New Art Style/common/gui/messageBoxOKCancel.gui.
Loading compiled script C:/Users/Kin/Dropbox/Stevens/Fall 2011_Shared/Team Soybean - Yang, Xinlei, Tuo, Renyuan/Project Source Code/BattleDrum - New Art Style/common/gui/messageBoxOKCancelDetailsDlg.gui.
Loading compiled script C:/Users/Kin/Dropbox/Stevens/Fall 2011_Shared/Team Soybean - Yang, Xinlei, Tuo, Renyuan/Project Source Code/BattleDrum - New Art Style/common/gui/messagePopup.gui.
Loading compiled script C:/Users/Kin/Dropbox/Stevens/Fall 2011_Shared/Team Soybean - Yang, Xinlei, Tuo, Renyuan/Project Source Code/BattleDrum - New Art Style/common/gui/options.gui.
Loading compiled script C:/Users/Kin/Dropbox/Stevens/Fall 2011_Shared/Team Soybean - Yang, Xinlei, Tuo, Renyuan/Project Source Code/BattleDrum - New Art Style/common/gui/remap.gui.
Loading compiled script C:/Users/Kin/Dropbox/Stevens/Fall 2011_Shared/Team Soybean - Yang, Xinlei, Tuo, Renyuan/Project Source Code/BattleDrum - New Art Style/common/gui/console.gui.
Loading compiled script C:/Users/Kin/Dropbox/Stevens/Fall 2011_Shared/Team Soybean - Yang, Xinlei, Tuo, Renyuan/Project Source Code/BattleDrum - New Art Style/common/gui/NetworkMenu.gui.
Loading compiled script C:/Users/Kin/Dropbox/Stevens/Fall 2011_Shared/Team Soybean - Yang, Xinlei, Tuo, Renyuan/Project Source Code/BattleDrum - New Art Style/common/gui/startServer.gui.
Loading compiled script C:/Users/Kin/Dropbox/Stevens/Fall 2011_Shared/Team Soybean - Yang, Xinlei, Tuo, Renyuan/Project Source Code/BattleDrum - New Art Style/common/gui/joinServer.gui.
Loading compiled script C:/Users/Kin/Dropbox/Stevens/Fall 2011_Shared/Team Soybean - Yang, Xinlei, Tuo, Renyuan/Project Source Code/BattleDrum - New Art Style/common/gui/waitingForServer.gui.
Loading compiled script C:/Users/Kin/Dropbox/Stevens/Fall 2011_Shared/Team Soybean - Yang, Xinlei, Tuo, Renyuan/Project Source Code/BattleDrum - New Art Style/common/gui/helpDlg.gui.
Loading compiled script C:/Users/Kin/Dropbox/Stevens/Fall 2011_Shared/Team Soybean - Yang, Xinlei, Tuo, Renyuan/Project Source Code/BattleDrum - New Art Style/common/gui/messageBox.cs.
Loading compiled script C:/Users/Kin/Dropbox/Stevens/Fall 2011_Shared/Team Soybean - Yang, Xinlei, Tuo, Renyuan/Project Source Code/BattleDrum - New Art Style/common/gui/help.cs.
Loading compiled script C:/Users/Kin/Dropbox/Stevens/Fall 2011_Shared/Team Soybean - Yang, Xinlei, Tuo, Renyuan/Project Source Code/BattleDrum - New Art Style/common/gui/chatGui.gui.
Loading compiled script C:/Users/Kin/Dropbox/Stevens/Fall 2011_Shared/Team Soybean - Yang, Xinlei, Tuo, Renyuan/Project Source Code/BattleDrum - New Art Style/common/gameScripts/screenshot.cs.
Loading compiled script C:/Users/Kin/Dropbox/Stevens/Fall 2011_Shared/Team Soybean - Yang, Xinlei, Tuo, Renyuan/Project Source Code/BattleDrum - New Art Style/common/gameScripts/metrics.cs.
Loading compiled script C:/Users/Kin/Dropbox/Stevens/Fall 2011_Shared/Team Soybean - Yang, Xinlei, Tuo, Renyuan/Project Source Code/BattleDrum - New Art Style/common/Gui/FrameOverlayGui.gui.
Loading compiled script C:/Users/Kin/Dropbox/Stevens/Fall 2011_Shared/Team Soybean - Yang, Xinlei, Tuo, Renyuan/Project Source Code/BattleDrum - New Art Style/common/gameScripts/scriptDoc.cs.
Loading compiled script C:/Users/Kin/Dropbox/Stevens/Fall 2011_Shared/Team Soybean - Yang, Xinlei, Tuo, Renyuan/Project Source Code/BattleDrum - New Art Style/common/gameScripts/keybindings.cs.
Loading compiled script C:/Users/Kin/Dropbox/Stevens/Fall 2011_Shared/Team Soybean - Yang, Xinlei, Tuo, Renyuan/Project Source Code/BattleDrum - New Art Style/common/gameScripts/options.cs.
Loading compiled script C:/Users/Kin/Dropbox/Stevens/Fall 2011_Shared/Team Soybean - Yang, Xinlei, Tuo, Renyuan/Project Source Code/BattleDrum - New Art Style/common/gameScripts/levelManagement.cs.
Loading compiled script C:/Users/Kin/Dropbox/Stevens/Fall 2011_Shared/Team Soybean - Yang, Xinlei, Tuo, Renyuan/Project Source Code/BattleDrum - New Art Style/common/gameScripts/projectManagement.cs.
Loading compiled script C:/Users/Kin/Dropbox/Stevens/Fall 2011_Shared/Team Soybean - Yang, Xinlei, Tuo, Renyuan/Project Source Code/BattleDrum - New Art Style/common/gameScripts/projectResources.cs.
Loading compiled script C:/Users/Kin/Dropbox/Stevens/Fall 2011_Shared/Team Soybean - Yang, Xinlei, Tuo, Renyuan/Project Source Code/BattleDrum - New Art Style/common/gameScripts/align.cs.

Torque Game Builder (v1.7.4) initialized...
Loading compiled script C:/Users/Kin/Dropbox/Stevens/Fall 2011_Shared/Team Soybean - Yang, Xinlei, Tuo, Renyuan/Project Source Code/BattleDrum - New Art Style/game/managed/datablocks.cs.
Loading compiled script C:/Users/Kin/Dropbox/Stevens/Fall 2011_Shared/Team Soybean - Yang, Xinlei, Tuo, Renyuan/Project Source Code/BattleDrum - New Art Style/game/managed/persistent.cs.
Loading compiled script C:/Users/Kin/Dropbox/Stevens/Fall 2011_Shared/Team Soybean - Yang, Xinlei, Tuo, Renyuan/Project Source Code/BattleDrum - New Art Style/game/managed/brushes.cs.
Loading compiled script C:/Users/Kin/Dropbox/Stevens/Fall 2011_Shared/Team Soybean - Yang, Xinlei, Tuo, Renyuan/Project Source Code/BattleDrum - New Art Style/game/gameScripts/datablocks.cs.
Compiling C:/Users/Kin/Dropbox/Stevens/Fall 2011_Shared/Team Soybean - Yang, Xinlei, Tuo, Renyuan/Project Source Code/BattleDrum - New Art Style/game/behaviors/physics/rigidBody.cs...
Compiling C:/Users/Kin/Dropbox/Stevens/Fall 2011_Shared/Team Soybean - Yang, Xinlei, Tuo, Renyuan/Project Source Code/BattleDrum - New Art Style/game/behaviors/input/thrusterControls.cs...
Compiling C:/Users/Kin/Dropbox/Stevens/Fall 2011_Shared/Team Soybean - Yang, Xinlei, Tuo, Renyuan/Project Source Code/BattleDrum - New Art Style/game/behaviors/input/tankControls.cs...
Compiling C:/Users/Kin/Dropbox/Stevens/Fall 2011_Shared/Team Soybean - Yang, Xinlei, Tuo, Renyuan/Project Source Code/BattleDrum - New Art Style/game/behaviors/input/shooterControls.cs...
Compiling C:/Users/Kin/Dropbox/Stevens/Fall 2011_Shared/Team Soybean - Yang, Xinlei, Tuo, Renyuan/Project Source Code/BattleDrum - New Art Style/game/behaviors/input/PauseBehaviour.cs...
Compiling C:/Users/Kin/Dropbox/Stevens/Fall 2011_Shared/Team Soybean - Yang, Xinlei, Tuo, Renyuan/Project Source Code/BattleDrum - New Art Style/game/behaviors/input/mouseDraggable.cs...
Compiling C:/Users/Kin/Dropbox/Stevens/Fall 2011_Shared/Team Soybean - Yang, Xinlei, Tuo, Renyuan/Project Source Code/BattleDrum - New Art Style/game/behaviors/input/mouseDownVelocity.cs...
Compiling C:/Users/Kin/Dropbox/Stevens/Fall 2011_Shared/Team Soybean - Yang, Xinlei, Tuo, Renyuan/Project Source Code/BattleDrum - New Art Style/game/behaviors/input/mouseDownScale.cs...
Compiling C:/Users/Kin/Dropbox/Stevens/Fall 2011_Shared/Team Soybean - Yang, Xinlei, Tuo, Renyuan/Project Source Code/BattleDrum - New Art Style/game/behaviors/input/mouseDownRotate.cs...
Compiling C:/Users/Kin/Dropbox/Stevens/Fall 2011_Shared/Team Soybean - Yang, Xinlei, Tuo, Renyuan/Project Source Code/BattleDrum - New Art Style/game/behaviors/input/mouseDownExplode.cs...
Compiling C:/Users/Kin/Dropbox/Stevens/Fall 2011_Shared/Team Soybean - Yang, Xinlei, Tuo, Renyuan/Project Source Code/BattleDrum - New Art Style/game/behaviors/input/mouseDownConstantForce.cs...
Compiling C:/Users/Kin/Dropbox/Stevens/Fall 2011_Shared/Team Soybean - Yang, Xinlei, Tuo, Renyuan/Project Source Code/BattleDrum - New Art Style/game/behaviors/input/genericInputAction.cs...
Compiling C:/Users/Kin/Dropbox/Stevens/Fall 2011_Shared/Team Soybean - Yang, Xinlei, Tuo, Renyuan/Project Source Code/BattleDrum - New Art Style/game/behaviors/input/followMouseEx.cs...
Compiling C:/Users/Kin/Dropbox/Stevens/Fall 2011_Shared/Team Soybean - Yang, Xinlei, Tuo, Renyuan/Project Source Code/BattleDrum - New Art Style/game/behaviors/input/followMouse.cs...
Compiling C:/Users/Kin/Dropbox/Stevens/Fall 2011_Shared/Team Soybean - Yang, Xinlei, Tuo, Renyuan/Project Source Code/BattleDrum - New Art Style/game/behaviors/input/fleeMouse.cs...
Compiling C:/Users/Kin/Dropbox/Stevens/Fall 2011_Shared/Team Soybean - Yang, Xinlei, Tuo, Renyuan/Project Source Code/BattleDrum - New Art Style/game/behaviors/input/faceMouse.cs...
Compiling C:/Users/Kin/Dropbox/Stevens/Fall 2011_Shared/Team Soybean - Yang, Xinlei, Tuo, Renyuan/Project Source Code/BattleDrum - New Art Style/game/behaviors/input/asteroidsControls.cs...
Compiling C:/Users/Kin/Dropbox/Stevens/Fall 2011_Shared/Team Soybean - Yang, Xinlei, Tuo, Renyuan/Project Source Code/BattleDrum - New Art Style/game/behaviors/input/alignToJoystick.cs...
Compiling C:/Users/Kin/Dropbox/Stevens/Fall 2011_Shared/Team Soybean - Yang, Xinlei, Tuo, Renyuan/Project Source Code/BattleDrum - New Art Style/game/behaviors/gui/objectOverlay.cs...
Compiling C:/Users/Kin/Dropbox/Stevens/Fall 2011_Shared/Team Soybean - Yang, Xinlei, Tuo, Renyuan/Project Source Code/BattleDrum - New Art Style/game/behaviors/gui/mouseOverGrow.cs...
Compiling C:/Users/Kin/Dropbox/Stevens/Fall 2011_Shared/Team Soybean - Yang, Xinlei, Tuo, Renyuan/Project Source Code/BattleDrum - New Art Style/game/behaviors/gui/genericButton.cs...
Compiling C:/Users/Kin/Dropbox/Stevens/Fall 2011_Shared/Team Soybean - Yang, Xinlei, Tuo, Renyuan/Project Source Code/BattleDrum - New Art Style/game/behaviors/game/worldLimitWrap.cs...
Compiling C:/Users/Kin/Dropbox/Stevens/Fall 2011_Shared/Team Soybean - Yang, Xinlei, Tuo, Renyuan/Project Source Code/BattleDrum - New Art Style/game/behaviors/game/template.cs...
Compiling C:/Users/Kin/Dropbox/Stevens/Fall 2011_Shared/Team Soybean - Yang, Xinlei, Tuo, Renyuan/Project Source Code/BattleDrum - New Art Style/game/behaviors/game/takesDamageAdv.cs...
Compiling C:/Users/Kin/Dropbox/Stevens/Fall 2011_Shared/Team Soybean - Yang, Xinlei, Tuo, Renyuan/Project Source Code/BattleDrum - New Art Style/game/behaviors/game/takesDamage.cs...
Compiling C:/Users/Kin/Dropbox/Stevens/Fall 2011_Shared/Team Soybean - Yang, Xinlei, Tuo, Renyuan/Project Source Code/BattleDrum - New Art Style/game/behaviors/game/shootsAdv.cs...
Compiling C:/Users/Kin/Dropbox/Stevens/Fall 2011_Shared/Team Soybean - Yang, Xinlei, Tuo, Renyuan/Project Source Code/BattleDrum - New Art Style/game/behaviors/game/shoots.cs...
Compiling C:/Users/Kin/Dropbox/Stevens/Fall 2011_Shared/Team Soybean - Yang, Xinlei, Tuo, Renyuan/Project Source Code/BattleDrum - New Art Style/game/behaviors/game/scoreShowHighest.cs...
Compiling C:/Users/Kin/Dropbox/Stevens/Fall 2011_Shared/Team Soybean - Yang, Xinlei, Tuo, Renyuan/Project Source Code/BattleDrum - New Art Style/game/behaviors/game/scoreOnEvent.cs...
Compiling C:/Users/Kin/Dropbox/Stevens/Fall 2011_Shared/Team Soybean - Yang, Xinlei, Tuo, Renyuan/Project Source Code/BattleDrum - New Art Style/game/behaviors/game/scoreBoard.cs...
Compiling C:/Users/Kin/Dropbox/Stevens/Fall 2011_Shared/Team Soybean - Yang, Xinlei, Tuo, Renyuan/Project Source Code/BattleDrum - New Art Style/game/behaviors/game/mouseDownDamage.cs...
Compiling C:/Users/Kin/Dropbox/Stevens/Fall 2011_Shared/Team Soybean - Yang, Xinlei, Tuo, Renyuan/Project Source Code/BattleDrum - New Art Style/game/behaviors/game/dealsDamageAdv.cs...
Compiling C:/Users/Kin/Dropbox/Stevens/Fall 2011_Shared/Team Soybean - Yang, Xinlei, Tuo, Renyuan/Project Source Code/BattleDrum - New Art Style/game/behaviors/game/dealsDamage.cs...
Compiling C:/Users/Kin/Dropbox/Stevens/Fall 2011_Shared/Team Soybean - Yang, Xinlei, Tuo, Renyuan/Project Source Code/BattleDrum - New Art Style/game/behaviors/game/basementTakedamage.cs...
Compiling C:/Users/Kin/Dropbox/Stevens/Fall 2011_Shared/Team Soybean - Yang, Xinlei, Tuo, Renyuan/Project Source Code/BattleDrum - New Art Style/game/behaviors/effects/worldLimitParticles.cs...
Compiling C:/Users/Kin/Dropbox/Stevens/Fall 2011_Shared/Team Soybean - Yang, Xinlei, Tuo, Renyuan/Project Source Code/BattleDrum - New Art Style/game/behaviors/effects/swapImageOnCollision.cs...
Compiling C:/Users/Kin/Dropbox/Stevens/Fall 2011_Shared/Team Soybean - Yang, Xinlei, Tuo, Renyuan/Project Source Code/BattleDrum - New Art Style/game/behaviors/effects/selfDestruct.cs...
Compiling C:/Users/Kin/Dropbox/Stevens/Fall 2011_Shared/Team Soybean - Yang, Xinlei, Tuo, Renyuan/Project Source Code/BattleDrum - New Art Style/game/behaviors/effects/fadeMask.cs...
Compiling C:/Users/Kin/Dropbox/Stevens/Fall 2011_Shared/Team Soybean - Yang, Xinlei, Tuo, Renyuan/Project Source Code/BattleDrum - New Art Style/game/behaviors/effects/contrail.cs...
Compiling C:/Users/Kin/Dropbox/Stevens/Fall 2011_Shared/Team Soybean - Yang, Xinlei, Tuo, Renyuan/Project Source Code/BattleDrum - New Art Style/game/behaviors/effects/collisionParticles.cs...
Compiling C:/Users/Kin/Dropbox/Stevens/Fall 2011_Shared/Team Soybean - Yang, Xinlei, Tuo, Renyuan/Project Source Code/BattleDrum - New Art Style/game/behaviors/effects/cameraMove.cs...
Compiling C:/Users/Kin/Dropbox/Stevens/Fall 2011_Shared/Team Soybean - Yang, Xinlei, Tuo, Renyuan/Project Source Code/BattleDrum - New Art Style/game/behaviors/ai/timerShootsAdv.cs...
Compiling C:/Users/Kin/Dropbox/Stevens/Fall 2011_Shared/Team Soybean - Yang, Xinlei, Tuo, Renyuan/Project Source Code/BattleDrum - New Art Style/game/behaviors/ai/timerShoots.cs...
Compiling C:/Users/Kin/Dropbox/Stevens/Fall 2011_Shared/Team Soybean - Yang, Xinlei, Tuo, Renyuan/Project Source Code/BattleDrum - New Art Style/game/behaviors/ai/spawnOnRemove.cs...
Compiling C:/Users/Kin/Dropbox/Stevens/Fall 2011_Shared/Team Soybean - Yang, Xinlei, Tuo, Renyuan/Project Source Code/BattleDrum - New Art Style/game/behaviors/ai/spawnGroup.cs...
Compiling C:/Users/Kin/Dropbox/Stevens/Fall 2011_Shared/Team Soybean - Yang, Xinlei, Tuo, Renyuan/Project Source Code/BattleDrum - New Art Style/game/behaviors/ai/spawnArea.cs...
Compiling C:/Users/Kin/Dropbox/Stevens/Fall 2011_Shared/Team Soybean - Yang, Xinlei, Tuo, Renyuan/Project Source Code/BattleDrum - New Art Style/game/behaviors/ai/randomVelocity.cs...
Compiling C:/Users/Kin/Dropbox/Stevens/Fall 2011_Shared/Team Soybean - Yang, Xinlei, Tuo, Renyuan/Project Source Code/BattleDrum - New Art Style/game/behaviors/ai/moveWave.cs...
Compiling C:/Users/Kin/Dropbox/Stevens/Fall 2011_Shared/Team Soybean - Yang, Xinlei, Tuo, Renyuan/Project Source Code/BattleDrum - New Art Style/game/behaviors/ai/moveToward.cs...
Compiling C:/Users/Kin/Dropbox/Stevens/Fall 2011_Shared/Team Soybean - Yang, Xinlei, Tuo, Renyuan/Project Source Code/BattleDrum - New Art Style/game/behaviors/ai/moveForward.cs...
Compiling C:/Users/Kin/Dropbox/Stevens/Fall 2011_Shared/Team Soybean - Yang, Xinlei, Tuo, Renyuan/Project Source Code/BattleDrum - New Art Style/game/behaviors/ai/mountToOnAdd.cs...
Compiling C:/Users/Kin/Dropbox/Stevens/Fall 2011_Shared/Team Soybean - Yang, Xinlei, Tuo, Renyuan/Project Source Code/BattleDrum - New Art Style/game/behaviors/ai/faceObject.cs...
Loading compiled script C:/Users/Kin/Dropbox/Stevens/Fall 2011_Shared/Team Soybean - Yang, Xinlei, Tuo, Renyuan/Project Source Code/BattleDrum - New Art Style/game/behaviors/physics/rigidBody.cs.
Loading compiled script C:/Users/Kin/Dropbox/Stevens/Fall 2011_Shared/Team Soybean - Yang, Xinlei, Tuo, Renyuan/Project Source Code/BattleDrum - New Art Style/game/behaviors/input/thrusterControls.cs.
Loading compiled script C:/Users/Kin/Dropbox/Stevens/Fall 2011_Shared/Team Soybean - Yang, Xinlei, Tuo, Renyuan/Project Source Code/BattleDrum - New Art Style/game/behaviors/input/tankControls.cs.
Loading compiled script C:/Users/Kin/Dropbox/Stevens/Fall 2011_Shared/Team Soybean - Yang, Xinlei, Tuo, Renyuan/Project Source Code/BattleDrum - New Art Style/game/behaviors/input/shooterControls.cs.
Loading compiled script C:/Users/Kin/Dropbox/Stevens/Fall 2011_Shared/Team Soybean - Yang, Xinlei, Tuo, Renyuan/Project Source Code/BattleDrum - New Art Style/game/behaviors/input/PauseBehaviour.cs.
Loading compiled script C:/Users/Kin/Dropbox/Stevens/Fall 2011_Shared/Team Soybean - Yang, Xinlei, Tuo, Renyuan/Project Source Code/BattleDrum - New Art Style/game/behaviors/input/mouseDraggable.cs.
Loading compiled script C:/Users/Kin/Dropbox/Stevens/Fall 2011_Shared/Team Soybean - Yang, Xinlei, Tuo, Renyuan/Project Source Code/BattleDrum - New Art Style/game/behaviors/input/mouseDownVelocity.cs.
Loading compiled script C:/Users/Kin/Dropbox/Stevens/Fall 2011_Shared/Team Soybean - Yang, Xinlei, Tuo, Renyuan/Project Source Code/BattleDrum - New Art Style/game/behaviors/input/mouseDownScale.cs.
Loading compiled script C:/Users/Kin/Dropbox/Stevens/Fall 2011_Shared/Team Soybean - Yang, Xinlei, Tuo, Renyuan/Project Source Code/BattleDrum - New Art Style/game/behaviors/input/mouseDownRotate.cs.
Loading compiled script C:/Users/Kin/Dropbox/Stevens/Fall 2011_Shared/Team Soybean - Yang, Xinlei, Tuo, Renyuan/Project Source Code/BattleDrum - New Art Style/game/behaviors/input/mouseDownExplode.cs.
Loading compiled script C:/Users/Kin/Dropbox/Stevens/Fall 2011_Shared/Team Soybean - Yang, Xinlei, Tuo, Renyuan/Project Source Code/BattleDrum - New Art Style/game/behaviors/input/mouseDownConstantForce.cs.
Loading compiled script C:/Users/Kin/Dropbox/Stevens/Fall 2011_Shared/Team Soybean - Yang, Xinlei, Tuo, Renyuan/Project Source Code/BattleDrum - New Art Style/game/behaviors/input/genericInputAction.cs.
Loading compiled script C:/Users/Kin/Dropbox/Stevens/Fall 2011_Shared/Team Soybean - Yang, Xinlei, Tuo, Renyuan/Project Source Code/BattleDrum - New Art Style/game/behaviors/input/followMouseEx.cs.
Loading compiled script C:/Users/Kin/Dropbox/Stevens/Fall 2011_Shared/Team Soybean - Yang, Xinlei, Tuo, Renyuan/Project Source Code/BattleDrum - New Art Style/game/behaviors/input/followMouse.cs.
Loading compiled script C:/Users/Kin/Dropbox/Stevens/Fall 2011_Shared/Team Soybean - Yang, Xinlei, Tuo, Renyuan/Project Source Code/BattleDrum - New Art Style/game/behaviors/input/fleeMouse.cs.
Loading compiled script C:/Users/Kin/Dropbox/Stevens/Fall 2011_Shared/Team Soybean - Yang, Xinlei, Tuo, Renyuan/Project Source Code/BattleDrum - New Art Style/game/behaviors/input/faceMouse.cs.
Loading compiled script C:/Users/Kin/Dropbox/Stevens/Fall 2011_Shared/Team Soybean - Yang, Xinlei, Tuo, Renyuan/Project Source Code/BattleDrum - New Art Style/game/behaviors/input/asteroidsControls.cs.
Loading compiled script C:/Users/Kin/Dropbox/Stevens/Fall 2011_Shared/Team Soybean - Yang, Xinlei, Tuo, Renyuan/Project Source Code/BattleDrum - New Art Style/game/behaviors/input/alignToJoystick.cs.
Loading compiled script C:/Users/Kin/Dropbox/Stevens/Fall 2011_Shared/Team Soybean - Yang, Xinlei, Tuo, Renyuan/Project Source Code/BattleDrum - New Art Style/game/behaviors/gui/objectOverlay.cs.
Loading compiled script C:/Users/Kin/Dropbox/Stevens/Fall 2011_Shared/Team Soybean - Yang, Xinlei, Tuo, Renyuan/Project Source Code/BattleDrum - New Art Style/game/behaviors/gui/mouseOverGrow.cs.
Loading compiled script C:/Users/Kin/Dropbox/Stevens/Fall 2011_Shared/Team Soybean - Yang, Xinlei, Tuo, Renyuan/Project Source Code/BattleDrum - New Art Style/game/behaviors/gui/genericButton.cs.
Loading compiled script C:/Users/Kin/Dropbox/Stevens/Fall 2011_Shared/Team Soybean - Yang, Xinlei, Tuo, Renyuan/Project Source Code/BattleDrum - New Art Style/game/behaviors/game/worldLimitWrap.cs.
Loading compiled script C:/Users/Kin/Dropbox/Stevens/Fall 2011_Shared/Team Soybean - Yang, Xinlei, Tuo, Renyuan/Project Source Code/BattleDrum - New Art Style/game/behaviors/game/template.cs.
Loading compiled script C:/Users/Kin/Dropbox/Stevens/Fall 2011_Shared/Team Soybean - Yang, Xinlei, Tuo, Renyuan/Project Source Code/BattleDrum - New Art Style/game/behaviors/game/takesDamageAdv.cs.
Loading compiled script C:/Users/Kin/Dropbox/Stevens/Fall 2011_Shared/Team Soybean - Yang, Xinlei, Tuo, Renyuan/Project Source Code/BattleDrum - New Art Style/game/behaviors/game/takesDamage.cs.
Loading compiled script C:/Users/Kin/Dropbox/Stevens/Fall 2011_Shared/Team Soybean - Yang, Xinlei, Tuo, Renyuan/Project Source Code/BattleDrum - New Art Style/game/behaviors/game/shootsAdv.cs.
Loading compiled script C:/Users/Kin/Dropbox/Stevens/Fall 2011_Shared/Team Soybean - Yang, Xinlei, Tuo, Renyuan/Project Source Code/BattleDrum - New Art Style/game/behaviors/game/shoots.cs.
Loading compiled script C:/Users/Kin/Dropbox/Stevens/Fall 2011_Shared/Team Soybean - Yang, Xinlei, Tuo, Renyuan/Project Source Code/BattleDrum - New Art Style/game/behaviors/game/scoreShowHighest.cs.
Loading compiled script C:/Users/Kin/Dropbox/Stevens/Fall 2011_Shared/Team Soybean - Yang, Xinlei, Tuo, Renyuan/Project Source Code/BattleDrum - New Art Style/game/behaviors/game/scoreOnEvent.cs.
Loading compiled script C:/Users/Kin/Dropbox/Stevens/Fall 2011_Shared/Team Soybean - Yang, Xinlei, Tuo, Renyuan/Project Source Code/BattleDrum - New Art Style/game/behaviors/game/scoreBoard.cs.
Loading compiled script C:/Users/Kin/Dropbox/Stevens/Fall 2011_Shared/Team Soybean - Yang, Xinlei, Tuo, Renyuan/Project Source Code/BattleDrum - New Art Style/game/behaviors/game/mouseDownDamage.cs.
Loading compiled script C:/Users/Kin/Dropbox/Stevens/Fall 2011_Shared/Team Soybean - Yang, Xinlei, Tuo, Renyuan/Project Source Code/BattleDrum - New Art Style/game/behaviors/game/dealsDamageAdv.cs.
Loading compiled script C:/Users/Kin/Dropbox/Stevens/Fall 2011_Shared/Team Soybean - Yang, Xinlei, Tuo, Renyuan/Project Source Code/BattleDrum - New Art Style/game/behaviors/game/dealsDamage.cs.
Loading compiled script C:/Users/Kin/Dropbox/Stevens/Fall 2011_Shared/Team Soybean - Yang, Xinlei, Tuo, Renyuan/Project Source Code/BattleDrum - New Art Style/game/behaviors/game/basementTakedamage.cs.
Loading compiled script C:/Users/Kin/Dropbox/Stevens/Fall 2011_Shared/Team Soybean - Yang, Xinlei, Tuo, Renyuan/Project Source Code/BattleDrum - New Art Style/game/behaviors/effects/worldLimitParticles.cs.
Loading compiled script C:/Users/Kin/Dropbox/Stevens/Fall 2011_Shared/Team Soybean - Yang, Xinlei, Tuo, Renyuan/Project Source Code/BattleDrum - New Art Style/game/behaviors/effects/swapImageOnCollision.cs.
Loading compiled script C:/Users/Kin/Dropbox/Stevens/Fall 2011_Shared/Team Soybean - Yang, Xinlei, Tuo, Renyuan/Project Source Code/BattleDrum - New Art Style/game/behaviors/effects/selfDestruct.cs.
Loading compiled script C:/Users/Kin/Dropbox/Stevens/Fall 2011_Shared/Team Soybean - Yang, Xinlei, Tuo, Renyuan/Project Source Code/BattleDrum - New Art Style/game/behaviors/effects/fadeMask.cs.
Loading compiled script C:/Users/Kin/Dropbox/Stevens/Fall 2011_Shared/Team Soybean - Yang, Xinlei, Tuo, Renyuan/Project Source Code/BattleDrum - New Art Style/game/behaviors/effects/contrail.cs.
Loading compiled script C:/Users/Kin/Dropbox/Stevens/Fall 2011_Shared/Team Soybean - Yang, Xinlei, Tuo, Renyuan/Project Source Code/BattleDrum - New Art Style/game/behaviors/effects/collisionParticles.cs.
Loading compiled script C:/Users/Kin/Dropbox/Stevens/Fall 2011_Shared/Team Soybean - Yang, Xinlei, Tuo, Renyuan/Project Source Code/BattleDrum - New Art Style/game/behaviors/effects/cameraMove.cs.
Loading compiled script C:/Users/Kin/Dropbox/Stevens/Fall 2011_Shared/Team Soybean - Yang, Xinlei, Tuo, Renyuan/Project Source Code/BattleDrum - New Art Style/game/behaviors/ai/timerShootsAdv.cs.
Loading compiled script C:/Users/Kin/Dropbox/Stevens/Fall 2011_Shared/Team Soybean - Yang, Xinlei, Tuo, Renyuan/Project Source Code/BattleDrum - New Art Style/game/behaviors/ai/timerShoots.cs.
Loading compiled script C:/Users/Kin/Dropbox/Stevens/Fall 2011_Shared/Team Soybean - Yang, Xinlei, Tuo, Renyuan/Project Source Code/BattleDrum - New Art Style/game/behaviors/ai/spawnOnRemove.cs.
Loading compiled script C:/Users/Kin/Dropbox/Stevens/Fall 2011_Shared/Team Soybean - Yang, Xinlei, Tuo, Renyuan/Project Source Code/BattleDrum - New Art Style/game/behaviors/ai/spawnGroup.cs.
Loading compiled script C:/Users/Kin/Dropbox/Stevens/Fall 2011_Shared/Team Soybean - Yang, Xinlei, Tuo, Renyuan/Project Source Code/BattleDrum - New Art Style/game/behaviors/ai/spawnArea.cs.
Loading compiled script C:/Users/Kin/Dropbox/Stevens/Fall 2011_Shared/Team Soybean - Yang, Xinlei, Tuo, Renyuan/Project Source Code/BattleDrum - New Art Style/game/behaviors/ai/randomVelocity.cs.
Loading compiled script C:/Users/Kin/Dropbox/Stevens/Fall 2011_Shared/Team Soybean - Yang, Xinlei, Tuo, Renyuan/Project Source Code/BattleDrum - New Art Style/game/behaviors/ai/moveWave.cs.
Loading compiled script C:/Users/Kin/Dropbox/Stevens/Fall 2011_Shared/Team Soybean - Yang, Xinlei, Tuo, Renyuan/Project Source Code/BattleDrum - New Art Style/game/behaviors/ai/moveToward.cs.
Loading compiled script C:/Users/Kin/Dropbox/Stevens/Fall 2011_Shared/Team Soybean - Yang, Xinlei, Tuo, Renyuan/Project Source Code/BattleDrum - New Art Style/game/behaviors/ai/moveForward.cs.
Loading compiled script C:/Users/Kin/Dropbox/Stevens/Fall 2011_Shared/Team Soybean - Yang, Xinlei, Tuo, Renyuan/Project Source Code/BattleDrum - New Art Style/game/behaviors/ai/mountToOnAdd.cs.
Loading compiled script C:/Users/Kin/Dropbox/Stevens/Fall 2011_Shared/Team Soybean - Yang, Xinlei, Tuo, Renyuan/Project Source Code/BattleDrum - New Art Style/game/behaviors/ai/faceObject.cs.
Loading compiled script C:/Users/Kin/Dropbox/Stevens/Fall 2011_Shared/Team Soybean - Yang, Xinlei, Tuo, Renyuan/Project Source Code/BattleDrum - New Art Style/game/gameScripts/guiProfiles.cs.
Loading compiled script C:/Users/Kin/Dropbox/Stevens/Fall 2011_Shared/Team Soybean - Yang, Xinlei, Tuo, Renyuan/Project Source Code/BattleDrum - New Art Style/game/gui/mainScreen.gui.
Loading compiled script C:/Users/Kin/Dropbox/Stevens/Fall 2011_Shared/Team Soybean - Yang, Xinlei, Tuo, Renyuan/Project Source Code/BattleDrum - New Art Style/game/gameScripts/game.cs.
Loading compiled script C:/Users/Kin/Dropbox/Stevens/Fall 2011_Shared/Team Soybean - Yang, Xinlei, Tuo, Renyuan/Project Source Code/BattleDrum - New Art Style/game/gameScripts/clouds.cs.
Loading compiled script C:/Users/Kin/Dropbox/Stevens/Fall 2011_Shared/Team Soybean - Yang, Xinlei, Tuo, Renyuan/Project Source Code/BattleDrum - New Art Style/game/gameScripts/archer.cs.
Loading compiled script C:/Users/Kin/Dropbox/Stevens/Fall 2011_Shared/Team Soybean - Yang, Xinlei, Tuo, Renyuan/Project Source Code/BattleDrum - New Art Style/game/gameScripts/archer1.cs.
Loading compiled script C:/Users/Kin/Dropbox/Stevens/Fall 2011_Shared/Team Soybean - Yang, Xinlei, Tuo, Renyuan/Project Source Code/BattleDrum - New Art Style/game/gameScripts/archer2.cs.
Loading compiled script C:/Users/Kin/Dropbox/Stevens/Fall 2011_Shared/Team Soybean - Yang, Xinlei, Tuo, Renyuan/Project Source Code/BattleDrum - New Art Style/game/gameScripts/knights.cs.
Loading compiled script C:/Users/Kin/Dropbox/Stevens/Fall 2011_Shared/Team Soybean - Yang, Xinlei, Tuo, Renyuan/Project Source Code/BattleDrum - New Art Style/game/gameScripts/knights1.cs.
Loading compiled script C:/Users/Kin/Dropbox/Stevens/Fall 2011_Shared/Team Soybean - Yang, Xinlei, Tuo, Renyuan/Project Source Code/BattleDrum - New Art Style/game/gameScripts/shield.cs.
Loading compiled script C:/Users/Kin/Dropbox/Stevens/Fall 2011_Shared/Team Soybean - Yang, Xinlei, Tuo, Renyuan/Project Source Code/BattleDrum - New Art Style/game/gameScripts/Infantry.cs.
Loading compiled script C:/Users/Kin/Dropbox/Stevens/Fall 2011_Shared/Team Soybean - Yang, Xinlei, Tuo, Renyuan/Project Source Code/BattleDrum - New Art Style/game/gameScripts/Infantry1.cs.
Loading compiled script C:/Users/Kin/Dropbox/Stevens/Fall 2011_Shared/Team Soybean - Yang, Xinlei, Tuo, Renyuan/Project Source Code/BattleDrum - New Art Style/game/gameScripts/health.cs.
Loading compiled script C:/Users/Kin/Dropbox/Stevens/Fall 2011_Shared/Team Soybean - Yang, Xinlei, Tuo, Renyuan/Project Source Code/BattleDrum - New Art Style/game/gameScripts/shieldDefense.cs.
Loading compiled script C:/Users/Kin/Dropbox/Stevens/Fall 2011_Shared/Team Soybean - Yang, Xinlei, Tuo, Renyuan/Project Source Code/BattleDrum - New Art Style/game/gameScripts/sun.cs.
Loading compiled script C:/Users/Kin/Dropbox/Stevens/Fall 2011_Shared/Team Soybean - Yang, Xinlei, Tuo, Renyuan/Project Source Code/BattleDrum - New Art Style/game/gameScripts/pon.cs.
Loading compiled script C:/Users/Kin/Dropbox/Stevens/Fall 2011_Shared/Team Soybean - Yang, Xinlei, Tuo, Renyuan/Project Source Code/BattleDrum - New Art Style/game/gameScripts/ta.cs.
Loading compiled script C:/Users/Kin/Dropbox/Stevens/Fall 2011_Shared/Team Soybean - Yang, Xinlei, Tuo, Renyuan/Project Source Code/BattleDrum - New Art Style/game/gameScripts/pa.cs.
Loading compiled script C:/Users/Kin/Dropbox/Stevens/Fall 2011_Shared/Team Soybean - Yang, Xinlei, Tuo, Renyuan/Project Source Code/BattleDrum - New Art Style/game/gameScripts/don.cs.
Loading compiled script C:/Users/Kin/Dropbox/Stevens/Fall 2011_Shared/Team Soybean - Yang, Xinlei, Tuo, Renyuan/Project Source Code/BattleDrum - New Art Style/game/gameScripts/control.cs.
Loading compiled script C:/Users/Kin/Dropbox/Stevens/Fall 2011_Shared/Team Soybean - Yang, Xinlei, Tuo, Renyuan/Project Source Code/BattleDrum - New Art Style/game/gameScripts/audioDatablocks.cs.
Loading compiled script C:/Users/Kin/Dropbox/Stevens/Fall 2011_Shared/Team Soybean - Yang, Xinlei, Tuo, Renyuan/Project Source Code/BattleDrum - New Art Style/game/gameScripts/arrow.cs.
Loading compiled script C:/Users/Kin/Dropbox/Stevens/Fall 2011_Shared/Team Soybean - Yang, Xinlei, Tuo, Renyuan/Project Source Code/BattleDrum - New Art Style/game/gameScripts/arrow1.cs.
Loading compiled script C:/Users/Kin/Dropbox/Stevens/Fall 2011_Shared/Team Soybean - Yang, Xinlei, Tuo, Renyuan/Project Source Code/BattleDrum - New Art Style/game/gameScripts/bladeK.cs.
Loading compiled script C:/Users/Kin/Dropbox/Stevens/Fall 2011_Shared/Team Soybean - Yang, Xinlei, Tuo, Renyuan/Project Source Code/BattleDrum - New Art Style/game/gameScripts/pause.cs.
Loading compiled script C:/Users/Kin/Dropbox/Stevens/Fall 2011_Shared/Team Soybean - Yang, Xinlei, Tuo, Renyuan/Project Source Code/BattleDrum - New Art Style/game/gameScripts/resume.cs.
Loading compiled script C:/Users/Kin/Dropbox/Stevens/Fall 2011_Shared/Team Soybean - Yang, Xinlei, Tuo, Renyuan/Project Source Code/BattleDrum - New Art Style/game/gameScripts/direction.cs.
Loading compiled script C:/Users/Kin/Dropbox/Stevens/Fall 2011_Shared/Team Soybean - Yang, Xinlei, Tuo, Renyuan/Project Source Code/BattleDrum - New Art Style/game/gameScripts/directionButton.cs.
Loading compiled script C:/Users/Kin/Dropbox/Stevens/Fall 2011_Shared/Team Soybean - Yang, Xinlei, Tuo, Renyuan/Project Source Code/BattleDrum - New Art Style/game/gameScripts/pauseImage.cs.
Loading compiled script C:/Users/Kin/Dropbox/Stevens/Fall 2011_Shared/Team Soybean - Yang, Xinlei, Tuo, Renyuan/Project Source Code/BattleDrum - New Art Style/game/gameScripts/startImage.cs.
Loading compiled script C:/Users/Kin/Dropbox/Stevens/Fall 2011_Shared/Team Soybean - Yang, Xinlei, Tuo, Renyuan/Project Source Code/BattleDrum - New Art Style/game/gameScripts/playButton.cs.
Loading compiled script C:/Users/Kin/Dropbox/Stevens/Fall 2011_Shared/Team Soybean - Yang, Xinlei, Tuo, Renyuan/Project Source Code/BattleDrum - New Art Style/game/gameScripts/directionButtonStart.cs.
Loading compiled script C:/Users/Kin/Dropbox/Stevens/Fall 2011_Shared/Team Soybean - Yang, Xinlei, Tuo, Renyuan/Project Source Code/BattleDrum - New Art Style/game/gameScripts/EnemyKnight1.cs.
Loading compiled script C:/Users/Kin/Dropbox/Stevens/Fall 2011_Shared/Team Soybean - Yang, Xinlei, Tuo, Renyuan/Project Source Code/BattleDrum - New Art Style/game/gameScripts/directionS.cs.
Loading compiled script C:/Users/Kin/Dropbox/Stevens/Fall 2011_Shared/Team Soybean - Yang, Xinlei, Tuo, Renyuan/Project Source Code/BattleDrum - New Art Style/game/gameScripts/bladeI.cs.
Loading compiled script C:/Users/Kin/Dropbox/Stevens/Fall 2011_Shared/Team Soybean - Yang, Xinlei, Tuo, Renyuan/Project Source Code/BattleDrum - New Art Style/game/gameScripts/gameover.cs.
Loading compiled script C:/Users/Kin/Dropbox/Stevens/Fall 2011_Shared/Team Soybean - Yang, Xinlei, Tuo, Renyuan/Project Source Code/BattleDrum - New Art Style/game/gameScripts/restart.cs.
Loading compiled script C:/Users/Kin/Dropbox/Stevens/Fall 2011_Shared/Team Soybean - Yang, Xinlei, Tuo, Renyuan/Project Source Code/BattleDrum - New Art Style/game/gameScripts/directionBo.cs.
Activating DirectInput...
DirectInput joystick failed to enable!
Loading compiled script C:/Users/Kin/Dropbox/Stevens/Fall 2011_Shared/Team Soybean - Yang, Xinlei, Tuo, Renyuan/Project Source Code/BattleDrum - New Art Style/game/data/levels/battlefield.t2d.
Error: cannot change namespace parent linkage of Knight from t2dAnimatedSprite to Knight.
game/behaviors/game/takesDamage.cs (26): Unknown command getFrame.
  Object Knight(1454) Knight -> t2dAnimatedSprite -> t2dSceneObject -> BehaviorComponent -> DynamicConsoleMethodComponent -> SimComponent -> SimObject
game/behaviors/game/takesDamage.cs (77): Unknown command setFrame.
  Object Knight(1454) Knight -> t2dAnimatedSprite -> t2dSceneObject -> BehaviorComponent -> DynamicConsoleMethodComponent -> SimComponent -> SimObject
game/behaviors/game/takesDamage.cs (26): Unknown command getFrame.
  Object Archer1(1456) Archer1 -> Archer -> t2dAnimatedSprite -> t2dSceneObject -> BehaviorComponent -> DynamicConsoleMethodComponent -> SimComponent -> SimObject
game/behaviors/game/takesDamage.cs (77): Unknown command setFrame.
  Object Archer1(1456) Archer1 -> Archer -> t2dAnimatedSprite -> t2dSceneObject -> BehaviorComponent -> DynamicConsoleMethodComponent -> SimComponent -> SimObject
Error: cannot change namespace parent linkage of arrow from t2dStaticSprite to arrow.
Error: cannot change namespace parent linkage of Shield from t2dAnimatedSprite to Shield.
game/behaviors/game/takesDamage.cs (26): Unknown command getFrame.
  Object Shield(1460) Shield -> t2dAnimatedSprite -> t2dSceneObject -> BehaviorComponent -> DynamicConsoleMethodComponent -> SimComponent -> SimObject
game/behaviors/game/takesDamage.cs (77): Unknown command setFrame.
  Object Shield(1460) Shield -> t2dAnimatedSprite -> t2dSceneObject -> BehaviorComponent -> DynamicConsoleMethodComponent -> SimComponent -> SimObject
Namespace::unlinkClass - cannot unlink namespace parent linkage for Archer for t2dAnimatedSprite.
Error: cannot change namespace parent linkage of Archer from t2dAnimatedSprite to Archer.
game/behaviors/game/takesDamage.cs (26): Unknown command getFrame.
  Object Archer(1462) Archer -> t2dAnimatedSprite -> t2dSceneObject -> BehaviorComponent -> DynamicConsoleMethodComponent -> SimComponent -> SimObject
game/behaviors/game/takesDamage.cs (77): Unknown command setFrame.
  Object Archer(1462) Archer -> t2dAnimatedSprite -> t2dSceneObject -> BehaviorComponent -> DynamicConsoleMethodComponent -> SimComponent -> SimObject
game/behaviors/game/takesDamage.cs (26): Unknown command getFrame.
  Object Knight1(1464) Knight1 -> Knight -> t2dAnimatedSprite -> t2dSceneObject -> BehaviorComponent -> DynamicConsoleMethodComponent -> SimComponent -> SimObject
game/behaviors/game/takesDamage.cs (77): Unknown command setFrame.
  Object Knight1(1464) Knight1 -> Knight -> t2dAnimatedSprite -> t2dSceneObject -> BehaviorComponent -> DynamicConsoleMethodComponent -> SimComponent -> SimObject
game/behaviors/game/takesDamage.cs (26): Unknown command getFrame.
  Object Infantry1(1466) Infantry1 -> Infantry -> t2dAnimatedSprite -> t2dSceneObject -> BehaviorComponent -> DynamicConsoleMethodComponent -> SimComponent -> SimObject
game/behaviors/game/takesDamage.cs (77): Unknown command setFrame.
  Object Infantry1(1466) Infantry1 -> Infantry -> t2dAnimatedSprite -> t2dSceneObject -> BehaviorComponent -> DynamicConsoleMethodComponent -> SimComponent -> SimObject
Error: cannot change namespace parent linkage of Pa from t2dStaticSprite to Pa.
Error: cannot change namespace parent linkage of Pon from t2dStaticSprite to Pon.
Error: cannot change namespace parent linkage of Ta from t2dStaticSprite to Ta.
Namespace::unlinkClass - cannot unlink namespace parent linkage for Infantry for t2dAnimatedSprite.
Error: cannot change namespace parent linkage of Infantry from t2dAnimatedSprite to Infantry.
game/behaviors/game/takesDamage.cs (26): Unknown command getFrame.
  Object Infantry(1472) Infantry -> t2dAnimatedSprite -> t2dSceneObject -> BehaviorComponent -> DynamicConsoleMethodComponent -> SimComponent -> SimObject
game/behaviors/game/takesDamage.cs (77): Unknown command setFrame.
  Object Infantry(1472) Infantry -> t2dAnimatedSprite -> t2dSceneObject -> BehaviorComponent -> DynamicConsoleMethodComponent -> SimComponent -> SimObject
Error: cannot change namespace parent linkage of arrow1 from t2dStaticSprite to arrow1.
Error: cannot change namespace parent linkage of BladeK from t2dStaticSprite to BladeK.
Error: cannot change namespace parent linkage of Resume from t2dStaticSprite to Resume.
Error: cannot change namespace parent linkage of DirectionButton from t2dStaticSprite to DirectionButton.
Error: cannot change namespace parent linkage of PauseImage from t2dStaticSprite to PauseImage.
Error: cannot change namespace parent linkage of BladeI from t2dStaticSprite to BladeI.
Error: cannot change namespace parent linkage of GameOver from t2dStaticSprite to GameOver.
game/behaviors/game/takesDamage.cs (26): Unknown command getFrame.
  Object Archer2(1492) Archer2 -> Archer -> t2dAnimatedSprite -> t2dSceneObject -> BehaviorComponent -> DynamicConsoleMethodComponent -> SimComponent -> SimObject
game/behaviors/game/takesDamage.cs (77): Unknown command setFrame.
  Object Archer2(1492) Archer2 -> Archer -> t2dAnimatedSprite -> t2dSceneObject -> BehaviorComponent -> DynamicConsoleMethodComponent -> SimComponent -> SimObject
game/behaviors/game/takesDamage.cs (26): Unknown command getFrame.
  Object EnemyKnight(1494) EnemyKnight -> t2dAnimatedSprite -> t2dSceneObject -> BehaviorComponent -> DynamicConsoleMethodComponent -> SimComponent -> SimObject
game/behaviors/game/takesDamage.cs (77): Unknown command setFrame.
  Object EnemyKnight(1494) EnemyKnight -> t2dAnimatedSprite -> t2dSceneObject -> BehaviorComponent -> DynamicConsoleMethodComponent -> SimComponent -> SimObject
game/behaviors/game/takesDamage.cs (26): Unknown command getFrame.
  Object enemyinfantry(1501) enemyinfantry -> t2dAnimatedSprite -> t2dSceneObject -> BehaviorComponent -> DynamicConsoleMethodComponent -> SimComponent -> SimObject
game/behaviors/game/takesDamage.cs (77): Unknown command setFrame.
  Object enemyinfantry(1501) enemyinfantry -> t2dAnimatedSprite -> t2dSceneObject -> BehaviorComponent -> DynamicConsoleMethodComponent -> SimComponent -> SimObject
game/behaviors/game/takesDamage.cs (26): Unknown command getFrame.
  Object enemyinfantry2(1520) enemyinfantry2 -> t2dAnimatedSprite -> t2dSceneObject -> BehaviorComponent -> DynamicConsoleMethodComponent -> SimComponent -> SimObject
game/behaviors/game/takesDamage.cs (77): Unknown command setFrame.
  Object enemyinfantry2(1520) enemyinfantry2 -> t2dAnimatedSprite -> t2dSceneObject -> BehaviorComponent -> DynamicConsoleMethodComponent -> SimComponent -> SimObject
t2dSceneGraph::addToScene() - Object '1526' is already in a SceneGraph!.
game/behaviors/game/takesDamage.cs (26): Unknown command getFrame.
  Object enemyArcher(1529) enemyArcher -> t2dAnimatedSprite -> t2dSceneObject -> BehaviorComponent -> DynamicConsoleMethodComponent -> SimComponent -> SimObject
game/behaviors/game/takesDamage.cs (77): Unknown command setFrame.
  Object enemyArcher(1529) enemyArcher -> t2dAnimatedSprite -> t2dSceneObject -> BehaviorComponent -> DynamicConsoleMethodComponent -> SimComponent -> SimObject
game/behaviors/game/takesDamage.cs (26): Unknown command getFrame.
  Object enemyArcherB(1540) enemyArcherB -> t2dAnimatedSprite -> t2dSceneObject -> BehaviorComponent -> DynamicConsoleMethodComponent -> SimComponent -> SimObject
game/behaviors/game/takesDamage.cs (77): Unknown command setFrame.
  Object enemyArcherB(1540) enemyArcherB -> t2dAnimatedSprite -> t2dSceneObject -> BehaviorComponent -> DynamicConsoleMethodComponent -> SimComponent -> SimObject
t2dSceneGraph::addToScene() - Object '1547' is already in a SceneGraph!.
game/behaviors/game/takesDamage.cs (26): Unknown command getFrame.
  Object EnemyKnightB(1549) EnemyKnightB -> t2dAnimatedSprite -> t2dSceneObject -> BehaviorComponent -> DynamicConsoleMethodComponent -> SimComponent -> SimObject
game/behaviors/game/takesDamage.cs (77): Unknown command setFrame.
  Object EnemyKnightB(1549) EnemyKnightB -> t2dAnimatedSprite -> t2dSceneObject -> BehaviorComponent -> DynamicConsoleMethodComponent -> SimComponent -> SimObject
t2dSceneGraph::addToScene() - Object '1555' is already in a SceneGraph!.
game/behaviors/game/takesDamage.cs (26): Unknown command getFrame.
  Object enemyinfantry3(1557) enemyinfantry3 -> t2dAnimatedSprite -> t2dSceneObject -> BehaviorComponent -> DynamicConsoleMethodComponent -> SimComponent -> SimObject
game/behaviors/game/takesDamage.cs (77): Unknown command setFrame.
  Object enemyinfantry3(1557) enemyinfantry3 -> t2dAnimatedSprite -> t2dSceneObject -> BehaviorComponent -> DynamicConsoleMethodComponent -> SimComponent -> SimObject
t2dSceneGraph::addToScene() - Object '1563' is already in a SceneGraph!.
game/behaviors/game/takesDamage.cs (26): Unknown command getFrame.
  Object enemyArcherC(1565) enemyArcherC -> t2dAnimatedSprite -> t2dSceneObject -> BehaviorComponent -> DynamicConsoleMethodComponent -> SimComponent -> SimObject
game/behaviors/game/takesDamage.cs (77): Unknown command setFrame.
  Object enemyArcherC(1565) enemyArcherC -> t2dAnimatedSprite -> t2dSceneObject -> BehaviorComponent -> DynamicConsoleMethodComponent -> SimComponent -> SimObject
t2dSceneGraph::addToScene() - Object '1572' is already in a SceneGraph!.
Error: cannot change namespace parent linkage of ShieldDefense from t2dStaticSprite to ShieldDefense.
Error: cannot change namespace parent linkage of DirectionBo from t2dStaticSprite to DirectionBo.
Error: cannot change namespace parent linkage of Basement from t2dStaticSprite to Basement.
DirectInput deactivated.
Activating DirectInput...
DirectInput deactivated.
Activating DirectInput...
t2dSceneGraph::addToScene() - Object '1605' is already in a SceneGraph!.
game/behaviors/game/takesDamage.cs (26): Unknown command getFrame.
  Object (1605) t2dAnimatedSprite -> t2dSceneObject -> BehaviorComponent -> DynamicConsoleMethodComponent -> SimComponent -> SimObject
game/behaviors/game/takesDamage.cs (77): Unknown command setFrame.
  Object (1605) t2dAnimatedSprite -> t2dSceneObject -> BehaviorComponent -> DynamicConsoleMethodComponent -> SimComponent -> SimObject
t2dSceneGraph::addToScene() - Object '1611' is already in a SceneGraph!.
t2dSceneGraph::addToScene() - Object '1613' is already in a SceneGraph!.
game/behaviors/game/takesDamage.cs (26): Unknown command getFrame.
  Object (1613) t2dAnimatedSprite -> t2dSceneObject -> BehaviorComponent -> DynamicConsoleMethodComponent -> SimComponent -> SimObject
game/behaviors/game/takesDamage.cs (77): Unknown command setFrame.
  Object (1613) t2dAnimatedSprite -> t2dSceneObject -> BehaviorComponent -> DynamicConsoleMethodComponent -> SimComponent -> SimObject
t2dSceneGraph::addToScene() - Object '1619' is already in a SceneGraph!.
t2dSceneGraph::addToScene() - Object '1621' is already in a SceneGraph!.
game/behaviors/game/takesDamage.cs (26): Unknown command getFrame.
  Object (1621) t2dAnimatedSprite -> t2dSceneObject -> BehaviorComponent -> DynamicConsoleMethodComponent -> SimComponent -> SimObject
game/behaviors/game/takesDamage.cs (77): Unknown command setFrame.
  Object (1621) t2dAnimatedSprite -> t2dSceneObject -> BehaviorComponent -> DynamicConsoleMethodComponent -> SimComponent -> SimObject
t2dSceneGraph::addToScene() - Object '1627' is already in a SceneGraph!.
t2dSceneGraph::addToScene() - Object '1629' is already in a SceneGraph!.
game/behaviors/game/takesDamage.cs (26): Unknown command getFrame.
  Object (1629) t2dAnimatedSprite -> t2dSceneObject -> BehaviorComponent -> DynamicConsoleMethodComponent -> SimComponent -> SimObject
game/behaviors/game/takesDamage.cs (77): Unknown command setFrame.
  Object (1629) t2dAnimatedSprite -> t2dSceneObject -> BehaviorComponent -> DynamicConsoleMethodComponent -> SimComponent -> SimObject
t2dSceneGraph::addToScene() - Object '1635' is already in a SceneGraph!.
t2dSceneGraph::addToScene() - Object '1637' is already in a SceneGraph!.
game/behaviors/game/takesDamage.cs (26): Unknown command getFrame.
  Object (1637) t2dAnimatedSprite -> t2dSceneObject -> BehaviorComponent -> DynamicConsoleMethodComponent -> SimComponent -> SimObject
game/behaviors/game/takesDamage.cs (77): Unknown command setFrame.
  Object (1637) t2dAnimatedSprite -> t2dSceneObject -> BehaviorComponent -> DynamicConsoleMethodComponent -> SimComponent -> SimObject
t2dSceneGraph::addToScene() - Object '1643' is already in a SceneGraph!.
t2dSceneGraph::addToScene() - Object '1645' is already in a SceneGraph!.
game/behaviors/game/takesDamage.cs (26): Unknown command getFrame.
  Object (1645) t2dAnimatedSprite -> t2dSceneObject -> BehaviorComponent -> DynamicConsoleMethodComponent -> SimComponent -> SimObject
game/behaviors/game/takesDamage.cs (77): Unknown command setFrame.
  Object (1645) t2dAnimatedSprite -> t2dSceneObject -> BehaviorComponent -> DynamicConsoleMethodComponent -> SimComponent -> SimObject
t2dSceneGraph::addToScene() - Object '1651' is already in a SceneGraph!.
t2dSceneGraph::addToScene() - Object '1653' is already in a SceneGraph!.
game/behaviors/game/takesDamage.cs (26): Unknown command getFrame.
  Object (1653) t2dAnimatedSprite -> t2dSceneObject -> BehaviorComponent -> DynamicConsoleMethodComponent -> SimComponent -> SimObject
game/behaviors/game/takesDamage.cs (77): Unknown command setFrame.
  Object (1653) t2dAnimatedSprite -> t2dSceneObject -> BehaviorComponent -> DynamicConsoleMethodComponent -> SimComponent -> SimObject
t2dSceneGraph::addToScene() - Object '1659' is already in a SceneGraph!.
t2dSceneGraph::addToScene() - Object '1661' is already in a SceneGraph!.
game/behaviors/game/takesDamage.cs (26): Unknown command getFrame.
  Object (1661) t2dAnimatedSprite -> t2dSceneObject -> BehaviorComponent -> DynamicConsoleMethodComponent -> SimComponent -> SimObject
game/behaviors/game/takesDamage.cs (77): Unknown command setFrame.
  Object (1661) t2dAnimatedSprite -> t2dSceneObject -> BehaviorComponent -> DynamicConsoleMethodComponent -> SimComponent -> SimObject
t2dSceneGraph::addToScene() - Object '1667' is already in a SceneGraph!.
t2dSceneGraph::addToScene() - Object '1669' is already in a SceneGraph!.
game/behaviors/game/takesDamage.cs (26): Unknown command getFrame.
  Object (1669) t2dAnimatedSprite -> t2dSceneObject -> BehaviorComponent -> DynamicConsoleMethodComponent -> SimComponent -> SimObject
game/behaviors/game/takesDamage.cs (77): Unknown command setFrame.
  Object (1669) t2dAnimatedSprite -> t2dSceneObject -> BehaviorComponent -> DynamicConsoleMethodComponent -> SimComponent -> SimObject
t2dSceneGraph::addToScene() - Object '1675' is already in a SceneGraph!.
t2dSceneGraph::addToScene() - Object '1677' is already in a SceneGraph!.
game/behaviors/game/takesDamage.cs (26): Unknown command getFrame.
  Object (1677) t2dAnimatedSprite -> t2dSceneObject -> BehaviorComponent -> DynamicConsoleMethodComponent -> SimComponent -> SimObject
game/behaviors/game/takesDamage.cs (77): Unknown command setFrame.
  Object (1677) t2dAnimatedSprite -> t2dSceneObject -> BehaviorComponent -> DynamicConsoleMethodComponent -> SimComponent -> SimObject
t2dSceneGraph::addToScene() - Object '1683' is already in a SceneGraph!.
t2dSceneGraph::addToScene() - Object '1685' is already in a SceneGraph!.
game/behaviors/game/takesDamage.cs (26): Unknown command getFrame.
  Object (1685) t2dAnimatedSprite -> t2dSceneObject -> BehaviorComponent -> DynamicConsoleMethodComponent -> SimComponent -> SimObject
game/behaviors/game/takesDamage.cs (77): Unknown command setFrame.
  Object (1685) t2dAnimatedSprite -> t2dSceneObject -> BehaviorComponent -> DynamicConsoleMethodComponent -> SimComponent -> SimObject
t2dSceneGraph::addToScene() - Object '1691' is already in a SceneGraph!.
t2dSceneGraph::addToScene() - Object '1693' is already in a SceneGraph!.
game/behaviors/game/takesDamage.cs (26): Unknown command getFrame.
  Object (1693) t2dAnimatedSprite -> t2dSceneObject -> BehaviorComponent -> DynamicConsoleMethodComponent -> SimComponent -> SimObject
game/behaviors/game/takesDamage.cs (77): Unknown command setFrame.
  Object (1693) t2dAnimatedSprite -> t2dSceneObject -> BehaviorComponent -> DynamicConsoleMethodComponent -> SimComponent -> SimObject
t2dSceneGraph::addToScene() - Object '1699' is already in a SceneGraph!.
t2dSceneGraph::addToScene() - Object '1701' is already in a SceneGraph!.
game/behaviors/game/takesDamage.cs (26): Unknown command getFrame.
  Object (1701) t2dAnimatedSprite -> t2dSceneObject -> BehaviorComponent -> DynamicConsoleMethodComponent -> SimComponent -> SimObject
game/behaviors/game/takesDamage.cs (77): Unknown command setFrame.
  Object (1701) t2dAnimatedSprite -> t2dSceneObject -> BehaviorComponent -> DynamicConsoleMethodComponent -> SimComponent -> SimObject
t2dSceneGraph::addToScene() - Object '1707' is already in a SceneGraph!.
t2dSceneGraph::addToScene() - Object '1709' is already in a SceneGraph!.
game/behaviors/game/takesDamage.cs (26): Unknown command getFrame.
  Object (1709) t2dAnimatedSprite -> t2dSceneObject -> BehaviorComponent -> DynamicConsoleMethodComponent -> SimComponent -> SimObject
game/behaviors/game/takesDamage.cs (77): Unknown command setFrame.
  Object (1709) t2dAnimatedSprite -> t2dSceneObject -> BehaviorComponent -> DynamicConsoleMethodComponent -> SimComponent -> SimObject
t2dSceneGraph::addToScene() - Object '1716' is already in a SceneGraph!.
t2dSceneGraph::addToScene() - Object '1718' is already in a SceneGraph!.
game/behaviors/game/takesDamage.cs (26): Unknown command getFrame.
  Object (1718) t2dAnimatedSprite -> t2dSceneObject -> BehaviorComponent -> DynamicConsoleMethodComponent -> SimComponent -> SimObject
game/behaviors/game/takesDamage.cs (77): Unknown command setFrame.
  Object (1718) t2dAnimatedSprite -> t2dSceneObject -> BehaviorComponent -> DynamicConsoleMethodComponent -> SimComponent -> SimObject
t2dSceneGraph::addToScene() - Object '1724' is already in a SceneGraph!.
t2dSceneGraph::addToScene() - Object '1726' is already in a SceneGraph!.
t2dSceneGraph::addToScene() - Object '1728' is already in a SceneGraph!.
game/behaviors/game/takesDamage.cs (26): Unknown command getFrame.
  Object (1728) t2dAnimatedSprite -> t2dSceneObject -> BehaviorComponent -> DynamicConsoleMethodComponent -> SimComponent -> SimObject
game/behaviors/game/takesDamage.cs (77): Unknown command setFrame.
  Object (1728) t2dAnimatedSprite -> t2dSceneObject -> BehaviorComponent -> DynamicConsoleMethodComponent -> SimComponent -> SimObject
t2dSceneGraph::addToScene() - Object '1734' is already in a SceneGraph!.
t2dSceneGraph::addToScene() - Object '1736' is already in a SceneGraph!.
t2dSceneGraph::addToScene() - Object '1738' is already in a SceneGraph!.
game/behaviors/game/takesDamage.cs (26): Unknown command getFrame.
  Object (1738) t2dAnimatedSprite -> t2dSceneObject -> BehaviorComponent -> DynamicConsoleMethodComponent -> SimComponent -> SimObject
game/behaviors/game/takesDamage.cs (77): Unknown command setFrame.
  Object (1738) t2dAnimatedSprite -> t2dSceneObject -> BehaviorComponent -> DynamicConsoleMethodComponent -> SimComponent -> SimObject
t2dSceneGraph::addToScene() - Object '1745' is already in a SceneGraph!.
t2dSceneGraph::addToScene() - Object '1747' is already in a SceneGraph!.
game/behaviors/game/takesDamage.cs (26): Unknown command getFrame.
  Object (1747) t2dAnimatedSprite -> t2dSceneObject -> BehaviorComponent -> DynamicConsoleMethodComponent -> SimComponent -> SimObject
game/behaviors/game/takesDamage.cs (77): Unknown command setFrame.
  Object (1747) t2dAnimatedSprite -> t2dSceneObject -> BehaviorComponent -> DynamicConsoleMethodComponent -> SimComponent -> SimObject
t2dSceneGraph::addToScene() - Object '1753' is already in a SceneGraph!.
t2dSceneGraph::addToScene() - Object '1755' is already in a SceneGraph!.
t2dSceneGraph::addToScene() - Object '1757' is already in a SceneGraph!.
game/behaviors/game/takesDamage.cs (26): Unknown command getFrame.
  Object (1757) t2dAnimatedSprite -> t2dSceneObject -> BehaviorComponent -> DynamicConsoleMethodComponent -> SimComponent -> SimObject
game/behaviors/game/takesDamage.cs (77): Unknown command setFrame.
  Object (1757) t2dAnimatedSprite -> t2dSceneObject -> BehaviorComponent -> DynamicConsoleMethodComponent -> SimComponent -> SimObject
t2dSceneGraph::addToScene() - Object '1763' is already in a SceneGraph!.
t2dSceneGraph::addToScene() - Object '1765' is already in a SceneGraph!.
game/behaviors/game/takesDamage.cs (26): Unknown command getFrame.
  Object (1765) t2dAnimatedSprite -> t2dSceneObject -> BehaviorComponent -> DynamicConsoleMethodComponent -> SimComponent -> SimObject
game/behaviors/game/takesDamage.cs (77): Unknown command setFrame.
  Object (1765) t2dAnimatedSprite -> t2dSceneObject -> BehaviorComponent -> DynamicConsoleMethodComponent -> SimComponent -> SimObject
t2dSceneGraph::addToScene() - Object '1771' is already in a SceneGraph!.
t2dSceneGraph::addToScene() - Object '1773' is already in a SceneGraph!.
game/behaviors/game/takesDamage.cs (26): Unknown command getFrame.
  Object (1773) t2dAnimatedSprite -> t2dSceneObject -> BehaviorComponent -> DynamicConsoleMethodComponent -> SimComponent -> SimObject
game/behaviors/game/takesDamage.cs (77): Unknown command setFrame.
  Object (1773) t2dAnimatedSprite -> t2dSceneObject -> BehaviorComponent -> DynamicConsoleMethodComponent -> SimComponent -> SimObject
t2dSceneGraph::addToScene() - Object '1779' is already in a SceneGraph!.
t2dSceneGraph::addToScene() - Object '1781' is already in a SceneGraph!.
Namespace::unlinkClass - cannot unlink namespace parent linkage for Basement for t2dStaticSprite.
Namespace::unlinkClass - cannot unlink namespace parent linkage for DirectionBo for t2dStaticSprite.
Namespace::unlinkClass - cannot unlink namespace parent linkage for ShieldDefense for t2dStaticSprite.
Namespace::unlinkClass - cannot unlink namespace parent linkage for GameOver for t2dStaticSprite.
Namespace::unlinkClass - cannot unlink namespace parent linkage for BladeI for t2dStaticSprite.
Namespace::unlinkClass - cannot unlink namespace parent linkage for PauseImage for t2dStaticSprite.
Namespace::unlinkClass - cannot unlink namespace parent linkage for DirectionButton for t2dStaticSprite.
Namespace::unlinkClass - cannot unlink namespace parent linkage for Resume for t2dStaticSprite.
Namespace::unlinkClass - cannot unlink namespace parent linkage for BladeK for t2dStaticSprite.
Namespace::unlinkClass - cannot unlink namespace parent linkage for arrow1 for t2dStaticSprite.
Namespace::unlinkClass - cannot unlink namespace parent linkage for Infantry for t2dAnimatedSprite.
Namespace::unlinkClass - cannot unlink namespace parent linkage for Ta for t2dStaticSprite.
Namespace::unlinkClass - cannot unlink namespace parent linkage for Pon for t2dStaticSprite.
Namespace::unlinkClass - cannot unlink namespace parent linkage for Pa for t2dStaticSprite.
Namespace::unlinkClass - cannot unlink namespace parent linkage for Archer for t2dAnimatedSprite.
Namespace::unlinkClass - cannot unlink namespace parent linkage for Shield for t2dAnimatedSprite.
Namespace::unlinkClass - cannot unlink namespace parent linkage for arrow for t2dStaticSprite.
Namespace::unlinkClass - cannot unlink namespace parent linkage for Knight for t2dAnimatedSprite.
Loading compiled script C:/Users/Kin/Dropbox/Stevens/Fall 2011_Shared/Team Soybean - Yang, Xinlei, Tuo, Renyuan/Project Source Code/BattleDrum - New Art Style/game/data/levels/battlefield.t2d.
Namespace::unlinkClass - cannot unlink namespace parent linkage for Knight for t2dAnimatedSprite.
Error: cannot change namespace parent linkage of Knight from t2dAnimatedSprite to Knight.
game/behaviors/game/takesDamage.cs (26): Unknown command getFrame.
  Object Knight(1790) Knight -> t2dAnimatedSprite -> t2dSceneObject -> BehaviorComponent -> DynamicConsoleMethodComponent -> SimComponent -> SimObject
game/behaviors/game/takesDamage.cs (77): Unknown command setFrame.
  Object Knight(1790) Knight -> t2dAnimatedSprite -> t2dSceneObject -> BehaviorComponent -> DynamicConsoleMethodComponent -> SimComponent -> SimObject
game/behaviors/game/takesDamage.cs (26): Unknown command getFrame.
  Object Archer1(1792) Archer1 -> Archer -> t2dAnimatedSprite -> t2dSceneObject -> BehaviorComponent -> DynamicConsoleMethodComponent -> SimComponent -> SimObject
game/behaviors/game/takesDamage.cs (77): Unknown command setFrame.
  Object Archer1(1792) Archer1 -> Archer -> t2dAnimatedSprite -> t2dSceneObject -> BehaviorComponent -> DynamicConsoleMethodComponent -> SimComponent -> SimObject
Namespace::unlinkClass - cannot unlink namespace parent linkage for arrow for t2dStaticSprite.
Error: cannot change namespace parent linkage of arrow from t2dStaticSprite to arrow.
Namespace::unlinkClass - cannot unlink namespace parent linkage for Shield for t2dAnimatedSprite.
Error: cannot change namespace parent linkage of Shield from t2dAnimatedSprite to Shield.
game/behaviors/game/takesDamage.cs (26): Unknown command getFrame.
  Object Shield(1796) Shield -> t2dAnimatedSprite -> t2dSceneObject -> BehaviorComponent -> DynamicConsoleMethodComponent -> SimComponent -> SimObject
game/behaviors/game/takesDamage.cs (77): Unknown command setFrame.
  Object Shield(1796) Shield -> t2dAnimatedSprite -> t2dSceneObject -> BehaviorComponent -> DynamicConsoleMethodComponent -> SimComponent -> SimObject
Namespace::unlinkClass - cannot unlink namespace parent linkage for Archer for t2dAnimatedSprite.
Error: cannot change namespace parent linkage of Archer from t2dAnimatedSprite to Archer.
game/behaviors/game/takesDamage.cs (26): Unknown command getFrame.
  Object Archer(1798) Archer -> t2dAnimatedSprite -> t2dSceneObject -> BehaviorComponent -> DynamicConsoleMethodComponent -> SimComponent -> SimObject
game/behaviors/game/takesDamage.cs (77): Unknown command setFrame.
  Object Archer(1798) Archer -> t2dAnimatedSprite -> t2dSceneObject -> BehaviorComponent -> DynamicConsoleMethodComponent -> SimComponent -> SimObject
game/behaviors/game/takesDamage.cs (26): Unknown command getFrame.
  Object Knight1(1800) Knight1 -> Knight -> t2dAnimatedSprite -> t2dSceneObject -> BehaviorComponent -> DynamicConsoleMethodComponent -> SimComponent -> SimObject
game/behaviors/game/takesDamage.cs (77): Unknown command setFrame.
  Object Knight1(1800) Knight1 -> Knight -> t2dAnimatedSprite -> t2dSceneObject -> BehaviorComponent -> DynamicConsoleMethodComponent -> SimComponent -> SimObject
game/behaviors/game/takesDamage.cs (26): Unknown command getFrame.
  Object Infantry1(1802) Infantry1 -> Infantry -> t2dAnimatedSprite -> t2dSceneObject -> BehaviorComponent -> DynamicConsoleMethodComponent -> SimComponent -> SimObject
game/behaviors/game/takesDamage.cs (77): Unknown command setFrame.
  Object Infantry1(1802) Infantry1 -> Infantry -> t2dAnimatedSprite -> t2dSceneObject -> BehaviorComponent -> DynamicConsoleMethodComponent -> SimComponent -> SimObject
Namespace::unlinkClass - cannot unlink namespace parent linkage for Pa for t2dStaticSprite.
Error: cannot change namespace parent linkage of Pa from t2dStaticSprite to Pa.
Namespace::unlinkClass - cannot unlink namespace parent linkage for Pon for t2dStaticSprite.
Error: cannot change namespace parent linkage of Pon from t2dStaticSprite to Pon.
Namespace::unlinkClass - cannot unlink namespace parent linkage for Ta for t2dStaticSprite.
Error: cannot change namespace parent linkage of Ta from t2dStaticSprite to Ta.
Namespace::unlinkClass - cannot unlink namespace parent linkage for Infantry for t2dAnimatedSprite.
Error: cannot change namespace parent linkage of Infantry from t2dAnimatedSprite to Infantry.
game/behaviors/game/takesDamage.cs (26): Unknown command getFrame.
  Object Infantry(1808) Infantry -> t2dAnimatedSprite -> t2dSceneObject -> BehaviorComponent -> DynamicConsoleMethodComponent -> SimComponent -> SimObject
game/behaviors/game/takesDamage.cs (77): Unknown command setFrame.
  Object Infantry(1808) Infantry -> t2dAnimatedSprite -> t2dSceneObject -> BehaviorComponent -> DynamicConsoleMethodComponent -> SimComponent -> SimObject
Namespace::unlinkClass - cannot unlink namespace parent linkage for arrow1 for t2dStaticSprite.
Error: cannot change namespace parent linkage of arrow1 from t2dStaticSprite to arrow1.
Namespace::unlinkClass - cannot unlink namespace parent linkage for BladeK for t2dStaticSprite.
Error: cannot change namespace parent linkage of BladeK from t2dStaticSprite to BladeK.
Namespace::unlinkClass - cannot unlink namespace parent linkage for Resume for t2dStaticSprite.
Error: cannot change namespace parent linkage of Resume from t2dStaticSprite to Resume.
Namespace::unlinkClass - cannot unlink namespace parent linkage for DirectionButton for t2dStaticSprite.
Error: cannot change namespace parent linkage of DirectionButton from t2dStaticSprite to DirectionButton.
Namespace::unlinkClass - cannot unlink namespace parent linkage for PauseImage for t2dStaticSprite.
Error: cannot change namespace parent linkage of PauseImage from t2dStaticSprite to PauseImage.
Namespace::unlinkClass - cannot unlink namespace parent linkage for BladeI for t2dStaticSprite.
Error: cannot change namespace parent linkage of BladeI from t2dStaticSprite to BladeI.
Namespace::unlinkClass - cannot unlink namespace parent linkage for GameOver for t2dStaticSprite.
Error: cannot change namespace parent linkage of GameOver from t2dStaticSprite to GameOver.
game/behaviors/game/takesDamage.cs (26): Unknown command getFrame.
  Object Archer2(1828) Archer2 -> Archer -> t2dAnimatedSprite -> t2dSceneObject -> BehaviorComponent -> DynamicConsoleMethodComponent -> SimComponent -> SimObject
game/behaviors/game/takesDamage.cs (77): Unknown command setFrame.
  Object Archer2(1828) Archer2 -> Archer -> t2dAnimatedSprite -> t2dSceneObject -> BehaviorComponent -> DynamicConsoleMethodComponent -> SimComponent -> SimObject
game/behaviors/game/takesDamage.cs (26): Unknown command getFrame.
  Object EnemyKnight(1830) EnemyKnight -> t2dAnimatedSprite -> t2dSceneObject -> BehaviorComponent -> DynamicConsoleMethodComponent -> SimComponent -> SimObject
game/behaviors/game/takesDamage.cs (77): Unknown command setFrame.
  Object EnemyKnight(1830) EnemyKnight -> t2dAnimatedSprite -> t2dSceneObject -> BehaviorComponent -> DynamicConsoleMethodComponent -> SimComponent -> SimObject
game/behaviors/game/takesDamage.cs (26): Unknown command getFrame.
  Object enemyinfantry(1837) enemyinfantry -> t2dAnimatedSprite -> t2dSceneObject -> BehaviorComponent -> DynamicConsoleMethodComponent -> SimComponent -> SimObject
game/behaviors/game/takesDamage.cs (77): Unknown command setFrame.
  Object enemyinfantry(1837) enemyinfantry -> t2dAnimatedSprite -> t2dSceneObject -> BehaviorComponent -> DynamicConsoleMethodComponent -> SimComponent -> SimObject
game/behaviors/game/takesDamage.cs (26): Unknown command getFrame.
  Object enemyinfantry2(1856) enemyinfantry2 -> t2dAnimatedSprite -> t2dSceneObject -> BehaviorComponent -> DynamicConsoleMethodComponent -> SimComponent -> SimObject
game/behaviors/game/takesDamage.cs (77): Unknown command setFrame.
  Object enemyinfantry2(1856) enemyinfantry2 -> t2dAnimatedSprite -> t2dSceneObject -> BehaviorComponent -> DynamicConsoleMethodComponent -> SimComponent -> SimObject
t2dSceneGraph::addToScene() - Object '1862' is already in a SceneGraph!.
game/behaviors/game/takesDamage.cs (26): Unknown command getFrame.
  Object enemyArcher(1865) enemyArcher -> t2dAnimatedSprite -> t2dSceneObject -> BehaviorComponent -> DynamicConsoleMethodComponent -> SimComponent -> SimObject
game/behaviors/game/takesDamage.cs (77): Unknown command setFrame.
  Object enemyArcher(1865) enemyArcher -> t2dAnimatedSprite -> t2dSceneObject -> BehaviorComponent -> DynamicConsoleMethodComponent -> SimComponent -> SimObject
game/behaviors/game/takesDamage.cs (26): Unknown command getFrame.
  Object enemyArcherB(1876) enemyArcherB -> t2dAnimatedSprite -> t2dSceneObject -> BehaviorComponent -> DynamicConsoleMethodComponent -> SimComponent -> SimObject
game/behaviors/game/takesDamage.cs (77): Unknown command setFrame.
  Object enemyArcherB(1876) enemyArcherB -> t2dAnimatedSprite -> t2dSceneObject -> BehaviorComponent -> DynamicConsoleMethodComponent -> SimComponent -> SimObject
t2dSceneGraph::addToScene() - Object '1883' is already in a SceneGraph!.
game/behaviors/game/takesDamage.cs (26): Unknown command getFrame.
  Object EnemyKnightB(1885) EnemyKnightB -> t2dAnimatedSprite -> t2dSceneObject -> BehaviorComponent -> DynamicConsoleMethodComponent -> SimComponent -> SimObject
game/behaviors/game/takesDamage.cs (77): Unknown command setFrame.
  Object EnemyKnightB(1885) EnemyKnightB -> t2dAnimatedSprite -> t2dSceneObject -> BehaviorComponent -> DynamicConsoleMethodComponent -> SimComponent -> SimObject
t2dSceneGraph::addToScene() - Object '1891' is already in a SceneGraph!.
game/behaviors/game/takesDamage.cs (26): Unknown command getFrame.
  Object enemyinfantry3(1893) enemyinfantry3 -> t2dAnimatedSprite -> t2dSceneObject -> BehaviorComponent -> DynamicConsoleMethodComponent -> SimComponent -> SimObject
game/behaviors/game/takesDamage.cs (77): Unknown command setFrame.
  Object enemyinfantry3(1893) enemyinfantry3 -> t2dAnimatedSprite -> t2dSceneObject -> BehaviorComponent -> DynamicConsoleMethodComponent -> SimComponent -> SimObject
t2dSceneGraph::addToScene() - Object '1899' is already in a SceneGraph!.
game/behaviors/game/takesDamage.cs (26): Unknown command getFrame.
  Object enemyArcherC(1901) enemyArcherC -> t2dAnimatedSprite -> t2dSceneObject -> BehaviorComponent -> DynamicConsoleMethodComponent -> SimComponent -> SimObject
game/behaviors/game/takesDamage.cs (77): Unknown command setFrame.
  Object enemyArcherC(1901) enemyArcherC -> t2dAnimatedSprite -> t2dSceneObject -> BehaviorComponent -> DynamicConsoleMethodComponent -> SimComponent -> SimObject
t2dSceneGraph::addToScene() - Object '1908' is already in a SceneGraph!.
Namespace::unlinkClass - cannot unlink namespace parent linkage for ShieldDefense for t2dStaticSprite.
Error: cannot change namespace parent linkage of ShieldDefense from t2dStaticSprite to ShieldDefense.
Namespace::unlinkClass - cannot unlink namespace parent linkage for DirectionBo for t2dStaticSprite.
Error: cannot change namespace parent linkage of DirectionBo from t2dStaticSprite to DirectionBo.
Namespace::unlinkClass - cannot unlink namespace parent linkage for Basement for t2dStaticSprite.
