//-------------------------- 11/29/2011 -- 23:22:46 -----
Processor Init:
   Intel Pentium III, ~2.85 Ghz
     (timed at roughly 2.83 Ghz)
   FPU detected
   MMX detected
   SSE detected
 
Math Init:
   Installing Standard C extensions
   Installing Assembly extensions
   Installing FPU extensions
   Installing MMX extensions
   Installing SSE extensions
 
Input Init:
   DirectInput enabled.

Initializing chunk mappings...
Could not load this GL function: glGenTextures
Could not load this GL function: glBindTexture
Could not load this GL function: glTexImage2D
Could not load this GL function: glTexParameteri
Could not load this GL function: glTexParameteri
Could not load this GL function: glTexParameteri
Could not load this GL function: glTexParameteri
Could not load this GL function: glGenTextures
Could not load this GL function: glBindTexture
Could not load this GL function: glTexImage2D
Could not load this GL function: glTexParameteri
Could not load this GL function: glTexParameteri
Could not load this GL function: glTexParameteri
Could not load this GL function: glTexParameteri
   o 'TEXT' maps to TextChunk
   o 'SCHK' maps to UnknownChunk
   o 'SCHK' maps to SimChunk
Loading compiled script C:/Users/Kin/Dropbox/Stevens/Fall 2011_Shared/Team Soybean - Yang, Xinlei, Tuo, Renyuan/Project Source Code/BattleDrum - Yang WANG/common/main.cs.
Loading compiled script C:/Users/Kin/Dropbox/Stevens/Fall 2011_Shared/Team Soybean - Yang, Xinlei, Tuo, Renyuan/Project Source Code/BattleDrum - Yang WANG/game/main.cs.
 % - Initializing Common
Loading compiled script C:/Users/Kin/Dropbox/Stevens/Fall 2011_Shared/Team Soybean - Yang, Xinlei, Tuo, Renyuan/Project Source Code/BattleDrum - Yang WANG/common/preferences/defaultPrefs.cs.
Reading Display Device information...
   Primary Display Device Found:
      Vendor Id: VEN_0000
      Device Id: DEV_0000

Using OpenGL rendering. Fullscreen: 0

Loading compiled script C:/Users/Kin/Dropbox/Stevens/Fall 2011_Shared/Team Soybean - Yang, Xinlei, Tuo, Renyuan/Project Source Code/BattleDrum - Yang WANG/common/gameScripts/xml.cs.
Loading compiled script C:/Users/Kin/Dropbox/Stevens/Fall 2011_Shared/Team Soybean - Yang, Xinlei, Tuo, Renyuan/Project Source Code/BattleDrum - Yang WANG/common/gameScripts/properties.cs.
Loading compiled script C:/Users/Kin/Dropbox/Stevens/Fall 2011_Shared/Team Soybean - Yang, Xinlei, Tuo, Renyuan/Project Source Code/BattleDrum - Yang WANG/common/gameScripts/common.cs.
Loading compiled script C:/Users/Kin/Dropbox/Stevens/Fall 2011_Shared/Team Soybean - Yang, Xinlei, Tuo, Renyuan/Project Source Code/BattleDrum - Yang WANG/common/gameScripts/audio.cs.
Loading compiled script C:/Users/Kin/Dropbox/Stevens/Fall 2011_Shared/Team Soybean - Yang, Xinlei, Tuo, Renyuan/Project Source Code/BattleDrum - Yang WANG/common/gameScripts/canvas.cs.
Loading compiled script C:/Users/Kin/Dropbox/Stevens/Fall 2011_Shared/Team Soybean - Yang, Xinlei, Tuo, Renyuan/Project Source Code/BattleDrum - Yang WANG/common/gameScripts/cursor.cs.
Video Init:
   Accelerated OpenGL display device detected.
   Accelerated D3D device detected.
   Voodoo 2 display device not detected.

Activating the OpenGL display device...
Activating the OpenGL display device...
Setting screen mode to 800x600x32 (w)...
Creating a new window...
Acquiring a new device context...
Pixel format set:
  32 color bits, 24 depth bits, 8 stencil bits
Creating a new rendering context...
Making the new rendering context current...
OpenGL driver information:
  Vendor: NVIDIA Corporation
  Renderer: GeForce 9600M GT/PCI/SSE2
  Version: 3.3.0
OpenGL Init: Enabled Extensions
  ARB_multitexture (Max Texture Units: 4)
  EXT_blend_color
  EXT_blend_minmax
  EXT_compiled_vertex_array
  NV_vertex_array_range
  EXT_texture_env_combine
  EXT_packed_pixels
  EXT_fog_coord
  ARB_texture_compression
  EXT_texture_compression_s3tc
  (ARB|EXT)_texture_env_add
  EXT_texture_filter_anisotropic (Max anisotropy: 16)
  WGL_EXT_swap_control
OpenGL Init: Disabled Extensions
  EXT_paletted_texture
  3DFX_texture_compression_FXT1

Max Texture Size reported as: 8192
OpenAL Driver Init:
   Vendor: Creative Labs Inc.
   Version: OpenAL 1.0
   Renderer: Software
   Extensions: EAX 2.0, EAX 3.0, EAX Unified, and EAX-AC3

Loading compiled script C:/Users/Kin/Dropbox/Stevens/Fall 2011_Shared/Team Soybean - Yang, Xinlei, Tuo, Renyuan/Project Source Code/BattleDrum - Yang WANG/common/gui/profiles.cs.
Loading compiled script C:/Users/Kin/Dropbox/Stevens/Fall 2011_Shared/Team Soybean - Yang, Xinlei, Tuo, Renyuan/Project Source Code/BattleDrum - Yang WANG/common/gui/cursors.cs.
Loading compiled script C:/Users/Kin/Dropbox/Stevens/Fall 2011_Shared/Team Soybean - Yang, Xinlei, Tuo, Renyuan/Project Source Code/BattleDrum - Yang WANG/common/gui/messageBoxOk.gui.
Loading compiled script C:/Users/Kin/Dropbox/Stevens/Fall 2011_Shared/Team Soybean - Yang, Xinlei, Tuo, Renyuan/Project Source Code/BattleDrum - Yang WANG/common/gui/messageBoxYesNo.gui.
Loading compiled script C:/Users/Kin/Dropbox/Stevens/Fall 2011_Shared/Team Soybean - Yang, Xinlei, Tuo, Renyuan/Project Source Code/BattleDrum - Yang WANG/common/gui/messageBoxYesNoCancel.gui.
Loading compiled script C:/Users/Kin/Dropbox/Stevens/Fall 2011_Shared/Team Soybean - Yang, Xinlei, Tuo, Renyuan/Project Source Code/BattleDrum - Yang WANG/common/gui/messageBoxOKCancel.gui.
Loading compiled script C:/Users/Kin/Dropbox/Stevens/Fall 2011_Shared/Team Soybean - Yang, Xinlei, Tuo, Renyuan/Project Source Code/BattleDrum - Yang WANG/common/gui/messageBoxOKCancelDetailsDlg.gui.
Loading compiled script C:/Users/Kin/Dropbox/Stevens/Fall 2011_Shared/Team Soybean - Yang, Xinlei, Tuo, Renyuan/Project Source Code/BattleDrum - Yang WANG/common/gui/messagePopup.gui.
Loading compiled script C:/Users/Kin/Dropbox/Stevens/Fall 2011_Shared/Team Soybean - Yang, Xinlei, Tuo, Renyuan/Project Source Code/BattleDrum - Yang WANG/common/gui/options.gui.
Loading compiled script C:/Users/Kin/Dropbox/Stevens/Fall 2011_Shared/Team Soybean - Yang, Xinlei, Tuo, Renyuan/Project Source Code/BattleDrum - Yang WANG/common/gui/remap.gui.
Loading compiled script C:/Users/Kin/Dropbox/Stevens/Fall 2011_Shared/Team Soybean - Yang, Xinlei, Tuo, Renyuan/Project Source Code/BattleDrum - Yang WANG/common/gui/console.gui.
Loading compiled script C:/Users/Kin/Dropbox/Stevens/Fall 2011_Shared/Team Soybean - Yang, Xinlei, Tuo, Renyuan/Project Source Code/BattleDrum - Yang WANG/common/gui/NetworkMenu.gui.
Loading compiled script C:/Users/Kin/Dropbox/Stevens/Fall 2011_Shared/Team Soybean - Yang, Xinlei, Tuo, Renyuan/Project Source Code/BattleDrum - Yang WANG/common/gui/startServer.gui.
Loading compiled script C:/Users/Kin/Dropbox/Stevens/Fall 2011_Shared/Team Soybean - Yang, Xinlei, Tuo, Renyuan/Project Source Code/BattleDrum - Yang WANG/common/gui/joinServer.gui.
Loading compiled script C:/Users/Kin/Dropbox/Stevens/Fall 2011_Shared/Team Soybean - Yang, Xinlei, Tuo, Renyuan/Project Source Code/BattleDrum - Yang WANG/common/gui/waitingForServer.gui.
Loading compiled script C:/Users/Kin/Dropbox/Stevens/Fall 2011_Shared/Team Soybean - Yang, Xinlei, Tuo, Renyuan/Project Source Code/BattleDrum - Yang WANG/common/gui/helpDlg.gui.
Loading compiled script C:/Users/Kin/Dropbox/Stevens/Fall 2011_Shared/Team Soybean - Yang, Xinlei, Tuo, Renyuan/Project Source Code/BattleDrum - Yang WANG/common/gui/messageBox.cs.
Loading compiled script C:/Users/Kin/Dropbox/Stevens/Fall 2011_Shared/Team Soybean - Yang, Xinlei, Tuo, Renyuan/Project Source Code/BattleDrum - Yang WANG/common/gui/help.cs.
Loading compiled script C:/Users/Kin/Dropbox/Stevens/Fall 2011_Shared/Team Soybean - Yang, Xinlei, Tuo, Renyuan/Project Source Code/BattleDrum - Yang WANG/common/gui/chatGui.gui.
Loading compiled script C:/Users/Kin/Dropbox/Stevens/Fall 2011_Shared/Team Soybean - Yang, Xinlei, Tuo, Renyuan/Project Source Code/BattleDrum - Yang WANG/common/gameScripts/screenshot.cs.
Loading compiled script C:/Users/Kin/Dropbox/Stevens/Fall 2011_Shared/Team Soybean - Yang, Xinlei, Tuo, Renyuan/Project Source Code/BattleDrum - Yang WANG/common/gameScripts/metrics.cs.
Loading compiled script C:/Users/Kin/Dropbox/Stevens/Fall 2011_Shared/Team Soybean - Yang, Xinlei, Tuo, Renyuan/Project Source Code/BattleDrum - Yang WANG/common/Gui/FrameOverlayGui.gui.
Loading compiled script C:/Users/Kin/Dropbox/Stevens/Fall 2011_Shared/Team Soybean - Yang, Xinlei, Tuo, Renyuan/Project Source Code/BattleDrum - Yang WANG/common/gameScripts/scriptDoc.cs.
Loading compiled script C:/Users/Kin/Dropbox/Stevens/Fall 2011_Shared/Team Soybean - Yang, Xinlei, Tuo, Renyuan/Project Source Code/BattleDrum - Yang WANG/common/gameScripts/keybindings.cs.
Loading compiled script C:/Users/Kin/Dropbox/Stevens/Fall 2011_Shared/Team Soybean - Yang, Xinlei, Tuo, Renyuan/Project Source Code/BattleDrum - Yang WANG/common/gameScripts/options.cs.
Loading compiled script C:/Users/Kin/Dropbox/Stevens/Fall 2011_Shared/Team Soybean - Yang, Xinlei, Tuo, Renyuan/Project Source Code/BattleDrum - Yang WANG/common/gameScripts/levelManagement.cs.
Loading compiled script C:/Users/Kin/Dropbox/Stevens/Fall 2011_Shared/Team Soybean - Yang, Xinlei, Tuo, Renyuan/Project Source Code/BattleDrum - Yang WANG/common/gameScripts/projectManagement.cs.
Loading compiled script C:/Users/Kin/Dropbox/Stevens/Fall 2011_Shared/Team Soybean - Yang, Xinlei, Tuo, Renyuan/Project Source Code/BattleDrum - Yang WANG/common/gameScripts/projectResources.cs.
Loading compiled script C:/Users/Kin/Dropbox/Stevens/Fall 2011_Shared/Team Soybean - Yang, Xinlei, Tuo, Renyuan/Project Source Code/BattleDrum - Yang WANG/common/gameScripts/align.cs.

Torque Game Builder (v1.7.4) initialized...
Loading compiled script C:/Users/Kin/Dropbox/Stevens/Fall 2011_Shared/Team Soybean - Yang, Xinlei, Tuo, Renyuan/Project Source Code/BattleDrum - Yang WANG/game/managed/datablocks.cs.
Loading compiled script C:/Users/Kin/Dropbox/Stevens/Fall 2011_Shared/Team Soybean - Yang, Xinlei, Tuo, Renyuan/Project Source Code/BattleDrum - Yang WANG/game/managed/persistent.cs.
Loading compiled script C:/Users/Kin/Dropbox/Stevens/Fall 2011_Shared/Team Soybean - Yang, Xinlei, Tuo, Renyuan/Project Source Code/BattleDrum - Yang WANG/game/managed/brushes.cs.
Loading compiled script C:/Users/Kin/Dropbox/Stevens/Fall 2011_Shared/Team Soybean - Yang, Xinlei, Tuo, Renyuan/Project Source Code/BattleDrum - Yang WANG/game/gameScripts/datablocks.cs.
Compiling C:/Users/Kin/Dropbox/Stevens/Fall 2011_Shared/Team Soybean - Yang, Xinlei, Tuo, Renyuan/Project Source Code/BattleDrum - Yang WANG/game/behaviors/physics/rigidBody.cs...
Compiling C:/Users/Kin/Dropbox/Stevens/Fall 2011_Shared/Team Soybean - Yang, Xinlei, Tuo, Renyuan/Project Source Code/BattleDrum - Yang WANG/game/behaviors/input/thrusterControls.cs...
Compiling C:/Users/Kin/Dropbox/Stevens/Fall 2011_Shared/Team Soybean - Yang, Xinlei, Tuo, Renyuan/Project Source Code/BattleDrum - Yang WANG/game/behaviors/input/tankControls.cs...
Compiling C:/Users/Kin/Dropbox/Stevens/Fall 2011_Shared/Team Soybean - Yang, Xinlei, Tuo, Renyuan/Project Source Code/BattleDrum - Yang WANG/game/behaviors/input/shooterControls.cs...
Compiling C:/Users/Kin/Dropbox/Stevens/Fall 2011_Shared/Team Soybean - Yang, Xinlei, Tuo, Renyuan/Project Source Code/BattleDrum - Yang WANG/game/behaviors/input/PauseBehaviour.cs...
Compiling C:/Users/Kin/Dropbox/Stevens/Fall 2011_Shared/Team Soybean - Yang, Xinlei, Tuo, Renyuan/Project Source Code/BattleDrum - Yang WANG/game/behaviors/input/mouseDraggable.cs...
Compiling C:/Users/Kin/Dropbox/Stevens/Fall 2011_Shared/Team Soybean - Yang, Xinlei, Tuo, Renyuan/Project Source Code/BattleDrum - Yang WANG/game/behaviors/input/mouseDownVelocity.cs...
Compiling C:/Users/Kin/Dropbox/Stevens/Fall 2011_Shared/Team Soybean - Yang, Xinlei, Tuo, Renyuan/Project Source Code/BattleDrum - Yang WANG/game/behaviors/input/mouseDownScale.cs...
Compiling C:/Users/Kin/Dropbox/Stevens/Fall 2011_Shared/Team Soybean - Yang, Xinlei, Tuo, Renyuan/Project Source Code/BattleDrum - Yang WANG/game/behaviors/input/mouseDownRotate.cs...
Compiling C:/Users/Kin/Dropbox/Stevens/Fall 2011_Shared/Team Soybean - Yang, Xinlei, Tuo, Renyuan/Project Source Code/BattleDrum - Yang WANG/game/behaviors/input/mouseDownExplode.cs...
Compiling C:/Users/Kin/Dropbox/Stevens/Fall 2011_Shared/Team Soybean - Yang, Xinlei, Tuo, Renyuan/Project Source Code/BattleDrum - Yang WANG/game/behaviors/input/mouseDownConstantForce.cs...
Compiling C:/Users/Kin/Dropbox/Stevens/Fall 2011_Shared/Team Soybean - Yang, Xinlei, Tuo, Renyuan/Project Source Code/BattleDrum - Yang WANG/game/behaviors/input/genericInputAction.cs...
Compiling C:/Users/Kin/Dropbox/Stevens/Fall 2011_Shared/Team Soybean - Yang, Xinlei, Tuo, Renyuan/Project Source Code/BattleDrum - Yang WANG/game/behaviors/input/followMouseEx.cs...
Compiling C:/Users/Kin/Dropbox/Stevens/Fall 2011_Shared/Team Soybean - Yang, Xinlei, Tuo, Renyuan/Project Source Code/BattleDrum - Yang WANG/game/behaviors/input/followMouse.cs...
Compiling C:/Users/Kin/Dropbox/Stevens/Fall 2011_Shared/Team Soybean - Yang, Xinlei, Tuo, Renyuan/Project Source Code/BattleDrum - Yang WANG/game/behaviors/input/fleeMouse.cs...
Compiling C:/Users/Kin/Dropbox/Stevens/Fall 2011_Shared/Team Soybean - Yang, Xinlei, Tuo, Renyuan/Project Source Code/BattleDrum - Yang WANG/game/behaviors/input/faceMouse.cs...
Compiling C:/Users/Kin/Dropbox/Stevens/Fall 2011_Shared/Team Soybean - Yang, Xinlei, Tuo, Renyuan/Project Source Code/BattleDrum - Yang WANG/game/behaviors/input/asteroidsControls.cs...
Compiling C:/Users/Kin/Dropbox/Stevens/Fall 2011_Shared/Team Soybean - Yang, Xinlei, Tuo, Renyuan/Project Source Code/BattleDrum - Yang WANG/game/behaviors/input/alignToJoystick.cs...
Compiling C:/Users/Kin/Dropbox/Stevens/Fall 2011_Shared/Team Soybean - Yang, Xinlei, Tuo, Renyuan/Project Source Code/BattleDrum - Yang WANG/game/behaviors/gui/objectOverlay.cs...
Compiling C:/Users/Kin/Dropbox/Stevens/Fall 2011_Shared/Team Soybean - Yang, Xinlei, Tuo, Renyuan/Project Source Code/BattleDrum - Yang WANG/game/behaviors/gui/mouseOverGrow.cs...
Compiling C:/Users/Kin/Dropbox/Stevens/Fall 2011_Shared/Team Soybean - Yang, Xinlei, Tuo, Renyuan/Project Source Code/BattleDrum - Yang WANG/game/behaviors/gui/genericButton.cs...
Compiling C:/Users/Kin/Dropbox/Stevens/Fall 2011_Shared/Team Soybean - Yang, Xinlei, Tuo, Renyuan/Project Source Code/BattleDrum - Yang WANG/game/behaviors/game/worldLimitWrap.cs...
Compiling C:/Users/Kin/Dropbox/Stevens/Fall 2011_Shared/Team Soybean - Yang, Xinlei, Tuo, Renyuan/Project Source Code/BattleDrum - Yang WANG/game/behaviors/game/template.cs...
Compiling C:/Users/Kin/Dropbox/Stevens/Fall 2011_Shared/Team Soybean - Yang, Xinlei, Tuo, Renyuan/Project Source Code/BattleDrum - Yang WANG/game/behaviors/game/takesDamageAdv.cs...
Compiling C:/Users/Kin/Dropbox/Stevens/Fall 2011_Shared/Team Soybean - Yang, Xinlei, Tuo, Renyuan/Project Source Code/BattleDrum - Yang WANG/game/behaviors/game/takesDamage.cs...
Compiling C:/Users/Kin/Dropbox/Stevens/Fall 2011_Shared/Team Soybean - Yang, Xinlei, Tuo, Renyuan/Project Source Code/BattleDrum - Yang WANG/game/behaviors/game/shootsAdv.cs...
Compiling C:/Users/Kin/Dropbox/Stevens/Fall 2011_Shared/Team Soybean - Yang, Xinlei, Tuo, Renyuan/Project Source Code/BattleDrum - Yang WANG/game/behaviors/game/shoots.cs...
Compiling C:/Users/Kin/Dropbox/Stevens/Fall 2011_Shared/Team Soybean - Yang, Xinlei, Tuo, Renyuan/Project Source Code/BattleDrum - Yang WANG/game/behaviors/game/scoreShowHighest.cs...
Compiling C:/Users/Kin/Dropbox/Stevens/Fall 2011_Shared/Team Soybean - Yang, Xinlei, Tuo, Renyuan/Project Source Code/BattleDrum - Yang WANG/game/behaviors/game/scoreOnEvent.cs...
Compiling C:/Users/Kin/Dropbox/Stevens/Fall 2011_Shared/Team Soybean - Yang, Xinlei, Tuo, Renyuan/Project Source Code/BattleDrum - Yang WANG/game/behaviors/game/scoreBoard.cs...
Compiling C:/Users/Kin/Dropbox/Stevens/Fall 2011_Shared/Team Soybean - Yang, Xinlei, Tuo, Renyuan/Project Source Code/BattleDrum - Yang WANG/game/behaviors/game/mouseDownDamage.cs...
Compiling C:/Users/Kin/Dropbox/Stevens/Fall 2011_Shared/Team Soybean - Yang, Xinlei, Tuo, Renyuan/Project Source Code/BattleDrum - Yang WANG/game/behaviors/game/dealsDamageAdv.cs...
Compiling C:/Users/Kin/Dropbox/Stevens/Fall 2011_Shared/Team Soybean - Yang, Xinlei, Tuo, Renyuan/Project Source Code/BattleDrum - Yang WANG/game/behaviors/game/dealsDamage.cs...
Compiling C:/Users/Kin/Dropbox/Stevens/Fall 2011_Shared/Team Soybean - Yang, Xinlei, Tuo, Renyuan/Project Source Code/BattleDrum - Yang WANG/game/behaviors/game/basementTakedamage.cs...
Compiling C:/Users/Kin/Dropbox/Stevens/Fall 2011_Shared/Team Soybean - Yang, Xinlei, Tuo, Renyuan/Project Source Code/BattleDrum - Yang WANG/game/behaviors/effects/worldLimitParticles.cs...
Compiling C:/Users/Kin/Dropbox/Stevens/Fall 2011_Shared/Team Soybean - Yang, Xinlei, Tuo, Renyuan/Project Source Code/BattleDrum - Yang WANG/game/behaviors/effects/swapImageOnCollision.cs...
Compiling C:/Users/Kin/Dropbox/Stevens/Fall 2011_Shared/Team Soybean - Yang, Xinlei, Tuo, Renyuan/Project Source Code/BattleDrum - Yang WANG/game/behaviors/effects/selfDestruct.cs...
Compiling C:/Users/Kin/Dropbox/Stevens/Fall 2011_Shared/Team Soybean - Yang, Xinlei, Tuo, Renyuan/Project Source Code/BattleDrum - Yang WANG/game/behaviors/effects/fadeMask.cs...
Compiling C:/Users/Kin/Dropbox/Stevens/Fall 2011_Shared/Team Soybean - Yang, Xinlei, Tuo, Renyuan/Project Source Code/BattleDrum - Yang WANG/game/behaviors/effects/contrail.cs...
Compiling C:/Users/Kin/Dropbox/Stevens/Fall 2011_Shared/Team Soybean - Yang, Xinlei, Tuo, Renyuan/Project Source Code/BattleDrum - Yang WANG/game/behaviors/effects/collisionParticles.cs...
Compiling C:/Users/Kin/Dropbox/Stevens/Fall 2011_Shared/Team Soybean - Yang, Xinlei, Tuo, Renyuan/Project Source Code/BattleDrum - Yang WANG/game/behaviors/effects/cameraMove.cs...
Compiling C:/Users/Kin/Dropbox/Stevens/Fall 2011_Shared/Team Soybean - Yang, Xinlei, Tuo, Renyuan/Project Source Code/BattleDrum - Yang WANG/game/behaviors/ai/timerShootsAdv.cs...
Compiling C:/Users/Kin/Dropbox/Stevens/Fall 2011_Shared/Team Soybean - Yang, Xinlei, Tuo, Renyuan/Project Source Code/BattleDrum - Yang WANG/game/behaviors/ai/timerShoots.cs...
Compiling C:/Users/Kin/Dropbox/Stevens/Fall 2011_Shared/Team Soybean - Yang, Xinlei, Tuo, Renyuan/Project Source Code/BattleDrum - Yang WANG/game/behaviors/ai/spawnOnRemove.cs...
Compiling C:/Users/Kin/Dropbox/Stevens/Fall 2011_Shared/Team Soybean - Yang, Xinlei, Tuo, Renyuan/Project Source Code/BattleDrum - Yang WANG/game/behaviors/ai/spawnGroup.cs...
Compiling C:/Users/Kin/Dropbox/Stevens/Fall 2011_Shared/Team Soybean - Yang, Xinlei, Tuo, Renyuan/Project Source Code/BattleDrum - Yang WANG/game/behaviors/ai/spawnArea.cs...
Compiling C:/Users/Kin/Dropbox/Stevens/Fall 2011_Shared/Team Soybean - Yang, Xinlei, Tuo, Renyuan/Project Source Code/BattleDrum - Yang WANG/game/behaviors/ai/randomVelocity.cs...
Compiling C:/Users/Kin/Dropbox/Stevens/Fall 2011_Shared/Team Soybean - Yang, Xinlei, Tuo, Renyuan/Project Source Code/BattleDrum - Yang WANG/game/behaviors/ai/moveWave.cs...
Compiling C:/Users/Kin/Dropbox/Stevens/Fall 2011_Shared/Team Soybean - Yang, Xinlei, Tuo, Renyuan/Project Source Code/BattleDrum - Yang WANG/game/behaviors/ai/moveToward.cs...
Compiling C:/Users/Kin/Dropbox/Stevens/Fall 2011_Shared/Team Soybean - Yang, Xinlei, Tuo, Renyuan/Project Source Code/BattleDrum - Yang WANG/game/behaviors/ai/moveForward.cs...
Compiling C:/Users/Kin/Dropbox/Stevens/Fall 2011_Shared/Team Soybean - Yang, Xinlei, Tuo, Renyuan/Project Source Code/BattleDrum - Yang WANG/game/behaviors/ai/mountToOnAdd.cs...
Compiling C:/Users/Kin/Dropbox/Stevens/Fall 2011_Shared/Team Soybean - Yang, Xinlei, Tuo, Renyuan/Project Source Code/BattleDrum - Yang WANG/game/behaviors/ai/faceObject.cs...
Loading compiled script C:/Users/Kin/Dropbox/Stevens/Fall 2011_Shared/Team Soybean - Yang, Xinlei, Tuo, Renyuan/Project Source Code/BattleDrum - Yang WANG/game/behaviors/physics/rigidBody.cs.
Loading compiled script C:/Users/Kin/Dropbox/Stevens/Fall 2011_Shared/Team Soybean - Yang, Xinlei, Tuo, Renyuan/Project Source Code/BattleDrum - Yang WANG/game/behaviors/input/thrusterControls.cs.
Loading compiled script C:/Users/Kin/Dropbox/Stevens/Fall 2011_Shared/Team Soybean - Yang, Xinlei, Tuo, Renyuan/Project Source Code/BattleDrum - Yang WANG/game/behaviors/input/tankControls.cs.
Loading compiled script C:/Users/Kin/Dropbox/Stevens/Fall 2011_Shared/Team Soybean - Yang, Xinlei, Tuo, Renyuan/Project Source Code/BattleDrum - Yang WANG/game/behaviors/input/shooterControls.cs.
Loading compiled script C:/Users/Kin/Dropbox/Stevens/Fall 2011_Shared/Team Soybean - Yang, Xinlei, Tuo, Renyuan/Project Source Code/BattleDrum - Yang WANG/game/behaviors/input/PauseBehaviour.cs.
Loading compiled script C:/Users/Kin/Dropbox/Stevens/Fall 2011_Shared/Team Soybean - Yang, Xinlei, Tuo, Renyuan/Project Source Code/BattleDrum - Yang WANG/game/behaviors/input/mouseDraggable.cs.
Loading compiled script C:/Users/Kin/Dropbox/Stevens/Fall 2011_Shared/Team Soybean - Yang, Xinlei, Tuo, Renyuan/Project Source Code/BattleDrum - Yang WANG/game/behaviors/input/mouseDownVelocity.cs.
Loading compiled script C:/Users/Kin/Dropbox/Stevens/Fall 2011_Shared/Team Soybean - Yang, Xinlei, Tuo, Renyuan/Project Source Code/BattleDrum - Yang WANG/game/behaviors/input/mouseDownScale.cs.
Loading compiled script C:/Users/Kin/Dropbox/Stevens/Fall 2011_Shared/Team Soybean - Yang, Xinlei, Tuo, Renyuan/Project Source Code/BattleDrum - Yang WANG/game/behaviors/input/mouseDownRotate.cs.
Loading compiled script C:/Users/Kin/Dropbox/Stevens/Fall 2011_Shared/Team Soybean - Yang, Xinlei, Tuo, Renyuan/Project Source Code/BattleDrum - Yang WANG/game/behaviors/input/mouseDownExplode.cs.
Loading compiled script C:/Users/Kin/Dropbox/Stevens/Fall 2011_Shared/Team Soybean - Yang, Xinlei, Tuo, Renyuan/Project Source Code/BattleDrum - Yang WANG/game/behaviors/input/mouseDownConstantForce.cs.
Loading compiled script C:/Users/Kin/Dropbox/Stevens/Fall 2011_Shared/Team Soybean - Yang, Xinlei, Tuo, Renyuan/Project Source Code/BattleDrum - Yang WANG/game/behaviors/input/genericInputAction.cs.
Loading compiled script C:/Users/Kin/Dropbox/Stevens/Fall 2011_Shared/Team Soybean - Yang, Xinlei, Tuo, Renyuan/Project Source Code/BattleDrum - Yang WANG/game/behaviors/input/followMouseEx.cs.
Loading compiled script C:/Users/Kin/Dropbox/Stevens/Fall 2011_Shared/Team Soybean - Yang, Xinlei, Tuo, Renyuan/Project Source Code/BattleDrum - Yang WANG/game/behaviors/input/followMouse.cs.
Loading compiled script C:/Users/Kin/Dropbox/Stevens/Fall 2011_Shared/Team Soybean - Yang, Xinlei, Tuo, Renyuan/Project Source Code/BattleDrum - Yang WANG/game/behaviors/input/fleeMouse.cs.
Loading compiled script C:/Users/Kin/Dropbox/Stevens/Fall 2011_Shared/Team Soybean - Yang, Xinlei, Tuo, Renyuan/Project Source Code/BattleDrum - Yang WANG/game/behaviors/input/faceMouse.cs.
Loading compiled script C:/Users/Kin/Dropbox/Stevens/Fall 2011_Shared/Team Soybean - Yang, Xinlei, Tuo, Renyuan/Project Source Code/BattleDrum - Yang WANG/game/behaviors/input/asteroidsControls.cs.
Loading compiled script C:/Users/Kin/Dropbox/Stevens/Fall 2011_Shared/Team Soybean - Yang, Xinlei, Tuo, Renyuan/Project Source Code/BattleDrum - Yang WANG/game/behaviors/input/alignToJoystick.cs.
Loading compiled script C:/Users/Kin/Dropbox/Stevens/Fall 2011_Shared/Team Soybean - Yang, Xinlei, Tuo, Renyuan/Project Source Code/BattleDrum - Yang WANG/game/behaviors/gui/objectOverlay.cs.
Loading compiled script C:/Users/Kin/Dropbox/Stevens/Fall 2011_Shared/Team Soybean - Yang, Xinlei, Tuo, Renyuan/Project Source Code/BattleDrum - Yang WANG/game/behaviors/gui/mouseOverGrow.cs.
Loading compiled script C:/Users/Kin/Dropbox/Stevens/Fall 2011_Shared/Team Soybean - Yang, Xinlei, Tuo, Renyuan/Project Source Code/BattleDrum - Yang WANG/game/behaviors/gui/genericButton.cs.
Loading compiled script C:/Users/Kin/Dropbox/Stevens/Fall 2011_Shared/Team Soybean - Yang, Xinlei, Tuo, Renyuan/Project Source Code/BattleDrum - Yang WANG/game/behaviors/game/worldLimitWrap.cs.
Loading compiled script C:/Users/Kin/Dropbox/Stevens/Fall 2011_Shared/Team Soybean - Yang, Xinlei, Tuo, Renyuan/Project Source Code/BattleDrum - Yang WANG/game/behaviors/game/template.cs.
Loading compiled script C:/Users/Kin/Dropbox/Stevens/Fall 2011_Shared/Team Soybean - Yang, Xinlei, Tuo, Renyuan/Project Source Code/BattleDrum - Yang WANG/game/behaviors/game/takesDamageAdv.cs.
Loading compiled script C:/Users/Kin/Dropbox/Stevens/Fall 2011_Shared/Team Soybean - Yang, Xinlei, Tuo, Renyuan/Project Source Code/BattleDrum - Yang WANG/game/behaviors/game/takesDamage.cs.
Loading compiled script C:/Users/Kin/Dropbox/Stevens/Fall 2011_Shared/Team Soybean - Yang, Xinlei, Tuo, Renyuan/Project Source Code/BattleDrum - Yang WANG/game/behaviors/game/shootsAdv.cs.
Loading compiled script C:/Users/Kin/Dropbox/Stevens/Fall 2011_Shared/Team Soybean - Yang, Xinlei, Tuo, Renyuan/Project Source Code/BattleDrum - Yang WANG/game/behaviors/game/shoots.cs.
Loading compiled script C:/Users/Kin/Dropbox/Stevens/Fall 2011_Shared/Team Soybean - Yang, Xinlei, Tuo, Renyuan/Project Source Code/BattleDrum - Yang WANG/game/behaviors/game/scoreShowHighest.cs.
Loading compiled script C:/Users/Kin/Dropbox/Stevens/Fall 2011_Shared/Team Soybean - Yang, Xinlei, Tuo, Renyuan/Project Source Code/BattleDrum - Yang WANG/game/behaviors/game/scoreOnEvent.cs.
Loading compiled script C:/Users/Kin/Dropbox/Stevens/Fall 2011_Shared/Team Soybean - Yang, Xinlei, Tuo, Renyuan/Project Source Code/BattleDrum - Yang WANG/game/behaviors/game/scoreBoard.cs.
Loading compiled script C:/Users/Kin/Dropbox/Stevens/Fall 2011_Shared/Team Soybean - Yang, Xinlei, Tuo, Renyuan/Project Source Code/BattleDrum - Yang WANG/game/behaviors/game/mouseDownDamage.cs.
Loading compiled script C:/Users/Kin/Dropbox/Stevens/Fall 2011_Shared/Team Soybean - Yang, Xinlei, Tuo, Renyuan/Project Source Code/BattleDrum - Yang WANG/game/behaviors/game/dealsDamageAdv.cs.
Loading compiled script C:/Users/Kin/Dropbox/Stevens/Fall 2011_Shared/Team Soybean - Yang, Xinlei, Tuo, Renyuan/Project Source Code/BattleDrum - Yang WANG/game/behaviors/game/dealsDamage.cs.
Loading compiled script C:/Users/Kin/Dropbox/Stevens/Fall 2011_Shared/Team Soybean - Yang, Xinlei, Tuo, Renyuan/Project Source Code/BattleDrum - Yang WANG/game/behaviors/game/basementTakedamage.cs.
Loading compiled script C:/Users/Kin/Dropbox/Stevens/Fall 2011_Shared/Team Soybean - Yang, Xinlei, Tuo, Renyuan/Project Source Code/BattleDrum - Yang WANG/game/behaviors/effects/worldLimitParticles.cs.
Loading compiled script C:/Users/Kin/Dropbox/Stevens/Fall 2011_Shared/Team Soybean - Yang, Xinlei, Tuo, Renyuan/Project Source Code/BattleDrum - Yang WANG/game/behaviors/effects/swapImageOnCollision.cs.
Loading compiled script C:/Users/Kin/Dropbox/Stevens/Fall 2011_Shared/Team Soybean - Yang, Xinlei, Tuo, Renyuan/Project Source Code/BattleDrum - Yang WANG/game/behaviors/effects/selfDestruct.cs.
Loading compiled script C:/Users/Kin/Dropbox/Stevens/Fall 2011_Shared/Team Soybean - Yang, Xinlei, Tuo, Renyuan/Project Source Code/BattleDrum - Yang WANG/game/behaviors/effects/fadeMask.cs.
Loading compiled script C:/Users/Kin/Dropbox/Stevens/Fall 2011_Shared/Team Soybean - Yang, Xinlei, Tuo, Renyuan/Project Source Code/BattleDrum - Yang WANG/game/behaviors/effects/contrail.cs.
Loading compiled script C:/Users/Kin/Dropbox/Stevens/Fall 2011_Shared/Team Soybean - Yang, Xinlei, Tuo, Renyuan/Project Source Code/BattleDrum - Yang WANG/game/behaviors/effects/collisionParticles.cs.
Loading compiled script C:/Users/Kin/Dropbox/Stevens/Fall 2011_Shared/Team Soybean - Yang, Xinlei, Tuo, Renyuan/Project Source Code/BattleDrum - Yang WANG/game/behaviors/effects/cameraMove.cs.
Loading compiled script C:/Users/Kin/Dropbox/Stevens/Fall 2011_Shared/Team Soybean - Yang, Xinlei, Tuo, Renyuan/Project Source Code/BattleDrum - Yang WANG/game/behaviors/ai/timerShootsAdv.cs.
Loading compiled script C:/Users/Kin/Dropbox/Stevens/Fall 2011_Shared/Team Soybean - Yang, Xinlei, Tuo, Renyuan/Project Source Code/BattleDrum - Yang WANG/game/behaviors/ai/timerShoots.cs.
Loading compiled script C:/Users/Kin/Dropbox/Stevens/Fall 2011_Shared/Team Soybean - Yang, Xinlei, Tuo, Renyuan/Project Source Code/BattleDrum - Yang WANG/game/behaviors/ai/spawnOnRemove.cs.
Loading compiled script C:/Users/Kin/Dropbox/Stevens/Fall 2011_Shared/Team Soybean - Yang, Xinlei, Tuo, Renyuan/Project Source Code/BattleDrum - Yang WANG/game/behaviors/ai/spawnGroup.cs.
Loading compiled script C:/Users/Kin/Dropbox/Stevens/Fall 2011_Shared/Team Soybean - Yang, Xinlei, Tuo, Renyuan/Project Source Code/BattleDrum - Yang WANG/game/behaviors/ai/spawnArea.cs.
Loading compiled script C:/Users/Kin/Dropbox/Stevens/Fall 2011_Shared/Team Soybean - Yang, Xinlei, Tuo, Renyuan/Project Source Code/BattleDrum - Yang WANG/game/behaviors/ai/randomVelocity.cs.
Loading compiled script C:/Users/Kin/Dropbox/Stevens/Fall 2011_Shared/Team Soybean - Yang, Xinlei, Tuo, Renyuan/Project Source Code/BattleDrum - Yang WANG/game/behaviors/ai/moveWave.cs.
Loading compiled script C:/Users/Kin/Dropbox/Stevens/Fall 2011_Shared/Team Soybean - Yang, Xinlei, Tuo, Renyuan/Project Source Code/BattleDrum - Yang WANG/game/behaviors/ai/moveToward.cs.
Loading compiled script C:/Users/Kin/Dropbox/Stevens/Fall 2011_Shared/Team Soybean - Yang, Xinlei, Tuo, Renyuan/Project Source Code/BattleDrum - Yang WANG/game/behaviors/ai/moveForward.cs.
Loading compiled script C:/Users/Kin/Dropbox/Stevens/Fall 2011_Shared/Team Soybean - Yang, Xinlei, Tuo, Renyuan/Project Source Code/BattleDrum - Yang WANG/game/behaviors/ai/mountToOnAdd.cs.
Loading compiled script C:/Users/Kin/Dropbox/Stevens/Fall 2011_Shared/Team Soybean - Yang, Xinlei, Tuo, Renyuan/Project Source Code/BattleDrum - Yang WANG/game/behaviors/ai/faceObject.cs.
Loading compiled script C:/Users/Kin/Dropbox/Stevens/Fall 2011_Shared/Team Soybean - Yang, Xinlei, Tuo, Renyuan/Project Source Code/BattleDrum - Yang WANG/game/gameScripts/guiProfiles.cs.
Loading compiled script C:/Users/Kin/Dropbox/Stevens/Fall 2011_Shared/Team Soybean - Yang, Xinlei, Tuo, Renyuan/Project Source Code/BattleDrum - Yang WANG/game/gui/mainScreen.gui.
Loading compiled script C:/Users/Kin/Dropbox/Stevens/Fall 2011_Shared/Team Soybean - Yang, Xinlei, Tuo, Renyuan/Project Source Code/BattleDrum - Yang WANG/game/gameScripts/game.cs.
Loading compiled script C:/Users/Kin/Dropbox/Stevens/Fall 2011_Shared/Team Soybean - Yang, Xinlei, Tuo, Renyuan/Project Source Code/BattleDrum - Yang WANG/game/gameScripts/clouds.cs.
Loading compiled script C:/Users/Kin/Dropbox/Stevens/Fall 2011_Shared/Team Soybean - Yang, Xinlei, Tuo, Renyuan/Project Source Code/BattleDrum - Yang WANG/game/gameScripts/archer.cs.
Loading compiled script C:/Users/Kin/Dropbox/Stevens/Fall 2011_Shared/Team Soybean - Yang, Xinlei, Tuo, Renyuan/Project Source Code/BattleDrum - Yang WANG/game/gameScripts/archer1.cs.
Loading compiled script C:/Users/Kin/Dropbox/Stevens/Fall 2011_Shared/Team Soybean - Yang, Xinlei, Tuo, Renyuan/Project Source Code/BattleDrum - Yang WANG/game/gameScripts/archer2.cs.
Loading compiled script C:/Users/Kin/Dropbox/Stevens/Fall 2011_Shared/Team Soybean - Yang, Xinlei, Tuo, Renyuan/Project Source Code/BattleDrum - Yang WANG/game/gameScripts/knights.cs.
Loading compiled script C:/Users/Kin/Dropbox/Stevens/Fall 2011_Shared/Team Soybean - Yang, Xinlei, Tuo, Renyuan/Project Source Code/BattleDrum - Yang WANG/game/gameScripts/knights1.cs.
Loading compiled script C:/Users/Kin/Dropbox/Stevens/Fall 2011_Shared/Team Soybean - Yang, Xinlei, Tuo, Renyuan/Project Source Code/BattleDrum - Yang WANG/game/gameScripts/shield.cs.
Loading compiled script C:/Users/Kin/Dropbox/Stevens/Fall 2011_Shared/Team Soybean - Yang, Xinlei, Tuo, Renyuan/Project Source Code/BattleDrum - Yang WANG/game/gameScripts/Infantry.cs.
Loading compiled script C:/Users/Kin/Dropbox/Stevens/Fall 2011_Shared/Team Soybean - Yang, Xinlei, Tuo, Renyuan/Project Source Code/BattleDrum - Yang WANG/game/gameScripts/Infantry1.cs.
Loading compiled script C:/Users/Kin/Dropbox/Stevens/Fall 2011_Shared/Team Soybean - Yang, Xinlei, Tuo, Renyuan/Project Source Code/BattleDrum - Yang WANG/game/gameScripts/health.cs.
Loading compiled script C:/Users/Kin/Dropbox/Stevens/Fall 2011_Shared/Team Soybean - Yang, Xinlei, Tuo, Renyuan/Project Source Code/BattleDrum - Yang WANG/game/gameScripts/shieldDefense.cs.
Loading compiled script C:/Users/Kin/Dropbox/Stevens/Fall 2011_Shared/Team Soybean - Yang, Xinlei, Tuo, Renyuan/Project Source Code/BattleDrum - Yang WANG/game/gameScripts/sun.cs.
Loading compiled script C:/Users/Kin/Dropbox/Stevens/Fall 2011_Shared/Team Soybean - Yang, Xinlei, Tuo, Renyuan/Project Source Code/BattleDrum - Yang WANG/game/gameScripts/pon.cs.
Loading compiled script C:/Users/Kin/Dropbox/Stevens/Fall 2011_Shared/Team Soybean - Yang, Xinlei, Tuo, Renyuan/Project Source Code/BattleDrum - Yang WANG/game/gameScripts/ta.cs.
Loading compiled script C:/Users/Kin/Dropbox/Stevens/Fall 2011_Shared/Team Soybean - Yang, Xinlei, Tuo, Renyuan/Project Source Code/BattleDrum - Yang WANG/game/gameScripts/pa.cs.
Loading compiled script C:/Users/Kin/Dropbox/Stevens/Fall 2011_Shared/Team Soybean - Yang, Xinlei, Tuo, Renyuan/Project Source Code/BattleDrum - Yang WANG/game/gameScripts/don.cs.
Loading compiled script C:/Users/Kin/Dropbox/Stevens/Fall 2011_Shared/Team Soybean - Yang, Xinlei, Tuo, Renyuan/Project Source Code/BattleDrum - Yang WANG/game/gameScripts/control.cs.
Loading compiled script C:/Users/Kin/Dropbox/Stevens/Fall 2011_Shared/Team Soybean - Yang, Xinlei, Tuo, Renyuan/Project Source Code/BattleDrum - Yang WANG/game/gameScripts/audioDatablocks.cs.
Loading compiled script C:/Users/Kin/Dropbox/Stevens/Fall 2011_Shared/Team Soybean - Yang, Xinlei, Tuo, Renyuan/Project Source Code/BattleDrum - Yang WANG/game/gameScripts/arrow.cs.
Loading compiled script C:/Users/Kin/Dropbox/Stevens/Fall 2011_Shared/Team Soybean - Yang, Xinlei, Tuo, Renyuan/Project Source Code/BattleDrum - Yang WANG/game/gameScripts/arrow1.cs.
Loading compiled script C:/Users/Kin/Dropbox/Stevens/Fall 2011_Shared/Team Soybean - Yang, Xinlei, Tuo, Renyuan/Project Source Code/BattleDrum - Yang WANG/game/gameScripts/bladeK.cs.
Loading compiled script C:/Users/Kin/Dropbox/Stevens/Fall 2011_Shared/Team Soybean - Yang, Xinlei, Tuo, Renyuan/Project Source Code/BattleDrum - Yang WANG/game/gameScripts/pause.cs.
Loading compiled script C:/Users/Kin/Dropbox/Stevens/Fall 2011_Shared/Team Soybean - Yang, Xinlei, Tuo, Renyuan/Project Source Code/BattleDrum - Yang WANG/game/gameScripts/resume.cs.
Loading compiled script C:/Users/Kin/Dropbox/Stevens/Fall 2011_Shared/Team Soybean - Yang, Xinlei, Tuo, Renyuan/Project Source Code/BattleDrum - Yang WANG/game/gameScripts/direction.cs.
Loading compiled script C:/Users/Kin/Dropbox/Stevens/Fall 2011_Shared/Team Soybean - Yang, Xinlei, Tuo, Renyuan/Project Source Code/BattleDrum - Yang WANG/game/gameScripts/directionButton.cs.
Loading compiled script C:/Users/Kin/Dropbox/Stevens/Fall 2011_Shared/Team Soybean - Yang, Xinlei, Tuo, Renyuan/Project Source Code/BattleDrum - Yang WANG/game/gameScripts/pauseImage.cs.
Loading compiled script C:/Users/Kin/Dropbox/Stevens/Fall 2011_Shared/Team Soybean - Yang, Xinlei, Tuo, Renyuan/Project Source Code/BattleDrum - Yang WANG/game/gameScripts/startImage.cs.
Loading compiled script C:/Users/Kin/Dropbox/Stevens/Fall 2011_Shared/Team Soybean - Yang, Xinlei, Tuo, Renyuan/Project Source Code/BattleDrum - Yang WANG/game/gameScripts/playButton.cs.
Loading compiled script C:/Users/Kin/Dropbox/Stevens/Fall 2011_Shared/Team Soybean - Yang, Xinlei, Tuo, Renyuan/Project Source Code/BattleDrum - Yang WANG/game/gameScripts/directionButtonStart.cs.
Loading compiled script C:/Users/Kin/Dropbox/Stevens/Fall 2011_Shared/Team Soybean - Yang, Xinlei, Tuo, Renyuan/Project Source Code/BattleDrum - Yang WANG/game/gameScripts/EnemyKnight1.cs.
Loading compiled script C:/Users/Kin/Dropbox/Stevens/Fall 2011_Shared/Team Soybean - Yang, Xinlei, Tuo, Renyuan/Project Source Code/BattleDrum - Yang WANG/game/gameScripts/directionS.cs.
Loading compiled script C:/Users/Kin/Dropbox/Stevens/Fall 2011_Shared/Team Soybean - Yang, Xinlei, Tuo, Renyuan/Project Source Code/BattleDrum - Yang WANG/game/gameScripts/bladeI.cs.
Loading compiled script C:/Users/Kin/Dropbox/Stevens/Fall 2011_Shared/Team Soybean - Yang, Xinlei, Tuo, Renyuan/Project Source Code/BattleDrum - Yang WANG/game/gameScripts/gameover.cs.
Loading compiled script C:/Users/Kin/Dropbox/Stevens/Fall 2011_Shared/Team Soybean - Yang, Xinlei, Tuo, Renyuan/Project Source Code/BattleDrum - Yang WANG/game/gameScripts/restart.cs.
Loading compiled script C:/Users/Kin/Dropbox/Stevens/Fall 2011_Shared/Team Soybean - Yang, Xinlei, Tuo, Renyuan/Project Source Code/BattleDrum - Yang WANG/game/gameScripts/directionBo.cs.
Activating DirectInput...
DirectInput joystick failed to enable!
Loading compiled script C:/Users/Kin/Dropbox/Stevens/Fall 2011_Shared/Team Soybean - Yang, Xinlei, Tuo, Renyuan/Project Source Code/BattleDrum - Yang WANG/game/data/levels/battlefield.t2d.
Error: cannot change namespace parent linkage of Knight from t2dAnimatedSprite to Knight.
game/behaviors/game/takesDamage.cs (26): Unknown command getFrame.
  Object Knight(1448) Knight -> t2dAnimatedSprite -> t2dSceneObject -> BehaviorComponent -> DynamicConsoleMethodComponent -> SimComponent -> SimObject
game/behaviors/game/takesDamage.cs (77): Unknown command setFrame.
  Object Knight(1448) Knight -> t2dAnimatedSprite -> t2dSceneObject -> BehaviorComponent -> DynamicConsoleMethodComponent -> SimComponent -> SimObject
game/behaviors/game/takesDamage.cs (26): Unknown command getFrame.
  Object Archer1(1450) Archer1 -> Archer -> t2dAnimatedSprite -> t2dSceneObject -> BehaviorComponent -> DynamicConsoleMethodComponent -> SimComponent -> SimObject
game/behaviors/game/takesDamage.cs (77): Unknown command setFrame.
  Object Archer1(1450) Archer1 -> Archer -> t2dAnimatedSprite -> t2dSceneObject -> BehaviorComponent -> DynamicConsoleMethodComponent -> SimComponent -> SimObject
Error: cannot change namespace parent linkage of arrow from t2dStaticSprite to arrow.
Error: cannot change namespace parent linkage of Shield from t2dAnimatedSprite to Shield.
game/behaviors/game/takesDamage.cs (26): Unknown command getFrame.
  Object Shield(1454) Shield -> t2dAnimatedSprite -> t2dSceneObject -> BehaviorComponent -> DynamicConsoleMethodComponent -> SimComponent -> SimObject
game/behaviors/game/takesDamage.cs (77): Unknown command setFrame.
  Object Shield(1454) Shield -> t2dAnimatedSprite -> t2dSceneObject -> BehaviorComponent -> DynamicConsoleMethodComponent -> SimComponent -> SimObject
Namespace::unlinkClass - cannot unlink namespace parent linkage for Archer for t2dAnimatedSprite.
Error: cannot change namespace parent linkage of Archer from t2dAnimatedSprite to Archer.
game/behaviors/game/takesDamage.cs (26): Unknown command getFrame.
  Object Archer(1456) Archer -> t2dAnimatedSprite -> t2dSceneObject -> BehaviorComponent -> DynamicConsoleMethodComponent -> SimComponent -> SimObject
game/behaviors/game/takesDamage.cs (77): Unknown command setFrame.
  Object Archer(1456) Archer -> t2dAnimatedSprite -> t2dSceneObject -> BehaviorComponent -> DynamicConsoleMethodComponent -> SimComponent -> SimObject
game/behaviors/game/takesDamage.cs (26): Unknown command getFrame.
  Object Knight1(1458) Knight1 -> Knight -> t2dAnimatedSprite -> t2dSceneObject -> BehaviorComponent -> DynamicConsoleMethodComponent -> SimComponent -> SimObject
game/behaviors/game/takesDamage.cs (77): Unknown command setFrame.
  Object Knight1(1458) Knight1 -> Knight -> t2dAnimatedSprite -> t2dSceneObject -> BehaviorComponent -> DynamicConsoleMethodComponent -> SimComponent -> SimObject
game/behaviors/game/takesDamage.cs (26): Unknown command getFrame.
  Object Infantry1(1460) Infantry1 -> Infantry -> t2dAnimatedSprite -> t2dSceneObject -> BehaviorComponent -> DynamicConsoleMethodComponent -> SimComponent -> SimObject
game/behaviors/game/takesDamage.cs (77): Unknown command setFrame.
  Object Infantry1(1460) Infantry1 -> Infantry -> t2dAnimatedSprite -> t2dSceneObject -> BehaviorComponent -> DynamicConsoleMethodComponent -> SimComponent -> SimObject
Error: cannot change namespace parent linkage of Pa from t2dStaticSprite to Pa.
Error: cannot change namespace parent linkage of Pon from t2dStaticSprite to Pon.
Error: cannot change namespace parent linkage of Ta from t2dStaticSprite to Ta.
Namespace::unlinkClass - cannot unlink namespace parent linkage for Infantry for t2dAnimatedSprite.
Error: cannot change namespace parent linkage of Infantry from t2dAnimatedSprite to Infantry.
game/behaviors/game/takesDamage.cs (26): Unknown command getFrame.
  Object Infantry(1466) Infantry -> t2dAnimatedSprite -> t2dSceneObject -> BehaviorComponent -> DynamicConsoleMethodComponent -> SimComponent -> SimObject
game/behaviors/game/takesDamage.cs (77): Unknown command setFrame.
  Object Infantry(1466) Infantry -> t2dAnimatedSprite -> t2dSceneObject -> BehaviorComponent -> DynamicConsoleMethodComponent -> SimComponent -> SimObject
Error: cannot change namespace parent linkage of arrow1 from t2dStaticSprite to arrow1.
Error: cannot change namespace parent linkage of BladeK from t2dStaticSprite to BladeK.
Error: cannot change namespace parent linkage of Resume from t2dStaticSprite to Resume.
Error: cannot change namespace parent linkage of DirectionButton from t2dStaticSprite to DirectionButton.
Error: cannot change namespace parent linkage of PauseImage from t2dStaticSprite to PauseImage.
Error: cannot change namespace parent linkage of BladeI from t2dStaticSprite to BladeI.
game/behaviors/game/takesDamage.cs (26): Unknown command getFrame.
  Object Archer2(1492) Archer2 -> Archer -> t2dAnimatedSprite -> t2dSceneObject -> BehaviorComponent -> DynamicConsoleMethodComponent -> SimComponent -> SimObject
game/behaviors/game/takesDamage.cs (77): Unknown command setFrame.
  Object Archer2(1492) Archer2 -> Archer -> t2dAnimatedSprite -> t2dSceneObject -> BehaviorComponent -> DynamicConsoleMethodComponent -> SimComponent -> SimObject
game/behaviors/game/takesDamage.cs (26): Unknown command getFrame.
  Object EnemyKnight(1494) EnemyKnight -> t2dAnimatedSprite -> t2dSceneObject -> BehaviorComponent -> DynamicConsoleMethodComponent -> SimComponent -> SimObject
game/behaviors/game/takesDamage.cs (77): Unknown command setFrame.
  Object EnemyKnight(1494) EnemyKnight -> t2dAnimatedSprite -> t2dSceneObject -> BehaviorComponent -> DynamicConsoleMethodComponent -> SimComponent -> SimObject
game/behaviors/game/takesDamage.cs (26): Unknown command getFrame.
  Object enemyinfantry(1501) enemyinfantry -> t2dAnimatedSprite -> t2dSceneObject -> BehaviorComponent -> DynamicConsoleMethodComponent -> SimComponent -> SimObject
game/behaviors/game/takesDamage.cs (77): Unknown command setFrame.
  Object enemyinfantry(1501) enemyinfantry -> t2dAnimatedSprite -> t2dSceneObject -> BehaviorComponent -> DynamicConsoleMethodComponent -> SimComponent -> SimObject
game/behaviors/game/takesDamage.cs (26): Unknown command getFrame.
  Object enemyinfantry2(1521) enemyinfantry2 -> t2dAnimatedSprite -> t2dSceneObject -> BehaviorComponent -> DynamicConsoleMethodComponent -> SimComponent -> SimObject
game/behaviors/game/takesDamage.cs (77): Unknown command setFrame.
  Object enemyinfantry2(1521) enemyinfantry2 -> t2dAnimatedSprite -> t2dSceneObject -> BehaviorComponent -> DynamicConsoleMethodComponent -> SimComponent -> SimObject
t2dSceneGraph::addToScene() - Object '1527' is already in a SceneGraph!.
game/behaviors/game/takesDamage.cs (26): Unknown command getFrame.
  Object enemyArcher(1530) enemyArcher -> t2dAnimatedSprite -> t2dSceneObject -> BehaviorComponent -> DynamicConsoleMethodComponent -> SimComponent -> SimObject
game/behaviors/game/takesDamage.cs (77): Unknown command setFrame.
  Object enemyArcher(1530) enemyArcher -> t2dAnimatedSprite -> t2dSceneObject -> BehaviorComponent -> DynamicConsoleMethodComponent -> SimComponent -> SimObject
game/behaviors/game/takesDamage.cs (26): Unknown command getFrame.
  Object enemyArcherB(1541) enemyArcherB -> t2dAnimatedSprite -> t2dSceneObject -> BehaviorComponent -> DynamicConsoleMethodComponent -> SimComponent -> SimObject
game/behaviors/game/takesDamage.cs (77): Unknown command setFrame.
  Object enemyArcherB(1541) enemyArcherB -> t2dAnimatedSprite -> t2dSceneObject -> BehaviorComponent -> DynamicConsoleMethodComponent -> SimComponent -> SimObject
t2dSceneGraph::addToScene() - Object '1548' is already in a SceneGraph!.
game/behaviors/game/takesDamage.cs (26): Unknown command getFrame.
  Object EnemyKnightB(1550) EnemyKnightB -> t2dAnimatedSprite -> t2dSceneObject -> BehaviorComponent -> DynamicConsoleMethodComponent -> SimComponent -> SimObject
game/behaviors/game/takesDamage.cs (77): Unknown command setFrame.
  Object EnemyKnightB(1550) EnemyKnightB -> t2dAnimatedSprite -> t2dSceneObject -> BehaviorComponent -> DynamicConsoleMethodComponent -> SimComponent -> SimObject
t2dSceneGraph::addToScene() - Object '1556' is already in a SceneGraph!.
game/behaviors/game/takesDamage.cs (26): Unknown command getFrame.
  Object enemyinfantry3(1558) enemyinfantry3 -> t2dAnimatedSprite -> t2dSceneObject -> BehaviorComponent -> DynamicConsoleMethodComponent -> SimComponent -> SimObject
game/behaviors/game/takesDamage.cs (77): Unknown command setFrame.
  Object enemyinfantry3(1558) enemyinfantry3 -> t2dAnimatedSprite -> t2dSceneObject -> BehaviorComponent -> DynamicConsoleMethodComponent -> SimComponent -> SimObject
t2dSceneGraph::addToScene() - Object '1564' is already in a SceneGraph!.
game/behaviors/game/takesDamage.cs (26): Unknown command getFrame.
  Object enemyArcherC(1566) enemyArcherC -> t2dAnimatedSprite -> t2dSceneObject -> BehaviorComponent -> DynamicConsoleMethodComponent -> SimComponent -> SimObject
game/behaviors/game/takesDamage.cs (77): Unknown command setFrame.
  Object enemyArcherC(1566) enemyArcherC -> t2dAnimatedSprite -> t2dSceneObject -> BehaviorComponent -> DynamicConsoleMethodComponent -> SimComponent -> SimObject
t2dSceneGraph::addToScene() - Object '1573' is already in a SceneGraph!.
Error: cannot change namespace parent linkage of ShieldDefense from t2dStaticSprite to ShieldDefense.
Error: cannot change namespace parent linkage of DirectionBo from t2dStaticSprite to DirectionBo.
DirectInput deactivated.
Activating DirectInput...
Count:  1
Time:  378.489
t2dSceneGraph::addToScene() - Object '1581' is already in a SceneGraph!.
game/behaviors/game/takesDamage.cs (26): Unknown command getFrame.
  Object (1581) t2dAnimatedSprite -> t2dSceneObject -> BehaviorComponent -> DynamicConsoleMethodComponent -> SimComponent -> SimObject
game/behaviors/game/takesDamage.cs (77): Unknown command setFrame.
  Object (1581) t2dAnimatedSprite -> t2dSceneObject -> BehaviorComponent -> DynamicConsoleMethodComponent -> SimComponent -> SimObject
t2dSceneGraph::addToScene() - Object '1587' is already in a SceneGraph!.
Count:  1
Time:  381.469
Count:  1
Time:  382.826
Count:  2
Time:  383.606
Count:  3
Time:  384.355
Count:  4
Time:  385.135
Namespace::unlinkClass - cannot unlink namespace parent linkage for BladeK for t2dStaticSprite.
Error: cannot change namespace parent linkage of BladeK from t2dStaticSprite to BladeK.
t2dSceneGraph::addToScene() - Object '1589' is already in a SceneGraph!.
Namespace::unlinkClass - cannot unlink namespace parent linkage for BladeK for t2dStaticSprite.
Error: cannot change namespace parent linkage of BladeK from t2dStaticSprite to BladeK.
t2dSceneGraph::addToScene() - Object '1591' is already in a SceneGraph!.
Namespace::unlinkClass - cannot unlink namespace parent linkage for arrow for t2dStaticSprite.
Error: cannot change namespace parent linkage of arrow from t2dStaticSprite to arrow.
t2dSceneGraph::addToScene() - Object '1593' is already in a SceneGraph!.
Namespace::unlinkClass - cannot unlink namespace parent linkage for arrow1 for t2dStaticSprite.
Error: cannot change namespace parent linkage of arrow1 from t2dStaticSprite to arrow1.
t2dSceneGraph::addToScene() - Object '1595' is already in a SceneGraph!.
Namespace::unlinkClass - cannot unlink namespace parent linkage for arrow1 for t2dStaticSprite.
Error: cannot change namespace parent linkage of arrow1 from t2dStaticSprite to arrow1.
t2dSceneGraph::addToScene() - Object '1597' is already in a SceneGraph!.
Namespace::unlinkClass - cannot unlink namespace parent linkage for BladeI for t2dStaticSprite.
Error: cannot change namespace parent linkage of BladeI from t2dStaticSprite to BladeI.
t2dSceneGraph::addToScene() - Object '1599' is already in a SceneGraph!.
Namespace::unlinkClass - cannot unlink namespace parent linkage for BladeI for t2dStaticSprite.
Error: cannot change namespace parent linkage of BladeI from t2dStaticSprite to BladeI.
t2dSceneGraph::addToScene() - Object '1601' is already in a SceneGraph!.
205: Unknown command.
215: Unknown command.
237: Unknown command.
247: Unknown command.
Count:  1
Time:  386.648
224: Unknown command.
228: Unknown command.
232: Unknown command.
Count:  2
Time:  387.49
Count:  3
Time:  388.317
t2dSceneGraph::addToScene() - Object '1603' is already in a SceneGraph!.
game/behaviors/game/takesDamage.cs (26): Unknown command getFrame.
  Object (1603) t2dAnimatedSprite -> t2dSceneObject -> BehaviorComponent -> DynamicConsoleMethodComponent -> SimComponent -> SimObject
game/behaviors/game/takesDamage.cs (77): Unknown command setFrame.
  Object (1603) t2dAnimatedSprite -> t2dSceneObject -> BehaviorComponent -> DynamicConsoleMethodComponent -> SimComponent -> SimObject
t2dSceneGraph::addToScene() - Object '1609' is already in a SceneGraph!.
Count:  4
Time:  389.144
Namespace::unlinkClass - cannot unlink namespace parent linkage for BladeK for t2dStaticSprite.
Error: cannot change namespace parent linkage of BladeK from t2dStaticSprite to BladeK.
t2dSceneGraph::addToScene() - Object '1611' is already in a SceneGraph!.
Namespace::unlinkClass - cannot unlink namespace parent linkage for BladeK for t2dStaticSprite.
Error: cannot change namespace parent linkage of BladeK from t2dStaticSprite to BladeK.
t2dSceneGraph::addToScene() - Object '1613' is already in a SceneGraph!.
Namespace::unlinkClass - cannot unlink namespace parent linkage for arrow for t2dStaticSprite.
Error: cannot change namespace parent linkage of arrow from t2dStaticSprite to arrow.
t2dSceneGraph::addToScene() - Object '1615' is already in a SceneGraph!.
Namespace::unlinkClass - cannot unlink namespace parent linkage for arrow1 for t2dStaticSprite.
Error: cannot change namespace parent linkage of arrow1 from t2dStaticSprite to arrow1.
t2dSceneGraph::addToScene() - Object '1617' is already in a SceneGraph!.
Namespace::unlinkClass - cannot unlink namespace parent linkage for arrow1 for t2dStaticSprite.
Error: cannot change namespace parent linkage of arrow1 from t2dStaticSprite to arrow1.
t2dSceneGraph::addToScene() - Object '1619' is already in a SceneGraph!.
Namespace::unlinkClass - cannot unlink namespace parent linkage for BladeI for t2dStaticSprite.
Error: cannot change namespace parent linkage of BladeI from t2dStaticSprite to BladeI.
t2dSceneGraph::addToScene() - Object '1621' is already in a SceneGraph!.
Namespace::unlinkClass - cannot unlink namespace parent linkage for BladeI for t2dStaticSprite.
Error: cannot change namespace parent linkage of BladeI from t2dStaticSprite to BladeI.
t2dSceneGraph::addToScene() - Object '1623' is already in a SceneGraph!.
341: Unknown command.
351: Unknown command.
373: Unknown command.
383: Unknown command.
360: Unknown command.
364: Unknown command.
368: Unknown command.
Count:  1
Time:  391.827
Count:  2
Time:  392.654
Count:  3
Time:  393.418
Count:  4
Time:  394.167
Namespace::unlinkClass - cannot unlink namespace parent linkage for ShieldDefense for t2dStaticSprite.
Error: cannot change namespace parent linkage of ShieldDefense from t2dStaticSprite to ShieldDefense.
t2dSceneGraph::addToScene() - Object '1625' is already in a SceneGraph!.
Count:  1
Time:  395.041
Count:  2
Time:  395.852
Count:  3
Time:  396.554
Count:  4
Time:  397.256
Namespace::unlinkClass - cannot unlink namespace parent linkage for ShieldDefense for t2dStaticSprite.
Error: cannot change namespace parent linkage of ShieldDefense from t2dStaticSprite to ShieldDefense.
t2dSceneGraph::addToScene() - Object '1628' is already in a SceneGraph!.
Count:  1
Time:  398.176
Count:  2
Time:  398.972
Count:  3
Time:  399.799
t2dSceneGraph::addToScene() - Object '1631' is already in a SceneGraph!.
game/behaviors/game/takesDamage.cs (26): Unknown command getFrame.
  Object (1631) t2dAnimatedSprite -> t2dSceneObject -> BehaviorComponent -> DynamicConsoleMethodComponent -> SimComponent -> SimObject
game/behaviors/game/takesDamage.cs (77): Unknown command setFrame.
  Object (1631) t2dAnimatedSprite -> t2dSceneObject -> BehaviorComponent -> DynamicConsoleMethodComponent -> SimComponent -> SimObject
t2dSceneGraph::addToScene() - Object '1637' is already in a SceneGraph!.
Count:  4
Time:  400.641
Namespace::unlinkClass - cannot unlink namespace parent linkage for BladeK for t2dStaticSprite.
Error: cannot change namespace parent linkage of BladeK from t2dStaticSprite to BladeK.
t2dSceneGraph::addToScene() - Object '1639' is already in a SceneGraph!.
Namespace::unlinkClass - cannot unlink namespace parent linkage for BladeK for t2dStaticSprite.
Error: cannot change namespace parent linkage of BladeK from t2dStaticSprite to BladeK.
t2dSceneGraph::addToScene() - Object '1641' is already in a SceneGraph!.
Namespace::unlinkClass - cannot unlink namespace parent linkage for arrow for t2dStaticSprite.
Error: cannot change namespace parent linkage of arrow from t2dStaticSprite to arrow.
t2dSceneGraph::addToScene() - Object '1643' is already in a SceneGraph!.
Namespace::unlinkClass - cannot unlink namespace parent linkage for arrow1 for t2dStaticSprite.
Error: cannot change namespace parent linkage of arrow1 from t2dStaticSprite to arrow1.
t2dSceneGraph::addToScene() - Object '1645' is already in a SceneGraph!.
Namespace::unlinkClass - cannot unlink namespace parent linkage for arrow1 for t2dStaticSprite.
Error: cannot change namespace parent linkage of arrow1 from t2dStaticSprite to arrow1.
t2dSceneGraph::addToScene() - Object '1647' is already in a SceneGraph!.
Namespace::unlinkClass - cannot unlink namespace parent linkage for BladeI for t2dStaticSprite.
Error: cannot change namespace parent linkage of BladeI from t2dStaticSprite to BladeI.
t2dSceneGraph::addToScene() - Object '1649' is already in a SceneGraph!.
Namespace::unlinkClass - cannot unlink namespace parent linkage for BladeI for t2dStaticSprite.
Error: cannot change namespace parent linkage of BladeI from t2dStaticSprite to BladeI.
t2dSceneGraph::addToScene() - Object '1651' is already in a SceneGraph!.
Count:  1
Time:  401.53
546: Unknown command.
556: Unknown command.
578: Unknown command.
588: Unknown command.
Count:  2
Time:  402.373
565: Unknown command.
569: Unknown command.
573: Unknown command.
Count:  3
Time:  403.231
Count:  4
Time:  404.089
Namespace::unlinkClass - cannot unlink namespace parent linkage for BladeK for t2dStaticSprite.
Error: cannot change namespace parent linkage of BladeK from t2dStaticSprite to BladeK.
t2dSceneGraph::addToScene() - Object '1653' is already in a SceneGraph!.
Namespace::unlinkClass - cannot unlink namespace parent linkage for BladeK for t2dStaticSprite.
Error: cannot change namespace parent linkage of BladeK from t2dStaticSprite to BladeK.
t2dSceneGraph::addToScene() - Object '1655' is already in a SceneGraph!.
Namespace::unlinkClass - cannot unlink namespace parent linkage for arrow for t2dStaticSprite.
Error: cannot change namespace parent linkage of arrow from t2dStaticSprite to arrow.
t2dSceneGraph::addToScene() - Object '1657' is already in a SceneGraph!.
Namespace::unlinkClass - cannot unlink namespace parent linkage for arrow1 for t2dStaticSprite.
Error: cannot change namespace parent linkage of arrow1 from t2dStaticSprite to arrow1.
t2dSceneGraph::addToScene() - Object '1659' is already in a SceneGraph!.
Namespace::unlinkClass - cannot unlink namespace parent linkage for arrow1 for t2dStaticSprite.
Error: cannot change namespace parent linkage of arrow1 from t2dStaticSprite to arrow1.
t2dSceneGraph::addToScene() - Object '1661' is already in a SceneGraph!.
Namespace::unlinkClass - cannot unlink namespace parent linkage for BladeI for t2dStaticSprite.
Error: cannot change namespace parent linkage of BladeI from t2dStaticSprite to BladeI.
t2dSceneGraph::addToScene() - Object '1663' is already in a SceneGraph!.
Namespace::unlinkClass - cannot unlink namespace parent linkage for BladeI for t2dStaticSprite.
Error: cannot change namespace parent linkage of BladeI from t2dStaticSprite to BladeI.
t2dSceneGraph::addToScene() - Object '1665' is already in a SceneGraph!.
Count:  1
Time:  405.04
666: Unknown command.
676: Unknown command.
698: Unknown command.
708: Unknown command.
Count:  2
Time:  406.055
685: Unknown command.
689: Unknown command.
693: Unknown command.
Count:  3
Time:  406.928
Count:  4
Time:  407.755
Namespace::unlinkClass - cannot unlink namespace parent linkage for BladeK for t2dStaticSprite.
Error: cannot change namespace parent linkage of BladeK from t2dStaticSprite to BladeK.
t2dSceneGraph::addToScene() - Object '1667' is already in a SceneGraph!.
Namespace::unlinkClass - cannot unlink namespace parent linkage for BladeK for t2dStaticSprite.
Error: cannot change namespace parent linkage of BladeK from t2dStaticSprite to BladeK.
t2dSceneGraph::addToScene() - Object '1669' is already in a SceneGraph!.
Namespace::unlinkClass - cannot unlink namespace parent linkage for arrow for t2dStaticSprite.
Error: cannot change namespace parent linkage of arrow from t2dStaticSprite to arrow.
t2dSceneGraph::addToScene() - Object '1671' is already in a SceneGraph!.
Namespace::unlinkClass - cannot unlink namespace parent linkage for arrow1 for t2dStaticSprite.
Error: cannot change namespace parent linkage of arrow1 from t2dStaticSprite to arrow1.
t2dSceneGraph::addToScene() - Object '1673' is already in a SceneGraph!.
Namespace::unlinkClass - cannot unlink namespace parent linkage for arrow1 for t2dStaticSprite.
Error: cannot change namespace parent linkage of arrow1 from t2dStaticSprite to arrow1.
t2dSceneGraph::addToScene() - Object '1675' is already in a SceneGraph!.
Namespace::unlinkClass - cannot unlink namespace parent linkage for BladeI for t2dStaticSprite.
Error: cannot change namespace parent linkage of BladeI from t2dStaticSprite to BladeI.
t2dSceneGraph::addToScene() - Object '1677' is already in a SceneGraph!.
Namespace::unlinkClass - cannot unlink namespace parent linkage for BladeI for t2dStaticSprite.
Error: cannot change namespace parent linkage of BladeI from t2dStaticSprite to BladeI.
t2dSceneGraph::addToScene() - Object '1679' is already in a SceneGraph!.
792: Unknown command.
802: Unknown command.
824: Unknown command.
834: Unknown command.
Count:  1
Time:  408.769
Count:  2
Time:  409.658
t2dSceneGraph::addToScene() - Object '1681' is already in a SceneGraph!.
game/behaviors/game/takesDamage.cs (26): Unknown command getFrame.
  Object (1681) t2dAnimatedSprite -> t2dSceneObject -> BehaviorComponent -> DynamicConsoleMethodComponent -> SimComponent -> SimObject
game/behaviors/game/takesDamage.cs (77): Unknown command setFrame.
  Object (1681) t2dAnimatedSprite -> t2dSceneObject -> BehaviorComponent -> DynamicConsoleMethodComponent -> SimComponent -> SimObject
t2dSceneGraph::addToScene() - Object '1687' is already in a SceneGraph!.
811: Unknown command.
815: Unknown command.
819: Unknown command.
Count:  3
Time:  410.516
Count:  4
Time:  411.343
Namespace::unlinkClass - cannot unlink namespace parent linkage for ShieldDefense for t2dStaticSprite.
Error: cannot change namespace parent linkage of ShieldDefense from t2dStaticSprite to ShieldDefense.
t2dSceneGraph::addToScene() - Object '1689' is already in a SceneGraph!.
Count:  1
Time:  412.17
Count:  2
Time:  413.028
Count:  3
Time:  413.823
Count:  4
Time:  414.681
Namespace::unlinkClass - cannot unlink namespace parent linkage for ShieldDefense for t2dStaticSprite.
Error: cannot change namespace parent linkage of ShieldDefense from t2dStaticSprite to ShieldDefense.
t2dSceneGraph::addToScene() - Object '1692' is already in a SceneGraph!.
Count:  1
Time:  415.555
Count:  2
Time:  416.397
Count:  3
Time:  417.146
Count:  4
Time:  417.864
Namespace::unlinkClass - cannot unlink namespace parent linkage for ShieldDefense for t2dStaticSprite.
Error: cannot change namespace parent linkage of ShieldDefense from t2dStaticSprite to ShieldDefense.
t2dSceneGraph::addToScene() - Object '1695' is already in a SceneGraph!.
Count:  1
Time:  418.737
Count:  2
Time:  419.486
Count:  3
Time:  420.282
t2dSceneGraph::addToScene() - Object '1698' is already in a SceneGraph!.
game/behaviors/game/takesDamage.cs (26): Unknown command getFrame.
  Object (1698) t2dAnimatedSprite -> t2dSceneObject -> BehaviorComponent -> DynamicConsoleMethodComponent -> SimComponent -> SimObject
game/behaviors/game/takesDamage.cs (77): Unknown command setFrame.
  Object (1698) t2dAnimatedSprite -> t2dSceneObject -> BehaviorComponent -> DynamicConsoleMethodComponent -> SimComponent -> SimObject
t2dSceneGraph::addToScene() - Object '1704' is already in a SceneGraph!.
Count:  4
Time:  421.077
Namespace::unlinkClass - cannot unlink namespace parent linkage for BladeK for t2dStaticSprite.
Error: cannot change namespace parent linkage of BladeK from t2dStaticSprite to BladeK.
t2dSceneGraph::addToScene() - Object '1706' is already in a SceneGraph!.
Namespace::unlinkClass - cannot unlink namespace parent linkage for BladeK for t2dStaticSprite.
Error: cannot change namespace parent linkage of BladeK from t2dStaticSprite to BladeK.
t2dSceneGraph::addToScene() - Object '1708' is already in a SceneGraph!.
Namespace::unlinkClass - cannot unlink namespace parent linkage for arrow for t2dStaticSprite.
Error: cannot change namespace parent linkage of arrow from t2dStaticSprite to arrow.
t2dSceneGraph::addToScene() - Object '1710' is already in a SceneGraph!.
Namespace::unlinkClass - cannot unlink namespace parent linkage for arrow1 for t2dStaticSprite.
Error: cannot change namespace parent linkage of arrow1 from t2dStaticSprite to arrow1.
t2dSceneGraph::addToScene() - Object '1712' is already in a SceneGraph!.
Namespace::unlinkClass - cannot unlink namespace parent linkage for arrow1 for t2dStaticSprite.
Error: cannot change namespace parent linkage of arrow1 from t2dStaticSprite to arrow1.
t2dSceneGraph::addToScene() - Object '1714' is already in a SceneGraph!.
Namespace::unlinkClass - cannot unlink namespace parent linkage for BladeI for t2dStaticSprite.
Error: cannot change namespace parent linkage of BladeI from t2dStaticSprite to BladeI.
t2dSceneGraph::addToScene() - Object '1716' is already in a SceneGraph!.
Namespace::unlinkClass - cannot unlink namespace parent linkage for BladeI for t2dStaticSprite.
Error: cannot change namespace parent linkage of BladeI from t2dStaticSprite to BladeI.
t2dSceneGraph::addToScene() - Object '1718' is already in a SceneGraph!.
Count:  1
Time:  422.045
1025: Unknown command.
1035: Unknown command.
1057: Unknown command.
1067: Unknown command.
Count:  2
Time:  422.887
1044: Unknown command.
1048: Unknown command.
1052: Unknown command.
Count:  3
Time:  423.729
t2dSceneGraph::addToScene() - Object '1720' is already in a SceneGraph!.
game/behaviors/game/takesDamage.cs (26): Unknown command getFrame.
  Object (1720) t2dAnimatedSprite -> t2dSceneObject -> BehaviorComponent -> DynamicConsoleMethodComponent -> SimComponent -> SimObject
game/behaviors/game/takesDamage.cs (77): Unknown command setFrame.
  Object (1720) t2dAnimatedSprite -> t2dSceneObject -> BehaviorComponent -> DynamicConsoleMethodComponent -> SimComponent -> SimObject
t2dSceneGraph::addToScene() - Object '1726' is already in a SceneGraph!.
Count:  4
Time:  424.509
Count:  1
Time:  425.289
Count:  2
Time:  426.054
Count:  3
Time:  426.787
Count:  4
Time:  427.536
Namespace::unlinkClass - cannot unlink namespace parent linkage for ShieldDefense for t2dStaticSprite.
Error: cannot change namespace parent linkage of ShieldDefense from t2dStaticSprite to ShieldDefense.
t2dSceneGraph::addToScene() - Object '1728' is already in a SceneGraph!.
Count:  1
Time:  428.285
Count:  2
Time:  429.033
Count:  3
Time:  429.798
t2dSceneGraph::addToScene() - Object '1731' is already in a SceneGraph!.
game/behaviors/game/takesDamage.cs (26): Unknown command getFrame.
  Object (1731) t2dAnimatedSprite -> t2dSceneObject -> BehaviorComponent -> DynamicConsoleMethodComponent -> SimComponent -> SimObject
game/behaviors/game/takesDamage.cs (77): Unknown command setFrame.
  Object (1731) t2dAnimatedSprite -> t2dSceneObject -> BehaviorComponent -> DynamicConsoleMethodComponent -> SimComponent -> SimObject
t2dSceneGraph::addToScene() - Object '1737' is already in a SceneGraph!.
Count:  4
Time:  430.547
Namespace::unlinkClass - cannot unlink namespace parent linkage for BladeK for t2dStaticSprite.
Error: cannot change namespace parent linkage of BladeK from t2dStaticSprite to BladeK.
t2dSceneGraph::addToScene() - Object '1739' is already in a SceneGraph!.
Namespace::unlinkClass - cannot unlink namespace parent linkage for BladeK for t2dStaticSprite.
Error: cannot change namespace parent linkage of BladeK from t2dStaticSprite to BladeK.
t2dSceneGraph::addToScene() - Object '1741' is already in a SceneGraph!.
Namespace::unlinkClass - cannot unlink namespace parent linkage for arrow for t2dStaticSprite.
Error: cannot change namespace parent linkage of arrow from t2dStaticSprite to arrow.
t2dSceneGraph::addToScene() - Object '1743' is already in a SceneGraph!.
Namespace::unlinkClass - cannot unlink namespace parent linkage for arrow1 for t2dStaticSprite.
Error: cannot change namespace parent linkage of arrow1 from t2dStaticSprite to arrow1.
t2dSceneGraph::addToScene() - Object '1745' is already in a SceneGraph!.
Namespace::unlinkClass - cannot unlink namespace parent linkage for arrow1 for t2dStaticSprite.
Error: cannot change namespace parent linkage of arrow1 from t2dStaticSprite to arrow1.
t2dSceneGraph::addToScene() - Object '1747' is already in a SceneGraph!.
Namespace::unlinkClass - cannot unlink namespace parent linkage for BladeI for t2dStaticSprite.
Error: cannot change namespace parent linkage of BladeI from t2dStaticSprite to BladeI.
t2dSceneGraph::addToScene() - Object '1749' is already in a SceneGraph!.
Namespace::unlinkClass - cannot unlink namespace parent linkage for BladeI for t2dStaticSprite.
Error: cannot change namespace parent linkage of BladeI from t2dStaticSprite to BladeI.
t2dSceneGraph::addToScene() - Object '1751' is already in a SceneGraph!.
Count:  1
Time:  431.373
1262: Unknown command.
1272: Unknown command.
1294: Unknown command.
1304: Unknown command.
Count:  2
Time:  432.325
1281: Unknown command.
1285: Unknown command.
1289: Unknown command.
Count:  1
Time:  433.261
Count:  2
Time:  433.994
Count:  3
Time:  434.774
Count:  4
Time:  435.554
Namespace::unlinkClass - cannot unlink namespace parent linkage for BladeK for t2dStaticSprite.
Error: cannot change namespace parent linkage of BladeK from t2dStaticSprite to BladeK.
t2dSceneGraph::addToScene() - Object '1753' is already in a SceneGraph!.
Namespace::unlinkClass - cannot unlink namespace parent linkage for BladeK for t2dStaticSprite.
Error: cannot change namespace parent linkage of BladeK from t2dStaticSprite to BladeK.
t2dSceneGraph::addToScene() - Object '1755' is already in a SceneGraph!.
Namespace::unlinkClass - cannot unlink namespace parent linkage for arrow for t2dStaticSprite.
Error: cannot change namespace parent linkage of arrow from t2dStaticSprite to arrow.
t2dSceneGraph::addToScene() - Object '1757' is already in a SceneGraph!.
Namespace::unlinkClass - cannot unlink namespace parent linkage for arrow1 for t2dStaticSprite.
Error: cannot change namespace parent linkage of arrow1 from t2dStaticSprite to arrow1.
t2dSceneGraph::addToScene() - Object '1759' is already in a SceneGraph!.
Namespace::unlinkClass - cannot unlink namespace parent linkage for arrow1 for t2dStaticSprite.
Error: cannot change namespace parent linkage of arrow1 from t2dStaticSprite to arrow1.
t2dSceneGraph::addToScene() - Object '1761' is already in a SceneGraph!.
Namespace::unlinkClass - cannot unlink namespace parent linkage for BladeI for t2dStaticSprite.
Error: cannot change namespace parent linkage of BladeI from t2dStaticSprite to BladeI.
t2dSceneGraph::addToScene() - Object '1763' is already in a SceneGraph!.
Namespace::unlinkClass - cannot unlink namespace parent linkage for BladeI for t2dStaticSprite.
Error: cannot change namespace parent linkage of BladeI from t2dStaticSprite to BladeI.
t2dSceneGraph::addToScene() - Object '1765' is already in a SceneGraph!.
Count:  1
Time:  436.428
1394: Unknown command.
1404: Unknown command.
1426: Unknown command.
1436: Unknown command.
Count:  2
Time:  437.161
1413: Unknown command.
1417: Unknown command.
1421: Unknown command.
Count:  3
Time:  437.957
Count:  4
Time:  438.69
Namespace::unlinkClass - cannot unlink namespace parent linkage for ShieldDefense for t2dStaticSprite.
Error: cannot change namespace parent linkage of ShieldDefense from t2dStaticSprite to ShieldDefense.
t2dSceneGraph::addToScene() - Object '1767' is already in a SceneGraph!.
Count:  1
Time:  439.454
Count:  2
Time:  440.219
t2dSceneGraph::addToScene() - Object '1770' is already in a SceneGraph!.
game/behaviors/game/takesDamage.cs (26): Unknown command getFrame.
  Object (1770) t2dAnimatedSprite -> t2dSceneObject -> BehaviorComponent -> DynamicConsoleMethodComponent -> SimComponent -> SimObject
game/behaviors/game/takesDamage.cs (77): Unknown command setFrame.
  Object (1770) t2dAnimatedSprite -> t2dSceneObject -> BehaviorComponent -> DynamicConsoleMethodComponent -> SimComponent -> SimObject
t2dSceneGraph::addToScene() - Object '1776' is already in a SceneGraph!.
Count:  3
Time:  440.968
Count:  4
Time:  441.748
Namespace::unlinkClass - cannot unlink namespace parent linkage for BladeK for t2dStaticSprite.
Error: cannot change namespace parent linkage of BladeK from t2dStaticSprite to BladeK.
t2dSceneGraph::addToScene() - Object '1778' is already in a SceneGraph!.
Namespace::unlinkClass - cannot unlink namespace parent linkage for BladeK for t2dStaticSprite.
Error: cannot change namespace parent linkage of BladeK from t2dStaticSprite to BladeK.
t2dSceneGraph::addToScene() - Object '1780' is already in a SceneGraph!.
Namespace::unlinkClass - cannot unlink namespace parent linkage for arrow for t2dStaticSprite.
Error: cannot change namespace parent linkage of arrow from t2dStaticSprite to arrow.
t2dSceneGraph::addToScene() - Object '1782' is already in a SceneGraph!.
Namespace::unlinkClass - cannot unlink namespace parent linkage for arrow1 for t2dStaticSprite.
Error: cannot change namespace parent linkage of arrow1 from t2dStaticSprite to arrow1.
t2dSceneGraph::addToScene() - Object '1784' is already in a SceneGraph!.
Namespace::unlinkClass - cannot unlink namespace parent linkage for arrow1 for t2dStaticSprite.
Error: cannot change namespace parent linkage of arrow1 from t2dStaticSprite to arrow1.
t2dSceneGraph::addToScene() - Object '1786' is already in a SceneGraph!.
Namespace::unlinkClass - cannot unlink namespace parent linkage for BladeI for t2dStaticSprite.
Error: cannot change namespace parent linkage of BladeI from t2dStaticSprite to BladeI.
t2dSceneGraph::addToScene() - Object '1788' is already in a SceneGraph!.
Namespace::unlinkClass - cannot unlink namespace parent linkage for BladeI for t2dStaticSprite.
Error: cannot change namespace parent linkage of BladeI from t2dStaticSprite to BladeI.
t2dSceneGraph::addToScene() - Object '1790' is already in a SceneGraph!.
Count:  1
Time:  442.668
1536: Unknown command.
1546: Unknown command.
1568: Unknown command.
1578: Unknown command.
Count:  2
Time:  443.479
1555: Unknown command.
1559: Unknown command.
1563: Unknown command.
Count:  3
Time:  444.322
Count:  4
Time:  445.242
Namespace::unlinkClass - cannot unlink namespace parent linkage for BladeK for t2dStaticSprite.
Error: cannot change namespace parent linkage of BladeK from t2dStaticSprite to BladeK.
t2dSceneGraph::addToScene() - Object '1792' is already in a SceneGraph!.
Namespace::unlinkClass - cannot unlink namespace parent linkage for BladeK for t2dStaticSprite.
Error: cannot change namespace parent linkage of BladeK from t2dStaticSprite to BladeK.
t2dSceneGraph::addToScene() - Object '1794' is already in a SceneGraph!.
Namespace::unlinkClass - cannot unlink namespace parent linkage for arrow for t2dStaticSprite.
Error: cannot change namespace parent linkage of arrow from t2dStaticSprite to arrow.
t2dSceneGraph::addToScene() - Object '1796' is already in a SceneGraph!.
Namespace::unlinkClass - cannot unlink namespace parent linkage for arrow1 for t2dStaticSprite.
Error: cannot change namespace parent linkage of arrow1 from t2dStaticSprite to arrow1.
t2dSceneGraph::addToScene() - Object '1798' is already in a SceneGraph!.
Namespace::unlinkClass - cannot unlink namespace parent linkage for arrow1 for t2dStaticSprite.
Error: cannot change namespace parent linkage of arrow1 from t2dStaticSprite to arrow1.
t2dSceneGraph::addToScene() - Object '1800' is already in a SceneGraph!.
Namespace::unlinkClass - cannot unlink namespace parent linkage for BladeI for t2dStaticSprite.
Error: cannot change namespace parent linkage of BladeI from t2dStaticSprite to BladeI.
t2dSceneGraph::addToScene() - Object '1802' is already in a SceneGraph!.
Namespace::unlinkClass - cannot unlink namespace parent linkage for BladeI for t2dStaticSprite.
Error: cannot change namespace parent linkage of BladeI from t2dStaticSprite to BladeI.
t2dSceneGraph::addToScene() - Object '1804' is already in a SceneGraph!.
Count:  1
Time:  446.209
1658: Unknown command.
1668: Unknown command.
1690: Unknown command.
1700: Unknown command.
Count:  2
Time:  447.052
1677: Unknown command.
1681: Unknown command.
1685: Unknown command.
Count:  3
Time:  448.003
Count:  4
Time:  448.908
Namespace::unlinkClass - cannot unlink namespace parent linkage for BladeK for t2dStaticSprite.
Error: cannot change namespace parent linkage of BladeK from t2dStaticSprite to BladeK.
t2dSceneGraph::addToScene() - Object '1806' is already in a SceneGraph!.
Namespace::unlinkClass - cannot unlink namespace parent linkage for BladeK for t2dStaticSprite.
Error: cannot change namespace parent linkage of BladeK from t2dStaticSprite to BladeK.
t2dSceneGraph::addToScene() - Object '1808' is already in a SceneGraph!.
Namespace::unlinkClass - cannot unlink namespace parent linkage for arrow for t2dStaticSprite.
Error: cannot change namespace parent linkage of arrow from t2dStaticSprite to arrow.
t2dSceneGraph::addToScene() - Object '1810' is already in a SceneGraph!.
Namespace::unlinkClass - cannot unlink namespace parent linkage for arrow1 for t2dStaticSprite.
Error: cannot change namespace parent linkage of arrow1 from t2dStaticSprite to arrow1.
t2dSceneGraph::addToScene() - Object '1812' is already in a SceneGraph!.
Namespace::unlinkClass - cannot unlink namespace parent linkage for arrow1 for t2dStaticSprite.
Error: cannot change namespace parent linkage of arrow1 from t2dStaticSprite to arrow1.
t2dSceneGraph::addToScene() - Object '1814' is already in a SceneGraph!.
Namespace::unlinkClass - cannot unlink namespace parent linkage for BladeI for t2dStaticSprite.
Error: cannot change namespace parent linkage of BladeI from t2dStaticSprite to BladeI.
t2dSceneGraph::addToScene() - Object '1816' is already in a SceneGraph!.
Namespace::unlinkClass - cannot unlink namespace parent linkage for BladeI for t2dStaticSprite.
Error: cannot change namespace parent linkage of BladeI from t2dStaticSprite to BladeI.
t2dSceneGraph::addToScene() - Object '1818' is already in a SceneGraph!.
1783: Unknown command.
1793: Unknown command.
1815: Unknown command.
1825: Unknown command.
Count:  1
Time:  449.969
Count:  2
Time:  450.874
1802: Unknown command.
1806: Unknown command.
1810: Unknown command.
t2dSceneGraph::addToScene() - Object '1820' is already in a SceneGraph!.
game/behaviors/game/takesDamage.cs (26): Unknown command getFrame.
  Object (1820) t2dAnimatedSprite -> t2dSceneObject -> BehaviorComponent -> DynamicConsoleMethodComponent -> SimComponent -> SimObject
game/behaviors/game/takesDamage.cs (77): Unknown command setFrame.
  Object (1820) t2dAnimatedSprite -> t2dSceneObject -> BehaviorComponent -> DynamicConsoleMethodComponent -> SimComponent -> SimObject
t2dSceneGraph::addToScene() - Object '1826' is already in a SceneGraph!.
Count:  3
Time:  451.716
Count:  4
Time:  452.605
Namespace::unlinkClass - cannot unlink namespace parent linkage for ShieldDefense for t2dStaticSprite.
Error: cannot change namespace parent linkage of ShieldDefense from t2dStaticSprite to ShieldDefense.
t2dSceneGraph::addToScene() - Object '1828' is already in a SceneGraph!.
Count:  1
Time:  453.401
Count:  2
Time:  454.243
Count:  3
Time:  455.086
Count:  4
Time:  455.959
Namespace::unlinkClass - cannot unlink namespace parent linkage for ShieldDefense for t2dStaticSprite.
Error: cannot change namespace parent linkage of ShieldDefense from t2dStaticSprite to ShieldDefense.
t2dSceneGraph::addToScene() - Object '1831' is already in a SceneGraph!.
Count:  1
Time:  456.817
Count:  2
Time:  457.644
Count:  3
Time:  458.44
Count:  1
Time:  459.282
Count:  2
Time:  460.062
Count:  3
Time:  460.795
t2dSceneGraph::addToScene() - Object '1834' is already in a SceneGraph!.
game/behaviors/game/takesDamage.cs (26): Unknown command getFrame.
  Object (1834) t2dAnimatedSprite -> t2dSceneObject -> BehaviorComponent -> DynamicConsoleMethodComponent -> SimComponent -> SimObject
game/behaviors/game/takesDamage.cs (77): Unknown command setFrame.
  Object (1834) t2dAnimatedSprite -> t2dSceneObject -> BehaviorComponent -> DynamicConsoleMethodComponent -> SimComponent -> SimObject
t2dSceneGraph::addToScene() - Object '1840' is already in a SceneGraph!.
Count:  1
Time:  461.762
Count:  2
Time:  462.558
Count:  3
Time:  463.322
Count:  4
Time:  464.149
Namespace::unlinkClass - cannot unlink namespace parent linkage for BladeK for t2dStaticSprite.
Error: cannot change namespace parent linkage of BladeK from t2dStaticSprite to BladeK.
t2dSceneGraph::addToScene() - Object '1842' is already in a SceneGraph!.
Namespace::unlinkClass - cannot unlink namespace parent linkage for BladeK for t2dStaticSprite.
Error: cannot change namespace parent linkage of BladeK from t2dStaticSprite to BladeK.
t2dSceneGraph::addToScene() - Object '1844' is already in a SceneGraph!.
Namespace::unlinkClass - cannot unlink namespace parent linkage for arrow for t2dStaticSprite.
Error: cannot change namespace parent linkage of arrow from t2dStaticSprite to arrow.
t2dSceneGraph::addToScene() - Object '1846' is already in a SceneGraph!.
Namespace::unlinkClass - cannot unlink namespace parent linkage for arrow1 for t2dStaticSprite.
Error: cannot change namespace parent linkage of arrow1 from t2dStaticSprite to arrow1.
t2dSceneGraph::addToScene() - Object '1848' is already in a SceneGraph!.
Namespace::unlinkClass - cannot unlink namespace parent linkage for arrow1 for t2dStaticSprite.
Error: cannot change namespace parent linkage of arrow1 from t2dStaticSprite to arrow1.
t2dSceneGraph::addToScene() - Object '1850' is already in a SceneGraph!.
Namespace::unlinkClass - cannot unlink namespace parent linkage for BladeI for t2dStaticSprite.
Error: cannot change namespace parent linkage of BladeI from t2dStaticSprite to BladeI.
t2dSceneGraph::addToScene() - Object '1852' is already in a SceneGraph!.
Namespace::unlinkClass - cannot unlink namespace parent linkage for BladeI for t2dStaticSprite.
Error: cannot change namespace parent linkage of BladeI from t2dStaticSprite to BladeI.
t2dSceneGraph::addToScene() - Object '1854' is already in a SceneGraph!.
Count:  1
Time:  465.148
2041: Unknown command.
2051: Unknown command.
2073: Unknown command.
2083: Unknown command.
Count:  2
Time:  466.006
2060: Unknown command.
2064: Unknown command.
2068: Unknown command.
Count:  3
Time:  466.832
Count:  4
Time:  467.659
Namespace::unlinkClass - cannot unlink namespace parent linkage for BladeK for t2dStaticSprite.
Error: cannot change namespace parent linkage of BladeK from t2dStaticSprite to BladeK.
t2dSceneGraph::addToScene() - Object '1856' is already in a SceneGraph!.
Namespace::unlinkClass - cannot unlink namespace parent linkage for BladeK for t2dStaticSprite.
Error: cannot change namespace parent linkage of BladeK from t2dStaticSprite to BladeK.
t2dSceneGraph::addToScene() - Object '1858' is already in a SceneGraph!.
Namespace::unlinkClass - cannot unlink namespace parent linkage for arrow for t2dStaticSprite.
Error: cannot change namespace parent linkage of arrow from t2dStaticSprite to arrow.
t2dSceneGraph::addToScene() - Object '1860' is already in a SceneGraph!.
Namespace::unlinkClass - cannot unlink namespace parent linkage for arrow1 for t2dStaticSprite.
Error: cannot change namespace parent linkage of arrow1 from t2dStaticSprite to arrow1.
t2dSceneGraph::addToScene() - Object '1862' is already in a SceneGraph!.
Namespace::unlinkClass - cannot unlink namespace parent linkage for arrow1 for t2dStaticSprite.
Error: cannot change namespace parent linkage of arrow1 from t2dStaticSprite to arrow1.
t2dSceneGraph::addToScene() - Object '1864' is already in a SceneGraph!.
Namespace::unlinkClass - cannot unlink namespace parent linkage for BladeI for t2dStaticSprite.
Error: cannot change namespace parent linkage of BladeI from t2dStaticSprite to BladeI.
t2dSceneGraph::addToScene() - Object '1866' is already in a SceneGraph!.
Namespace::unlinkClass - cannot unlink namespace parent linkage for BladeI for t2dStaticSprite.
Error: cannot change namespace parent linkage of BladeI from t2dStaticSprite to BladeI.
t2dSceneGraph::addToScene() - Object '1868' is already in a SceneGraph!.
Count:  1
Time:  468.658
2173: Unknown command.
2183: Unknown command.
2205: Unknown command.
2215: Unknown command.
Count:  2
Time:  469.547
2192: Unknown command.
2196: Unknown command.
2200: Unknown command.
t2dSceneGraph::addToScene() - Object '1870' is already in a SceneGraph!.
game/behaviors/game/takesDamage.cs (26): Unknown command getFrame.
  Object (1870) t2dAnimatedSprite -> t2dSceneObject -> BehaviorComponent -> DynamicConsoleMethodComponent -> SimComponent -> SimObject
game/behaviors/game/takesDamage.cs (77): Unknown command setFrame.
  Object (1870) t2dAnimatedSprite -> t2dSceneObject -> BehaviorComponent -> DynamicConsoleMethodComponent -> SimComponent -> SimObject
t2dSceneGraph::addToScene() - Object '1876' is already in a SceneGraph!.
Count:  3
Time:  470.405
Count:  4
Time:  471.247
Namespace::unlinkClass - cannot unlink namespace parent linkage for BladeK for t2dStaticSprite.
Error: cannot change namespace parent linkage of BladeK from t2dStaticSprite to BladeK.
t2dSceneGraph::addToScene() - Object '1878' is already in a SceneGraph!.
Namespace::unlinkClass - cannot unlink namespace parent linkage for BladeK for t2dStaticSprite.
Error: cannot change namespace parent linkage of BladeK from t2dStaticSprite to BladeK.
t2dSceneGraph::addToScene() - Object '1880' is already in a SceneGraph!.
Namespace::unlinkClass - cannot unlink namespace parent linkage for arrow for t2dStaticSprite.
Error: cannot change namespace parent linkage of arrow from t2dStaticSprite to arrow.
t2dSceneGraph::addToScene() - Object '1882' is already in a SceneGraph!.
Namespace::unlinkClass - cannot unlink namespace parent linkage for arrow1 for t2dStaticSprite.
Error: cannot change namespace parent linkage of arrow1 from t2dStaticSprite to arrow1.
t2dSceneGraph::addToScene() - Object '1884' is already in a SceneGraph!.
Namespace::unlinkClass - cannot unlink namespace parent linkage for arrow1 for t2dStaticSprite.
Error: cannot change namespace parent linkage of arrow1 from t2dStaticSprite to arrow1.
t2dSceneGraph::addToScene() - Object '1886' is already in a SceneGraph!.
Namespace::unlinkClass - cannot unlink namespace parent linkage for BladeI for t2dStaticSprite.
Error: cannot change namespace parent linkage of BladeI from t2dStaticSprite to BladeI.
t2dSceneGraph::addToScene() - Object '1888' is already in a SceneGraph!.
Namespace::unlinkClass - cannot unlink namespace parent linkage for BladeI for t2dStaticSprite.
Error: cannot change namespace parent linkage of BladeI from t2dStaticSprite to BladeI.
t2dSceneGraph::addToScene() - Object '1890' is already in a SceneGraph!.
Count:  1
Time:  472.246
2282: Unknown command.
2292: Unknown command.
2314: Unknown command.
2324: Unknown command.
Count:  2
Time:  473.119
2301: Unknown command.
2305: Unknown command.
2309: Unknown command.
Count:  3
Time:  473.946
Count:  4
Time:  474.726
Namespace::unlinkClass - cannot unlink namespace parent linkage for BladeK for t2dStaticSprite.
Error: cannot change namespace parent linkage of BladeK from t2dStaticSprite to BladeK.
t2dSceneGraph::addToScene() - Object '1892' is already in a SceneGraph!.
Namespace::unlinkClass - cannot unlink namespace parent linkage for BladeK for t2dStaticSprite.
Error: cannot change namespace parent linkage of BladeK from t2dStaticSprite to BladeK.
t2dSceneGraph::addToScene() - Object '1894' is already in a SceneGraph!.
Namespace::unlinkClass - cannot unlink namespace parent linkage for arrow for t2dStaticSprite.
Error: cannot change namespace parent linkage of arrow from t2dStaticSprite to arrow.
t2dSceneGraph::addToScene() - Object '1896' is already in a SceneGraph!.
Namespace::unlinkClass - cannot unlink namespace parent linkage for arrow1 for t2dStaticSprite.
Error: cannot change namespace parent linkage of arrow1 from t2dStaticSprite to arrow1.
t2dSceneGraph::addToScene() - Object '1898' is already in a SceneGraph!.
Namespace::unlinkClass - cannot unlink namespace parent linkage for arrow1 for t2dStaticSprite.
Error: cannot change namespace parent linkage of arrow1 from t2dStaticSprite to arrow1.
t2dSceneGraph::addToScene() - Object '1900' is already in a SceneGraph!.
Namespace::unlinkClass - cannot unlink namespace parent linkage for BladeI for t2dStaticSprite.
Error: cannot change namespace parent linkage of BladeI from t2dStaticSprite to BladeI.
t2dSceneGraph::addToScene() - Object '1902' is already in a SceneGraph!.
Namespace::unlinkClass - cannot unlink namespace parent linkage for BladeI for t2dStaticSprite.
Error: cannot change namespace parent linkage of BladeI from t2dStaticSprite to BladeI.
t2dSceneGraph::addToScene() - Object '1904' is already in a SceneGraph!.
Count:  1
Time:  475.631
2368: Unknown command.
2378: Unknown command.
2400: Unknown command.
2410: Unknown command.
Count:  2
Time:  476.52
2387: Unknown command.
2391: Unknown command.
2395: Unknown command.
Count:  3
Time:  477.331
Count:  4
Time:  478.127
Namespace::unlinkClass - cannot unlink namespace parent linkage for BladeK for t2dStaticSprite.
Error: cannot change namespace parent linkage of BladeK from t2dStaticSprite to BladeK.
t2dSceneGraph::addToScene() - Object '1906' is already in a SceneGraph!.
Namespace::unlinkClass - cannot unlink namespace parent linkage for BladeK for t2dStaticSprite.
Error: cannot change namespace parent linkage of BladeK from t2dStaticSprite to BladeK.
t2dSceneGraph::addToScene() - Object '1908' is already in a SceneGraph!.
Namespace::unlinkClass - cannot unlink namespace parent linkage for arrow for t2dStaticSprite.
Error: cannot change namespace parent linkage of arrow from t2dStaticSprite to arrow.
t2dSceneGraph::addToScene() - Object '1910' is already in a SceneGraph!.
Namespace::unlinkClass - cannot unlink namespace parent linkage for arrow1 for t2dStaticSprite.
Error: cannot change namespace parent linkage of arrow1 from t2dStaticSprite to arrow1.
t2dSceneGraph::addToScene() - Object '1912' is already in a SceneGraph!.
Namespace::unlinkClass - cannot unlink namespace parent linkage for arrow1 for t2dStaticSprite.
Error: cannot change namespace parent linkage of arrow1 from t2dStaticSprite to arrow1.
t2dSceneGraph::addToScene() - Object '1914' is already in a SceneGraph!.
Namespace::unlinkClass - cannot unlink namespace parent linkage for BladeI for t2dStaticSprite.
Error: cannot change namespace parent linkage of BladeI from t2dStaticSprite to BladeI.
t2dSceneGraph::addToScene() - Object '1916' is already in a SceneGraph!.
Namespace::unlinkClass - cannot unlink namespace parent linkage for BladeI for t2dStaticSprite.
Error: cannot change namespace parent linkage of BladeI from t2dStaticSprite to BladeI.
t2dSceneGraph::addToScene() - Object '1918' is already in a SceneGraph!.
2454: Unknown command.
2464: Unknown command.
2486: Unknown command.
2496: Unknown command.
2473: Unknown command.
2477: Unknown command.
2481: Unknown command.
t2dSceneGraph::addToScene() - Object '1920' is already in a SceneGraph!.
game/behaviors/game/takesDamage.cs (26): Unknown command getFrame.
  Object (1920) t2dAnimatedSprite -> t2dSceneObject -> BehaviorComponent -> DynamicConsoleMethodComponent -> SimComponent -> SimObject
game/behaviors/game/takesDamage.cs (77): Unknown command setFrame.
  Object (1920) t2dAnimatedSprite -> t2dSceneObject -> BehaviorComponent -> DynamicConsoleMethodComponent -> SimComponent -> SimObject
t2dSceneGraph::addToScene() - Object '1926' is already in a SceneGraph!.
DirectInput deactivated.
Namespace::unlinkClass - cannot unlink namespace parent linkage for DirectionBo for t2dStaticSprite.
Namespace::unlinkClass - cannot unlink namespace parent linkage for ShieldDefense for t2dStaticSprite.
Namespace::unlinkClass - cannot unlink namespace parent linkage for BladeI for t2dStaticSprite.
Namespace::unlinkClass - cannot unlink namespace parent linkage for PauseImage for t2dStaticSprite.
Namespace::unlinkClass - cannot unlink namespace parent linkage for DirectionButton for t2dStaticSprite.
Namespace::unlinkClass - cannot unlink namespace parent linkage for Resume for t2dStaticSprite.
Namespace::unlinkClass - cannot unlink namespace parent linkage for BladeK for t2dStaticSprite.
Namespace::unlinkClass - cannot unlink namespace parent linkage for arrow1 for t2dStaticSprite.
Namespace::unlinkClass - cannot unlink namespace parent linkage for Infantry for t2dAnimatedSprite.
Namespace::unlinkClass - cannot unlink namespace parent linkage for Ta for t2dStaticSprite.
Namespace::unlinkClass - cannot unlink namespace parent linkage for Pon for t2dStaticSprite.
Namespace::unlinkClass - cannot unlink namespace parent linkage for Pa for t2dStaticSprite.
Namespace::unlinkClass - cannot unlink namespace parent linkage for Archer for t2dAnimatedSprite.
Namespace::unlinkClass - cannot unlink namespace parent linkage for Shield for t2dAnimatedSprite.
Namespace::unlinkClass - cannot unlink namespace parent linkage for arrow for t2dStaticSprite.
Namespace::unlinkClass - cannot unlink namespace parent linkage for Knight for t2dAnimatedSprite.
Shutting down the OpenGL display device...
Making the GL rendering context not current...
Deleting the GL rendering context...
Releasing the device context...
